Oct 15,2018 11:25:37 [info]  Launching browser chrome 69.0.3497.100
Oct 15,2018 11:28:10 [info]  open application url: https://traderinteractive-dev.dev.cycletrader.com/
Oct 15,2018 11:28:10 [info]  Click Login link
Oct 15,2018 11:29:26 [info]  Get user name
Oct 15,2018 11:29:26 [info]  Get password
Oct 15,2018 11:29:26 [info]  Enter Email ID
Oct 15,2018 11:29:26 [info]  Enter Password
Oct 15,2018 11:29:27 [info]  Click on Sign in button
Oct 15,2018 11:30:20 [info]  Welcome to My Trader text on My Trader page
Oct 15,2018 11:30:26 [info]  Click on application logo in header
Oct 15,2018 11:32:49 [info]  Search tab enabled
Oct 15,2018 11:32:51 [info]  Launching browser chrome 69.0.3497.100
Oct 15,2018 11:32:56 [info]  open application url: https://traderinteractive-dev.dev.cycletrader.com/
Oct 15,2018 11:32:56 [info]  Search tab enabled
Oct 15,2018 11:33:02 [info]  Oct 15,2018 11:33:02 [info]  <<<<<<<<<<<<<<<<<<<<<<<<<<<<<<<<<< Error message >>>>>>>>>>>>>>>>>>>>>>>>>>>>>>
org.openqa.selenium.WebDriverException: chrome not reachable
  (Session info: chrome=69.0.3497.100)
  (Driver info: chromedriver=2.42.591088 (7b2b2dca23cca0862f674758c9a3933e685c27d5),platform=Windows NT 6.1.7601 SP1 x86_64) (WARNING: The server did not provide any stacktrace information)
Command duration or timeout: 0 milliseconds
Build info: version: '3.10.0', revision: '176b4a9', time: '2018-03-02T19:03:16.397Z'
System info: host: '360NDCLP093', ip: '10.148.0.224', os.name: 'Windows 7', os.arch: 'amd64', os.version: '6.1', java.version: '1.8.0_181'
Driver info: org.openqa.selenium.chrome.ChromeDriver
Capabilities {acceptInsecureCerts: false, acceptSslCerts: false, applicationCacheEnabled: false, browserConnectionEnabled: false, browserName: chrome, chrome: {chromedriverVersion: 2.42.591088 (7b2b2dca23cca0..., userDataDir: C:\Users\viveks\AppData\Loc...}, cssSelectorsEnabled: true, databaseEnabled: false, goog:chromeOptions: {debuggerAddress: localhost:53172}, handlesAlerts: true, hasTouchScreen: false, javascriptEnabled: true, locationContextEnabled: true, mobileEmulationEnabled: false, nativeEvents: true, networkConnectionEnabled: false, pageLoadStrategy: normal, platform: XP, platformName: XP, rotatable: false, setWindowRect: true, takesHeapSnapshot: true, takesScreenshot: true, unexpectedAlertBehaviour: , unhandledPromptBehavior: , version: 69.0.3497.100, webStorageEnabled: true}
Session ID: d8d83c7f6be38573dd1a74a21901a000
*** Element info: {Using=xpath, value=(//*[@id='oas_x55']/following-sibling::div//span)[1]}
	at sun.reflect.NativeConstructorAccessorImpl.newInstance0(Native Method)
	at sun.reflect.NativeConstructorAccessorImpl.newInstance(Unknown Source)
	at sun.reflect.DelegatingConstructorAccessorImpl.newInstance(Unknown Source)
	at java.lang.reflect.Constructor.newInstance(Unknown Source)
	at org.openqa.selenium.remote.ErrorHandler.createThrowable(ErrorHandler.java:214)
	at org.openqa.selenium.remote.ErrorHandler.throwIfResponseFailed(ErrorHandler.java:166)
	at org.openqa.selenium.remote.http.JsonHttpResponseCodec.reconstructValue(JsonHttpResponseCodec.java:40)
	at org.openqa.selenium.remote.http.AbstractHttpResponseCodec.decode(AbstractHttpResponseCodec.java:80)
	at org.openqa.selenium.remote.http.AbstractHttpResponseCodec.decode(AbstractHttpResponseCodec.java:44)
	at org.openqa.selenium.remote.HttpCommandExecutor.execute(HttpCommandExecutor.java:160)
	at org.openqa.selenium.remote.service.DriverCommandExecutor.execute(DriverCommandExecutor.java:83)
	at org.openqa.selenium.remote.RemoteWebDriver.execute(RemoteWebDriver.java:601)
	at org.openqa.selenium.remote.RemoteWebDriver.findElements(RemoteWebDriver.java:398)
	at org.openqa.selenium.remote.RemoteWebDriver.findElementsByXPath(RemoteWebDriver.java:477)
	at org.openqa.selenium.By$ByXPath.findElements(By.java:356)
	at org.openqa.selenium.remote.RemoteWebDriver.findElements(RemoteWebDriver.java:359)
	at com.trader.utils.DriverHelper.isElementPresent(DriverHelper.java:237)
	at com.trader.utils.DriverHelper.WaitForElementEnabled(DriverHelper.java:328)
	at com.trader.pagehelper.SearchHelper.assertSearchTab(SearchHelper.java:33)
	at com.trader.scripts.SmokeTest.ADImageRedirectOnDetailsPage(SmokeTest.java:724)
	at sun.reflect.NativeMethodAccessorImpl.invoke0(Native Method)
	at sun.reflect.NativeMethodAccessorImpl.invoke(Unknown Source)
	at sun.reflect.DelegatingMethodAccessorImpl.invoke(Unknown Source)
	at java.lang.reflect.Method.invoke(Unknown Source)
	at org.testng.internal.MethodInvocationHelper.invokeMethod(MethodInvocationHelper.java:124)
	at org.testng.internal.Invoker.invokeMethod(Invoker.java:583)
	at org.testng.internal.Invoker.invokeTestMethod(Invoker.java:719)
	at org.testng.internal.Invoker.invokeTestMethods(Invoker.java:989)
	at org.testng.internal.TestMethodWorker.invokeTestMethods(TestMethodWorker.java:125)
	at org.testng.internal.TestMethodWorker.run(TestMethodWorker.java:109)
	at org.testng.TestRunner.privateRun(TestRunner.java:648)
	at org.testng.TestRunner.run(TestRunner.java:505)
	at org.testng.SuiteRunner.runTest(SuiteRunner.java:455)
	at org.testng.SuiteRunner.runSequentially(SuiteRunner.java:450)
	at org.testng.SuiteRunner.privateRun(SuiteRunner.java:415)
	at org.testng.SuiteRunner.run(SuiteRunner.java:364)
	at org.testng.SuiteRunnerWorker.runSuite(SuiteRunnerWorker.java:52)
	at org.testng.SuiteRunnerWorker.run(SuiteRunnerWorker.java:84)
	at org.testng.TestNG.runSuitesSequentially(TestNG.java:1208)
	at org.testng.TestNG.runSuitesLocally(TestNG.java:1137)
	at org.testng.TestNG.runSuites(TestNG.java:1049)
	at org.testng.TestNG.run(TestNG.java:1017)
	at org.testng.remote.AbstractRemoteTestNG.run(AbstractRemoteTestNG.java:114)
	at org.testng.remote.RemoteTestNG.initAndRun(RemoteTestNG.java:251)
	at org.testng.remote.RemoteTestNG.main(RemoteTestNG.java:77)
Oct 15,2018 11:33:13 [info]  Oct 15,2018 11:33:13 [info]  <<<<<<<<<<<<<<<<<<<<<<<<<<<<<<<<<< Error message >>>>>>>>>>>>>>>>>>>>>>>>>>>>>>
org.openqa.selenium.NoSuchWindowException: no such window: target window already closed
from unknown error: web view not found
  (Session info: chrome=69.0.3497.100)
  (Driver info: chromedriver=2.42.591088 (7b2b2dca23cca0862f674758c9a3933e685c27d5),platform=Windows NT 6.1.7601 SP1 x86_64) (WARNING: The server did not provide any stacktrace information)
Command duration or timeout: 0 milliseconds
Build info: version: '3.10.0', revision: '176b4a9', time: '2018-03-02T19:03:16.397Z'
System info: host: '360NDCLP093', ip: '10.148.0.224', os.name: 'Windows 7', os.arch: 'amd64', os.version: '6.1', java.version: '1.8.0_181'
Driver info: org.openqa.selenium.chrome.ChromeDriver
Capabilities {acceptInsecureCerts: false, acceptSslCerts: false, applicationCacheEnabled: false, browserConnectionEnabled: false, browserName: chrome, chrome: {chromedriverVersion: 2.42.591088 (7b2b2dca23cca0..., userDataDir: C:\Users\viveks\AppData\Loc...}, cssSelectorsEnabled: true, databaseEnabled: false, goog:chromeOptions: {debuggerAddress: localhost:54713}, handlesAlerts: true, hasTouchScreen: false, javascriptEnabled: true, locationContextEnabled: true, mobileEmulationEnabled: false, nativeEvents: true, networkConnectionEnabled: false, pageLoadStrategy: normal, platform: XP, platformName: XP, rotatable: false, setWindowRect: true, takesHeapSnapshot: true, takesScreenshot: true, unexpectedAlertBehaviour: , unhandledPromptBehavior: , version: 69.0.3497.100, webStorageEnabled: true}
Session ID: 95b7174bd73dd044b25fc13dd3480a55
*** Element info: {Using=xpath, value=(//*[@id='oas_x55']/following-sibling::div//span)[1]}
	at sun.reflect.NativeConstructorAccessorImpl.newInstance0(Native Method)
	at sun.reflect.NativeConstructorAccessorImpl.newInstance(Unknown Source)
	at sun.reflect.DelegatingConstructorAccessorImpl.newInstance(Unknown Source)
	at java.lang.reflect.Constructor.newInstance(Unknown Source)
	at org.openqa.selenium.remote.ErrorHandler.createThrowable(ErrorHandler.java:214)
	at org.openqa.selenium.remote.ErrorHandler.throwIfResponseFailed(ErrorHandler.java:166)
	at org.openqa.selenium.remote.http.JsonHttpResponseCodec.reconstructValue(JsonHttpResponseCodec.java:40)
	at org.openqa.selenium.remote.http.AbstractHttpResponseCodec.decode(AbstractHttpResponseCodec.java:80)
	at org.openqa.selenium.remote.http.AbstractHttpResponseCodec.decode(AbstractHttpResponseCodec.java:44)
	at org.openqa.selenium.remote.HttpCommandExecutor.execute(HttpCommandExecutor.java:160)
	at org.openqa.selenium.remote.service.DriverCommandExecutor.execute(DriverCommandExecutor.java:83)
	at org.openqa.selenium.remote.RemoteWebDriver.execute(RemoteWebDriver.java:601)
	at org.openqa.selenium.remote.RemoteWebDriver.findElements(RemoteWebDriver.java:398)
	at org.openqa.selenium.remote.RemoteWebDriver.findElementsByXPath(RemoteWebDriver.java:477)
	at org.openqa.selenium.By$ByXPath.findElements(By.java:356)
	at org.openqa.selenium.remote.RemoteWebDriver.findElements(RemoteWebDriver.java:359)
	at com.trader.utils.DriverHelper.isElementPresent(DriverHelper.java:237)
	at com.trader.utils.DriverHelper.WaitForElementEnabled(DriverHelper.java:328)
	at com.trader.pagehelper.SearchHelper.assertSearchTab(SearchHelper.java:33)
	at com.trader.scripts.SmokeTest.advancedSearchLinkAtHome(SmokeTest.java:107)
	at sun.reflect.NativeMethodAccessorImpl.invoke0(Native Method)
	at sun.reflect.NativeMethodAccessorImpl.invoke(Unknown Source)
	at sun.reflect.DelegatingMethodAccessorImpl.invoke(Unknown Source)
	at java.lang.reflect.Method.invoke(Unknown Source)
	at org.testng.internal.MethodInvocationHelper.invokeMethod(MethodInvocationHelper.java:124)
	at org.testng.internal.Invoker.invokeMethod(Invoker.java:583)
	at org.testng.internal.Invoker.invokeTestMethod(Invoker.java:719)
	at org.testng.internal.Invoker.invokeTestMethods(Invoker.java:989)
	at org.testng.internal.TestMethodWorker.invokeTestMethods(TestMethodWorker.java:125)
	at org.testng.internal.TestMethodWorker.run(TestMethodWorker.java:109)
	at org.testng.TestRunner.privateRun(TestRunner.java:648)
	at org.testng.TestRunner.run(TestRunner.java:505)
	at org.testng.SuiteRunner.runTest(SuiteRunner.java:455)
	at org.testng.SuiteRunner.runSequentially(SuiteRunner.java:450)
	at org.testng.SuiteRunner.privateRun(SuiteRunner.java:415)
	at org.testng.SuiteRunner.run(SuiteRunner.java:364)
	at org.testng.SuiteRunnerWorker.runSuite(SuiteRunnerWorker.java:52)
	at org.testng.SuiteRunnerWorker.run(SuiteRunnerWorker.java:84)
	at org.testng.TestNG.runSuitesSequentially(TestNG.java:1208)
	at org.testng.TestNG.runSuitesLocally(TestNG.java:1137)
	at org.testng.TestNG.runSuites(TestNG.java:1049)
	at org.testng.TestNG.run(TestNG.java:1017)
	at org.testng.remote.AbstractRemoteTestNG.run(AbstractRemoteTestNG.java:114)
	at org.testng.remote.RemoteTestNG.initAndRun(RemoteTestNG.java:251)
	at org.testng.remote.RemoteTestNG.main(RemoteTestNG.java:77)
Oct 15,2018 11:33:26 [info]  Launching browser chrome 69.0.3497.100
Oct 15,2018 11:33:44 [info]  open application url: https://traderinteractive-dev.dev.cycletrader.com/
Oct 15,2018 11:33:44 [info]  Search tab enabled
Oct 15,2018 11:33:55 [info]  Click on Advanced Search link
Oct 15,2018 11:34:01 [info]  Motorcycles for Sale Page
Oct 15,2018 11:34:11 [info]  Oct 15,2018 11:34:11 [info]  <<<<<<<<<<<<<<<<<<<<<<<<<<<<<<<<<< Error message >>>>>>>>>>>>>>>>>>>>>>>>>>>>>>
java.lang.AssertionError: Element Locator ://div/*[contains(text(),'Find Motorcycles For Sale')] Not found expected [true] but found [false]
	at org.testng.Assert.fail(Assert.java:96)
	at org.testng.Assert.failNotEquals(Assert.java:776)
	at org.testng.Assert.assertTrue(Assert.java:44)
	at com.trader.pagehelper.SearchHelper.assertAdvancedSearchPage(SearchHelper.java:75)
	at com.trader.scripts.SmokeTest.advancedSearchLinkAtHome(SmokeTest.java:109)
	at sun.reflect.NativeMethodAccessorImpl.invoke0(Native Method)
	at sun.reflect.NativeMethodAccessorImpl.invoke(Unknown Source)
	at sun.reflect.DelegatingMethodAccessorImpl.invoke(Unknown Source)
	at java.lang.reflect.Method.invoke(Unknown Source)
	at org.testng.internal.MethodInvocationHelper.invokeMethod(MethodInvocationHelper.java:124)
	at org.testng.internal.Invoker.invokeMethod(Invoker.java:583)
	at org.testng.internal.Invoker.invokeTestMethod(Invoker.java:719)
	at org.testng.internal.Invoker.invokeTestMethods(Invoker.java:989)
	at org.testng.internal.TestMethodWorker.invokeTestMethods(TestMethodWorker.java:125)
	at org.testng.internal.TestMethodWorker.run(TestMethodWorker.java:109)
	at org.testng.TestRunner.privateRun(TestRunner.java:648)
	at org.testng.TestRunner.run(TestRunner.java:505)
	at org.testng.SuiteRunner.runTest(SuiteRunner.java:455)
	at org.testng.SuiteRunner.runSequentially(SuiteRunner.java:450)
	at org.testng.SuiteRunner.privateRun(SuiteRunner.java:415)
	at org.testng.SuiteRunner.run(SuiteRunner.java:364)
	at org.testng.SuiteRunnerWorker.runSuite(SuiteRunnerWorker.java:52)
	at org.testng.SuiteRunnerWorker.run(SuiteRunnerWorker.java:84)
	at org.testng.TestNG.runSuitesSequentially(TestNG.java:1208)
	at org.testng.TestNG.runSuitesLocally(TestNG.java:1137)
	at org.testng.TestNG.runSuites(TestNG.java:1049)
	at org.testng.TestNG.run(TestNG.java:1017)
	at org.testng.remote.AbstractRemoteTestNG.run(AbstractRemoteTestNG.java:114)
	at org.testng.remote.RemoteTestNG.initAndRun(RemoteTestNG.java:251)
	at org.testng.remote.RemoteTestNG.main(RemoteTestNG.java:77)
Oct 15,2018 11:39:41 [info]  Launching browser chrome 69.0.3497.100
Oct 15,2018 11:39:55 [info]  open application url: https://traderinteractive-dev.dev.cycletrader.com/
Oct 15,2018 11:39:55 [info]  Search tab enabled
Oct 15,2018 11:40:05 [info]  Click on Advanced Search link
Oct 15,2018 11:40:10 [info]  Motorcycles for Sale Page
Oct 15,2018 11:55:29 [info]  Launching browser chrome 69.0.3497.100
Oct 15,2018 11:55:45 [info]  open application url: https://traderinteractive-dev.dev.cycletrader.com/
Oct 15,2018 11:55:45 [info]  Search tab enabled
Oct 15,2018 11:55:55 [info]  Click on Advanced Search link
Oct 15,2018 11:56:00 [info]  Motorcycles for Sale Page
Oct 15,2018 11:56:36 [info]  Launching browser chrome 69.0.3497.100
Oct 15,2018 11:56:49 [info]  open application url: https://traderinteractive-dev.dev.cycletrader.com/
Oct 15,2018 11:56:49 [info]  Search tab enabled
Oct 15,2018 11:56:59 [info]  Click on Advanced Search link
Oct 15,2018 11:57:07 [info]  Motorcycles for Sale Page
Oct 15,2018 11:57:40 [info]  Launching browser chrome 69.0.3497.100
Oct 15,2018 11:57:55 [info]  open application url: https://traderinteractive-dev.dev.cycletrader.com/
Oct 15,2018 11:57:55 [info]  Search tab enabled
Oct 15,2018 11:58:05 [info]  Click on Advanced Search link
Oct 15,2018 11:58:11 [info]  Motorcycles for Sale Page
Oct 15,2018 12:05:11 [info]  Launching browser chrome 69.0.3497.100
Oct 15,2018 12:06:35 [info]  open application url: https://traderinteractive-dev.dev.cycletrader.com/
Oct 15,2018 12:06:35 [info]  Click on find button
Oct 15,2018 12:09:48 [info]  Click on Keyword option on Advaned Search
Oct 15,2018 12:09:54 [info]  Enter Keyword And Select Suggestion
Oct 15,2018 12:09:54 [info]  Get Keyword
Oct 15,2018 12:10:03 [info]  Click on update button under Keyword Option
Oct 15,2018 12:10:07 [info]  Wait for Updating Spinner
Oct 15,2018 12:10:11 [info]  Ad's Search Result page.
Oct 15,2018 12:22:49 [info]  Launching browser chrome 69.0.3497.100
Oct 15,2018 12:23:56 [info]  open application url: https://traderinteractive-dev.dev.cycletrader.com/
Oct 15,2018 12:23:56 [info]  Click on find button
Oct 15,2018 12:24:05 [info]  Click on Keyword option on Advaned Search
Oct 15,2018 12:24:33 [info]  Enter Keyword And Select Suggestion
Oct 15,2018 12:24:33 [info]  Get Keyword
Oct 15,2018 12:24:42 [info]  Click on update button under Keyword Option
Oct 15,2018 12:24:47 [info]  Wait for Updating Spinner
Oct 15,2018 12:24:51 [info]  Ad's Search Result page.
Oct 15,2018 12:31:42 [info]  Launching browser chrome 69.0.3497.100
Oct 15,2018 12:31:59 [info]  open application url: https://traderinteractive-dev.dev.cycletrader.com/
Oct 15,2018 12:31:59 [info]  Click On News Menu
Oct 15,2018 12:32:06 [info]  Assert News page
Oct 15,2018 14:45:29 [info]  Launching browser chrome 69.0.3497.100
Oct 15,2018 14:45:42 [info]  open application url: https://traderinteractive-dev.dev.cycletrader.com/
Oct 15,2018 14:45:42 [info]  Click on Popular Makes tab
Oct 15,2018 14:45:43 [info]  Click on Search All
Oct 15,2018 14:45:47 [info]  Assert BMW search result page.
Oct 15,2018 14:45:55 [info]  Assert ByType And ByState Links
Oct 15,2018 14:45:55 [info]  Click On By Type Link And Assert Result Page.
Oct 15,2018 15:12:22 [info]  Launching browser chrome 69.0.3497.100
Oct 15,2018 15:12:22 [info]  ATD-3: Log in with valid Credentials
Oct 15,2018 15:17:22 [info]  Click Login link
Oct 15,2018 15:18:07 [info]  Get user name
Oct 15,2018 15:18:07 [info]  Get password
Oct 15,2018 15:18:07 [info]  Enter Email ID
Oct 15,2018 15:18:07 [info]  Enter Password
Oct 15,2018 15:18:07 [info]  Click on Sign in button
Oct 15,2018 15:19:05 [info]  Welcome to My Trader text on My Trader page
Oct 15,2018 15:19:11 [info]  Click on More Hamburger Button
Oct 15,2018 15:19:11 [info]  Assert Hamburger listing and close icon
Oct 15,2018 15:19:17 [info]  Click on Sign out of My Trader link
Oct 15,2018 15:20:12 [info]  Assert successfully signout
Oct 15,2018 15:20:27 [info]  Launching browser chrome 69.0.3497.100
Oct 15,2018 15:20:27 [info]  ATD-5: Validation message is displayed when trying to login with invalid
Oct 15,2018 15:20:43 [info]  open application url: https://traderinteractive-dev.dev.cycletrader.com/
Oct 15,2018 15:20:43 [info]  Click Login link
Oct 15,2018 15:20:43 [info]  Oct 15,2018 15:20:43 [info]  <<<<<<<<<<<<<<<<<<<<<<<<<<<<<<<<<< Error message >>>>>>>>>>>>>>>>>>>>>>>>>>>>>>
org.openqa.selenium.NoSuchWindowException: no such window: target window already closed
from unknown error: web view not found
  (Session info: chrome=69.0.3497.100)
  (Driver info: chromedriver=2.42.591088 (7b2b2dca23cca0862f674758c9a3933e685c27d5),platform=Windows NT 6.1.7601 SP1 x86_64) (WARNING: The server did not provide any stacktrace information)
Command duration or timeout: 0 milliseconds
Build info: version: '3.10.0', revision: '176b4a9', time: '2018-03-02T19:03:16.397Z'
System info: host: '360NDCLP093', ip: '10.148.0.224', os.name: 'Windows 7', os.arch: 'amd64', os.version: '6.1', java.version: '1.8.0_181'
Driver info: org.openqa.selenium.chrome.ChromeDriver
Capabilities {acceptInsecureCerts: false, acceptSslCerts: false, applicationCacheEnabled: false, browserConnectionEnabled: false, browserName: chrome, chrome: {chromedriverVersion: 2.42.591088 (7b2b2dca23cca0..., userDataDir: C:\Users\viveks\AppData\Loc...}, cssSelectorsEnabled: true, databaseEnabled: false, goog:chromeOptions: {debuggerAddress: localhost:50731}, handlesAlerts: true, hasTouchScreen: false, javascriptEnabled: true, locationContextEnabled: true, mobileEmulationEnabled: false, nativeEvents: true, networkConnectionEnabled: false, pageLoadStrategy: normal, platform: XP, platformName: XP, rotatable: false, setWindowRect: true, takesHeapSnapshot: true, takesScreenshot: true, unexpectedAlertBehaviour: , unhandledPromptBehavior: , version: 69.0.3497.100, webStorageEnabled: true}
Session ID: 6be3104ad811630a48ea9c0c1cea5216
*** Element info: {Using=xpath, value=//*[text()='Log In']}
	at sun.reflect.NativeConstructorAccessorImpl.newInstance0(Native Method)
	at sun.reflect.NativeConstructorAccessorImpl.newInstance(Unknown Source)
	at sun.reflect.DelegatingConstructorAccessorImpl.newInstance(Unknown Source)
	at java.lang.reflect.Constructor.newInstance(Unknown Source)
	at org.openqa.selenium.remote.ErrorHandler.createThrowable(ErrorHandler.java:214)
	at org.openqa.selenium.remote.ErrorHandler.throwIfResponseFailed(ErrorHandler.java:166)
	at org.openqa.selenium.remote.http.JsonHttpResponseCodec.reconstructValue(JsonHttpResponseCodec.java:40)
	at org.openqa.selenium.remote.http.AbstractHttpResponseCodec.decode(AbstractHttpResponseCodec.java:80)
	at org.openqa.selenium.remote.http.AbstractHttpResponseCodec.decode(AbstractHttpResponseCodec.java:44)
	at org.openqa.selenium.remote.HttpCommandExecutor.execute(HttpCommandExecutor.java:160)
	at org.openqa.selenium.remote.service.DriverCommandExecutor.execute(DriverCommandExecutor.java:83)
	at org.openqa.selenium.remote.RemoteWebDriver.execute(RemoteWebDriver.java:601)
	at org.openqa.selenium.remote.RemoteWebDriver.findElements(RemoteWebDriver.java:398)
	at org.openqa.selenium.remote.RemoteWebDriver.findElementsByXPath(RemoteWebDriver.java:477)
	at org.openqa.selenium.By$ByXPath.findElements(By.java:356)
	at org.openqa.selenium.remote.RemoteWebDriver.findElements(RemoteWebDriver.java:359)
	at com.trader.utils.DriverHelper.isElementPresent(DriverHelper.java:237)
	at com.trader.utils.DriverHelper.WaitForElementPresent(DriverHelper.java:243)
	at com.trader.utils.DriverHelper.clickOn(DriverHelper.java:667)
	at com.trader.pagehelper.LoginHelper.clickOnLogInLink(LoginHelper.java:27)
	at com.trader.scripts.SmokeTest.verifyLoginWithInvalidCredentials(SmokeTest.java:42)
	at sun.reflect.NativeMethodAccessorImpl.invoke0(Native Method)
	at sun.reflect.NativeMethodAccessorImpl.invoke(Unknown Source)
	at sun.reflect.DelegatingMethodAccessorImpl.invoke(Unknown Source)
	at java.lang.reflect.Method.invoke(Unknown Source)
	at org.testng.internal.MethodInvocationHelper.invokeMethod(MethodInvocationHelper.java:124)
	at org.testng.internal.Invoker.invokeMethod(Invoker.java:583)
	at org.testng.internal.Invoker.invokeTestMethod(Invoker.java:719)
	at org.testng.internal.Invoker.invokeTestMethods(Invoker.java:989)
	at org.testng.internal.TestMethodWorker.invokeTestMethods(TestMethodWorker.java:125)
	at org.testng.internal.TestMethodWorker.run(TestMethodWorker.java:109)
	at org.testng.TestRunner.privateRun(TestRunner.java:648)
	at org.testng.TestRunner.run(TestRunner.java:505)
	at org.testng.SuiteRunner.runTest(SuiteRunner.java:455)
	at org.testng.SuiteRunner.runSequentially(SuiteRunner.java:450)
	at org.testng.SuiteRunner.privateRun(SuiteRunner.java:415)
	at org.testng.SuiteRunner.run(SuiteRunner.java:364)
	at org.testng.SuiteRunnerWorker.runSuite(SuiteRunnerWorker.java:52)
	at org.testng.SuiteRunnerWorker.run(SuiteRunnerWorker.java:84)
	at org.testng.TestNG.runSuitesSequentially(TestNG.java:1208)
	at org.testng.TestNG.runSuitesLocally(TestNG.java:1137)
	at org.testng.TestNG.runSuites(TestNG.java:1049)
	at org.testng.TestNG.run(TestNG.java:1017)
	at org.testng.remote.AbstractRemoteTestNG.run(AbstractRemoteTestNG.java:114)
	at org.testng.remote.RemoteTestNG.initAndRun(RemoteTestNG.java:251)
	at org.testng.remote.RemoteTestNG.main(RemoteTestNG.java:77)
Oct 15,2018 15:21:58 [info]  Launching browser chrome 69.0.3497.100
Oct 15,2018 15:23:43 [info]  open application url: https://traderinteractive-dev.dev.cycletrader.com/
Oct 15,2018 15:23:43 [info]  Click Login link
Oct 15,2018 15:23:56 [info]  Get user name
Oct 15,2018 15:23:56 [info]  Get password
Oct 15,2018 15:23:56 [info]  Enter Email ID
Oct 15,2018 15:23:57 [info]  Enter Password
Oct 15,2018 15:23:57 [info]  Click on Sign in button
Oct 15,2018 15:24:29 [info]  Welcome to My Trader text on My Trader page
Oct 15,2018 15:24:35 [info]  Click on application logo in header
Oct 15,2018 15:25:00 [info]  Search tab enabled
Oct 15,2018 15:25:10 [info]  Get Keyword
Oct 15,2018 15:25:10 [info]  Get Zip Code
Oct 15,2018 15:25:10 [info]  Get Radius
Oct 15,2018 15:25:10 [info]  Enter KeyWord
Oct 15,2018 15:25:11 [info]  Select Options from suggestion
Oct 15,2018 15:25:14 [info]  Enter Zip Code
Oct 15,2018 15:25:14 [info]  Select Radius
Oct 15,2018 15:25:15 [info]  Click on find button
Oct 15,2018 15:26:12 [info]  Ad's Search Result page.
Oct 15,2018 15:26:18 [info]  Click On Ad And Assert Ad Details Page
Oct 15,2018 15:26:22 [info]  2012 Honda Gold Wing AUDIO COMFORT NAVI XM
Oct 15,2018 15:27:10 [info]  Assert Listing Name
Oct 15,2018 15:27:10 [info]  Assert Listing Name2012 Honda Gold Wing AUDIO COMFORT NAVI XM
Oct 15,2018 15:27:10 [info]  Click on More Hamburger Button
Oct 15,2018 15:27:10 [info]  Assert Hamburger listing and close icon
Oct 15,2018 15:27:17 [info]  Click on Sign out of My Trader link
Oct 15,2018 15:27:57 [info]  Assert successfully signout
Oct 15,2018 16:52:08 [info]  Launching browser chrome 69.0.3497.100
Oct 15,2018 16:52:23 [info]  open application url: https://traderinteractive-dev.dev.cycletrader.com/
Oct 15,2018 16:52:23 [info]  Click on Popular Makes tab
Oct 15,2018 16:52:43 [info]  Click on Search All
Oct 15,2018 16:53:10 [info]  Assert BMW search result page.
Oct 15,2018 16:53:19 [info]  Assert Advanced Search Button.
