Oct 09,2018 13:39:07 [info]  Launching browser chrome 69.0.3497.100
Oct 09,2018 13:39:07 [info]  ATD-3: Log in with valid Credentials
Oct 09,2018 13:39:32 [info]  open application url: https://chrisryan-dev.dev.cycletrader.com/
Oct 09,2018 13:39:32 [info]  Click Login link
Oct 09,2018 13:39:38 [info]  Get user name
Oct 09,2018 13:39:38 [info]  Get password
Oct 09,2018 13:39:38 [info]  Enter Email ID
Oct 09,2018 13:39:39 [info]  Enter Password
Oct 09,2018 13:39:40 [info]  Click on Sign in button
Oct 09,2018 13:39:45 [info]  Welcome to My Trader text on My Trader page
Oct 09,2018 13:39:45 [info]  Click on More Hamburger Button
Oct 09,2018 13:39:45 [info]  Assert Hamburger listing and close icon
Oct 09,2018 13:39:46 [info]  Click on Sign out of My Trader link
Oct 09,2018 13:39:52 [info]  Assert successfully signout
Oct 09,2018 13:39:59 [info]  Launching browser chrome 69.0.3497.100
Oct 09,2018 13:39:59 [info]  ATD-5: Validation message is displayed when trying to login with invalid
Oct 09,2018 13:40:13 [info]  open application url: https://chrisryan-dev.dev.cycletrader.com/
Oct 09,2018 13:40:13 [info]  Click Login link
Oct 09,2018 13:40:20 [info]  Enter Email ID
Oct 09,2018 13:40:20 [info]  Enter Password
Oct 09,2018 13:40:21 [info]  Click on Sign in button
Oct 09,2018 13:40:25 [info]  User should fail to Login
Oct 09,2018 13:40:34 [info]  Launching browser chrome 69.0.3497.100
Oct 09,2018 13:40:51 [info]  open application url: https://chrisryan-dev.dev.cycletrader.com/
Oct 09,2018 13:40:51 [info]  Click on More Hamburger Button
Oct 09,2018 13:40:51 [info]  Assert Hamburger listing and close icon
Oct 09,2018 13:40:51 [info]  Welcome to My Trader text on My Trader page
Oct 09,2018 13:40:59 [info]  Click On Join My Trader Button
Oct 09,2018 13:41:04 [info]  Get Password
Oct 09,2018 13:41:04 [info]  Get Re-password
Oct 09,2018 13:41:04 [info]  Enter Email ID
Oct 09,2018 13:41:05 [info]  Enter Password
Oct 09,2018 13:41:05 [info]  Enter Re-Password
Oct 09,2018 13:41:05 [info]  Click On Join My Tader Button at Join Trader page
Oct 09,2018 13:41:10 [info]  Welcome to My Trader text on My Trader page
Oct 09,2018 13:41:10 [info]  Click on More Hamburger Button
Oct 09,2018 13:41:10 [info]  Assert Hamburger listing and close icon
Oct 09,2018 13:41:10 [info]  Click on Sign out of My Trader link
Oct 09,2018 13:41:14 [info]  Assert successfully signout
Oct 09,2018 13:41:25 [info]  Launching browser chrome 69.0.3497.100
Oct 09,2018 13:41:40 [info]  open application url: https://chrisryan-dev.dev.cycletrader.com/
Oct 09,2018 13:41:40 [info]  Click on More Hamburger Button
Oct 09,2018 13:41:40 [info]  Assert Hamburger listing and close icon
Oct 09,2018 13:41:40 [info]  Welcome to My Trader text on My Trader page
Oct 09,2018 13:41:48 [info]  Click On Join My Trader Button
Oct 09,2018 13:41:52 [info]  Get ExistingEmailID
Oct 09,2018 13:41:52 [info]  Get Password
Oct 09,2018 13:41:52 [info]  Get Re-password
Oct 09,2018 13:41:52 [info]  Enter Existing Email ID
Oct 09,2018 13:41:52 [info]  Enter Password
Oct 09,2018 13:41:52 [info]  Enter Re-Password
Oct 09,2018 13:41:53 [info]  Click On Join My Tader Button at Join Trader page
Oct 09,2018 13:41:56 [info]  User should fail to Sign Up with Existing email
Oct 09,2018 13:42:04 [info]  Launching browser chrome 69.0.3497.100
Oct 09,2018 13:42:30 [info]  open application url: https://chrisryan-dev.dev.cycletrader.com/
Oct 09,2018 13:42:30 [info]  Click on More Hamburger Button
Oct 09,2018 13:42:30 [info]  Assert Hamburger listing and close icon
Oct 09,2018 13:42:31 [info]  Welcome to My Trader text on My Trader page
Oct 09,2018 13:42:38 [info]  Click On Join My Trader Button
Oct 09,2018 13:42:42 [info]  Get Password
Oct 09,2018 13:42:42 [info]  Get Re-password
Oct 09,2018 13:42:42 [info]  Enter Existing Email ID
Oct 09,2018 13:42:42 [info]  Enter Password
Oct 09,2018 13:42:43 [info]  Enter Re-Password
Oct 09,2018 13:42:43 [info]  Click On Join My Tader Button at Join Trader page
Oct 09,2018 13:42:43 [info]  User should fail to Sign Up with invalid email
Oct 09,2018 13:42:52 [info]  Launching browser chrome 69.0.3497.100
Oct 09,2018 13:43:06 [info]  open application url: https://chrisryan-dev.dev.cycletrader.com/
Oct 09,2018 13:43:06 [info]  Search tab enabled
Oct 09,2018 13:43:12 [info]  Click on find button
Oct 09,2018 13:43:27 [info]  Motorcycles for Sale Page
Oct 09,2018 13:43:28 [info]  Oct 09,2018 13:43:28 [info]  <<<<<<<<<<<<<<<<<<<<<<<<<<<<<<<<<< Error message >>>>>>>>>>>>>>>>>>>>>>>>>>>>>>
java.lang.AssertionError: Element Locator ://*[@id='topicTitle']/em Not found expected [true] but found [false]
	at org.testng.Assert.fail(Assert.java:96)
	at org.testng.Assert.failNotEquals(Assert.java:776)
	at org.testng.Assert.assertTrue(Assert.java:44)
	at com.trader.pagehelper.SearchHelper.assertSearchResultPage(SearchHelper.java:54)
	at com.trader.scripts.SmokeTest.searchFromHome(SmokeTest.java:96)
	at sun.reflect.NativeMethodAccessorImpl.invoke0(Native Method)
	at sun.reflect.NativeMethodAccessorImpl.invoke(NativeMethodAccessorImpl.java:62)
	at sun.reflect.DelegatingMethodAccessorImpl.invoke(DelegatingMethodAccessorImpl.java:43)
	at java.lang.reflect.Method.invoke(Method.java:498)
	at org.testng.internal.MethodInvocationHelper.invokeMethod(MethodInvocationHelper.java:124)
	at org.testng.internal.Invoker.invokeMethod(Invoker.java:583)
	at org.testng.internal.Invoker.invokeTestMethod(Invoker.java:719)
	at org.testng.internal.Invoker.invokeTestMethods(Invoker.java:989)
	at org.testng.internal.TestMethodWorker.invokeTestMethods(TestMethodWorker.java:125)
	at org.testng.internal.TestMethodWorker.run(TestMethodWorker.java:109)
	at org.testng.TestRunner.privateRun(TestRunner.java:648)
	at org.testng.TestRunner.run(TestRunner.java:505)
	at org.testng.SuiteRunner.runTest(SuiteRunner.java:455)
	at org.testng.SuiteRunner.runSequentially(SuiteRunner.java:450)
	at org.testng.SuiteRunner.privateRun(SuiteRunner.java:415)
	at org.testng.SuiteRunner.run(SuiteRunner.java:364)
	at org.testng.SuiteRunnerWorker.runSuite(SuiteRunnerWorker.java:52)
	at org.testng.SuiteRunnerWorker.run(SuiteRunnerWorker.java:84)
	at org.testng.TestNG.runSuitesSequentially(TestNG.java:1208)
	at org.testng.TestNG.runSuitesLocally(TestNG.java:1137)
	at org.testng.TestNG.runSuites(TestNG.java:1049)
	at org.testng.TestNG.run(TestNG.java:1017)
	at org.apache.maven.surefire.testng.TestNGExecutor.run(TestNGExecutor.java:135)
	at org.apache.maven.surefire.testng.TestNGDirectoryTestSuite.executeMulti(TestNGDirectoryTestSuite.java:193)
	at org.apache.maven.surefire.testng.TestNGDirectoryTestSuite.execute(TestNGDirectoryTestSuite.java:94)
	at org.apache.maven.surefire.testng.TestNGProvider.invoke(TestNGProvider.java:146)
	at org.apache.maven.surefire.booter.ForkedBooter.invokeProviderInSameClassLoader(ForkedBooter.java:383)
	at org.apache.maven.surefire.booter.ForkedBooter.runSuitesInProcess(ForkedBooter.java:344)
	at org.apache.maven.surefire.booter.ForkedBooter.execute(ForkedBooter.java:125)
	at org.apache.maven.surefire.booter.ForkedBooter.main(ForkedBooter.java:417)
Oct 09,2018 13:43:34 [info]  Launching browser chrome 69.0.3497.100
Oct 09,2018 13:43:50 [info]  open application url: https://chrisryan-dev.dev.cycletrader.com/
Oct 09,2018 13:43:50 [info]  Search tab enabled
Oct 09,2018 13:43:55 [info]  Click on Advanced Search link
Oct 09,2018 13:44:03 [info]  Motorcycles for Sale Page
Oct 09,2018 13:44:12 [info]  Launching browser chrome 69.0.3497.100
Oct 09,2018 13:44:29 [info]  open application url: https://chrisryan-dev.dev.cycletrader.com/
Oct 09,2018 13:44:29 [info]  Search tab enabled
Oct 09,2018 13:44:37 [info]  Get Keyword
Oct 09,2018 13:44:38 [info]  Get Zip Code
Oct 09,2018 13:44:38 [info]  Get Radius
Oct 09,2018 13:44:38 [info]  Enter KeyWord
Oct 09,2018 13:44:42 [info]  Select Options from suggestion
Oct 09,2018 13:44:45 [info]  Enter Zip Code
Oct 09,2018 13:44:45 [info]  Select Radius
Oct 09,2018 13:44:46 [info]  Click on find button
Oct 09,2018 13:45:02 [info]  Ad's Search Result page.
Oct 09,2018 13:45:11 [info]  Launching browser chrome 69.0.3497.100
Oct 09,2018 13:50:11 [info]  Search tab enabled
Oct 09,2018 13:50:17 [info]  Click on Advanced Search link
Oct 09,2018 13:50:17 [info]  Motorcycles for Sale Page
Oct 09,2018 13:50:41 [info]  Oct 09,2018 13:50:41 [info]  <<<<<<<<<<<<<<<<<<<<<<<<<<<<<<<<<< Error message >>>>>>>>>>>>>>>>>>>>>>>>>>>>>>
java.lang.AssertionError: Element Locator ://section[@id='page-content-wrapper']//h1 Not found expected [true] but found [false]
	at org.testng.Assert.fail(Assert.java:96)
	at org.testng.Assert.failNotEquals(Assert.java:776)
	at org.testng.Assert.assertTrue(Assert.java:44)
	at com.trader.utils.DriverHelper.isTextPresent(DriverHelper.java:784)
	at com.trader.pagehelper.SearchHelper.assertAdvancedSearchPage(SearchHelper.java:74)
	at com.trader.scripts.SmokeTest.searchWithLocation(SmokeTest.java:133)
	at sun.reflect.NativeMethodAccessorImpl.invoke0(Native Method)
	at sun.reflect.NativeMethodAccessorImpl.invoke(NativeMethodAccessorImpl.java:62)
	at sun.reflect.DelegatingMethodAccessorImpl.invoke(DelegatingMethodAccessorImpl.java:43)
	at java.lang.reflect.Method.invoke(Method.java:498)
	at org.testng.internal.MethodInvocationHelper.invokeMethod(MethodInvocationHelper.java:124)
	at org.testng.internal.Invoker.invokeMethod(Invoker.java:583)
	at org.testng.internal.Invoker.invokeTestMethod(Invoker.java:719)
	at org.testng.internal.Invoker.invokeTestMethods(Invoker.java:989)
	at org.testng.internal.TestMethodWorker.invokeTestMethods(TestMethodWorker.java:125)
	at org.testng.internal.TestMethodWorker.run(TestMethodWorker.java:109)
	at org.testng.TestRunner.privateRun(TestRunner.java:648)
	at org.testng.TestRunner.run(TestRunner.java:505)
	at org.testng.SuiteRunner.runTest(SuiteRunner.java:455)
	at org.testng.SuiteRunner.runSequentially(SuiteRunner.java:450)
	at org.testng.SuiteRunner.privateRun(SuiteRunner.java:415)
	at org.testng.SuiteRunner.run(SuiteRunner.java:364)
	at org.testng.SuiteRunnerWorker.runSuite(SuiteRunnerWorker.java:52)
	at org.testng.SuiteRunnerWorker.run(SuiteRunnerWorker.java:84)
	at org.testng.TestNG.runSuitesSequentially(TestNG.java:1208)
	at org.testng.TestNG.runSuitesLocally(TestNG.java:1137)
	at org.testng.TestNG.runSuites(TestNG.java:1049)
	at org.testng.TestNG.run(TestNG.java:1017)
	at org.apache.maven.surefire.testng.TestNGExecutor.run(TestNGExecutor.java:135)
	at org.apache.maven.surefire.testng.TestNGDirectoryTestSuite.executeMulti(TestNGDirectoryTestSuite.java:193)
	at org.apache.maven.surefire.testng.TestNGDirectoryTestSuite.execute(TestNGDirectoryTestSuite.java:94)
	at org.apache.maven.surefire.testng.TestNGProvider.invoke(TestNGProvider.java:146)
	at org.apache.maven.surefire.booter.ForkedBooter.invokeProviderInSameClassLoader(ForkedBooter.java:383)
	at org.apache.maven.surefire.booter.ForkedBooter.runSuitesInProcess(ForkedBooter.java:344)
	at org.apache.maven.surefire.booter.ForkedBooter.execute(ForkedBooter.java:125)
	at org.apache.maven.surefire.booter.ForkedBooter.main(ForkedBooter.java:417)
Oct 09,2018 13:50:50 [info]  Launching browser chrome 69.0.3497.100
Oct 09,2018 13:50:50 [info]  open application url: https://chrisryan-dev.dev.cycletrader.com/
Oct 09,2018 13:50:50 [info]  Search tab enabled
Oct 09,2018 13:51:19 [info]  Oct 09,2018 13:51:19 [info]  <<<<<<<<<<<<<<<<<<<<<<<<<<<<<<<<<< Error message >>>>>>>>>>>>>>>>>>>>>>>>>>>>>>
java.lang.AssertionError: Element Locator ://*[@class='homeSearchTab h2 white col-xs-5 col-sm-4 col-md-5'] Not found expected [true] but found [false]
	at org.testng.Assert.fail(Assert.java:96)
	at org.testng.Assert.failNotEquals(Assert.java:776)
	at org.testng.Assert.assertTrue(Assert.java:44)
	at com.trader.utils.DriverHelper.isTextPresent(DriverHelper.java:784)
	at com.trader.pagehelper.SearchHelper.assertSearchTab(SearchHelper.java:34)
	at com.trader.scripts.SmokeTest.advancedSearchWithKeyword(SmokeTest.java:145)
	at sun.reflect.NativeMethodAccessorImpl.invoke0(Native Method)
	at sun.reflect.NativeMethodAccessorImpl.invoke(NativeMethodAccessorImpl.java:62)
	at sun.reflect.DelegatingMethodAccessorImpl.invoke(DelegatingMethodAccessorImpl.java:43)
	at java.lang.reflect.Method.invoke(Method.java:498)
	at org.testng.internal.MethodInvocationHelper.invokeMethod(MethodInvocationHelper.java:124)
	at org.testng.internal.Invoker.invokeMethod(Invoker.java:583)
	at org.testng.internal.Invoker.invokeTestMethod(Invoker.java:719)
	at org.testng.internal.Invoker.invokeTestMethods(Invoker.java:989)
	at org.testng.internal.TestMethodWorker.invokeTestMethods(TestMethodWorker.java:125)
	at org.testng.internal.TestMethodWorker.run(TestMethodWorker.java:109)
	at org.testng.TestRunner.privateRun(TestRunner.java:648)
	at org.testng.TestRunner.run(TestRunner.java:505)
	at org.testng.SuiteRunner.runTest(SuiteRunner.java:455)
	at org.testng.SuiteRunner.runSequentially(SuiteRunner.java:450)
	at org.testng.SuiteRunner.privateRun(SuiteRunner.java:415)
	at org.testng.SuiteRunner.run(SuiteRunner.java:364)
	at org.testng.SuiteRunnerWorker.runSuite(SuiteRunnerWorker.java:52)
	at org.testng.SuiteRunnerWorker.run(SuiteRunnerWorker.java:84)
	at org.testng.TestNG.runSuitesSequentially(TestNG.java:1208)
	at org.testng.TestNG.runSuitesLocally(TestNG.java:1137)
	at org.testng.TestNG.runSuites(TestNG.java:1049)
	at org.testng.TestNG.run(TestNG.java:1017)
	at org.apache.maven.surefire.testng.TestNGExecutor.run(TestNGExecutor.java:135)
	at org.apache.maven.surefire.testng.TestNGDirectoryTestSuite.executeMulti(TestNGDirectoryTestSuite.java:193)
	at org.apache.maven.surefire.testng.TestNGDirectoryTestSuite.execute(TestNGDirectoryTestSuite.java:94)
	at org.apache.maven.surefire.testng.TestNGProvider.invoke(TestNGProvider.java:146)
	at org.apache.maven.surefire.booter.ForkedBooter.invokeProviderInSameClassLoader(ForkedBooter.java:383)
	at org.apache.maven.surefire.booter.ForkedBooter.runSuitesInProcess(ForkedBooter.java:344)
	at org.apache.maven.surefire.booter.ForkedBooter.execute(ForkedBooter.java:125)
	at org.apache.maven.surefire.booter.ForkedBooter.main(ForkedBooter.java:417)
Oct 09,2018 13:51:26 [info]  Launching browser chrome 69.0.3497.100
Oct 09,2018 13:51:27 [info]  open application url: https://chrisryan-dev.dev.cycletrader.com/
Oct 09,2018 13:51:27 [info]  Search tab enabled
Oct 09,2018 13:51:55 [info]  Oct 09,2018 13:51:55 [info]  <<<<<<<<<<<<<<<<<<<<<<<<<<<<<<<<<< Error message >>>>>>>>>>>>>>>>>>>>>>>>>>>>>>
java.lang.AssertionError: Element Locator ://*[@class='homeSearchTab h2 white col-xs-5 col-sm-4 col-md-5'] Not found expected [true] but found [false]
	at org.testng.Assert.fail(Assert.java:96)
	at org.testng.Assert.failNotEquals(Assert.java:776)
	at org.testng.Assert.assertTrue(Assert.java:44)
	at com.trader.utils.DriverHelper.isTextPresent(DriverHelper.java:784)
	at com.trader.pagehelper.SearchHelper.assertSearchTab(SearchHelper.java:34)
	at com.trader.scripts.SmokeTest.advancedSearchWithAllRefineOptions(SmokeTest.java:162)
	at sun.reflect.NativeMethodAccessorImpl.invoke0(Native Method)
	at sun.reflect.NativeMethodAccessorImpl.invoke(NativeMethodAccessorImpl.java:62)
	at sun.reflect.DelegatingMethodAccessorImpl.invoke(DelegatingMethodAccessorImpl.java:43)
	at java.lang.reflect.Method.invoke(Method.java:498)
	at org.testng.internal.MethodInvocationHelper.invokeMethod(MethodInvocationHelper.java:124)
	at org.testng.internal.Invoker.invokeMethod(Invoker.java:583)
	at org.testng.internal.Invoker.invokeTestMethod(Invoker.java:719)
	at org.testng.internal.Invoker.invokeTestMethods(Invoker.java:989)
	at org.testng.internal.TestMethodWorker.invokeTestMethods(TestMethodWorker.java:125)
	at org.testng.internal.TestMethodWorker.run(TestMethodWorker.java:109)
	at org.testng.TestRunner.privateRun(TestRunner.java:648)
	at org.testng.TestRunner.run(TestRunner.java:505)
	at org.testng.SuiteRunner.runTest(SuiteRunner.java:455)
	at org.testng.SuiteRunner.runSequentially(SuiteRunner.java:450)
	at org.testng.SuiteRunner.privateRun(SuiteRunner.java:415)
	at org.testng.SuiteRunner.run(SuiteRunner.java:364)
	at org.testng.SuiteRunnerWorker.runSuite(SuiteRunnerWorker.java:52)
	at org.testng.SuiteRunnerWorker.run(SuiteRunnerWorker.java:84)
	at org.testng.TestNG.runSuitesSequentially(TestNG.java:1208)
	at org.testng.TestNG.runSuitesLocally(TestNG.java:1137)
	at org.testng.TestNG.runSuites(TestNG.java:1049)
	at org.testng.TestNG.run(TestNG.java:1017)
	at org.apache.maven.surefire.testng.TestNGExecutor.run(TestNGExecutor.java:135)
	at org.apache.maven.surefire.testng.TestNGDirectoryTestSuite.executeMulti(TestNGDirectoryTestSuite.java:193)
	at org.apache.maven.surefire.testng.TestNGDirectoryTestSuite.execute(TestNGDirectoryTestSuite.java:94)
	at org.apache.maven.surefire.testng.TestNGProvider.invoke(TestNGProvider.java:146)
	at org.apache.maven.surefire.booter.ForkedBooter.invokeProviderInSameClassLoader(ForkedBooter.java:383)
	at org.apache.maven.surefire.booter.ForkedBooter.runSuitesInProcess(ForkedBooter.java:344)
	at org.apache.maven.surefire.booter.ForkedBooter.execute(ForkedBooter.java:125)
	at org.apache.maven.surefire.booter.ForkedBooter.main(ForkedBooter.java:417)
Oct 09,2018 13:52:02 [info]  Launching browser chrome 69.0.3497.100
Oct 09,2018 13:52:05 [info]  open application url: https://chrisryan-dev.dev.cycletrader.com/
Oct 09,2018 13:52:05 [info]  Click on Popular Makes tab
Oct 09,2018 13:53:00 [info]  Oct 09,2018 13:53:00 [info]  <<<<<<<<<<<<<<<<<<<<<<<<<<<<<<<<<< Error message >>>>>>>>>>>>>>>>>>>>>>>>>>>>>>
java.lang.AssertionError: Element Locator ://div[@id='browse-section']//a[contains(text(),'Makes')] Not found expected [true] but found [false]
	at org.testng.Assert.fail(Assert.java:96)
	at org.testng.Assert.failNotEquals(Assert.java:776)
	at org.testng.Assert.assertTrue(Assert.java:44)
	at com.trader.utils.DriverHelper.clickOn(DriverHelper.java:665)
	at com.trader.pagehelper.HomeHelper.clickOnPopularMakesTab(HomeHelper.java:37)
	at com.trader.scripts.SmokeTest.searchWithPopularMakes(SmokeTest.java:182)
	at sun.reflect.NativeMethodAccessorImpl.invoke0(Native Method)
	at sun.reflect.NativeMethodAccessorImpl.invoke(NativeMethodAccessorImpl.java:62)
	at sun.reflect.DelegatingMethodAccessorImpl.invoke(DelegatingMethodAccessorImpl.java:43)
	at java.lang.reflect.Method.invoke(Method.java:498)
	at org.testng.internal.MethodInvocationHelper.invokeMethod(MethodInvocationHelper.java:124)
	at org.testng.internal.Invoker.invokeMethod(Invoker.java:583)
	at org.testng.internal.Invoker.invokeTestMethod(Invoker.java:719)
	at org.testng.internal.Invoker.invokeTestMethods(Invoker.java:989)
	at org.testng.internal.TestMethodWorker.invokeTestMethods(TestMethodWorker.java:125)
	at org.testng.internal.TestMethodWorker.run(TestMethodWorker.java:109)
	at org.testng.TestRunner.privateRun(TestRunner.java:648)
	at org.testng.TestRunner.run(TestRunner.java:505)
	at org.testng.SuiteRunner.runTest(SuiteRunner.java:455)
	at org.testng.SuiteRunner.runSequentially(SuiteRunner.java:450)
	at org.testng.SuiteRunner.privateRun(SuiteRunner.java:415)
	at org.testng.SuiteRunner.run(SuiteRunner.java:364)
	at org.testng.SuiteRunnerWorker.runSuite(SuiteRunnerWorker.java:52)
	at org.testng.SuiteRunnerWorker.run(SuiteRunnerWorker.java:84)
	at org.testng.TestNG.runSuitesSequentially(TestNG.java:1208)
	at org.testng.TestNG.runSuitesLocally(TestNG.java:1137)
	at org.testng.TestNG.runSuites(TestNG.java:1049)
	at org.testng.TestNG.run(TestNG.java:1017)
	at org.apache.maven.surefire.testng.TestNGExecutor.run(TestNGExecutor.java:135)
	at org.apache.maven.surefire.testng.TestNGDirectoryTestSuite.executeMulti(TestNGDirectoryTestSuite.java:193)
	at org.apache.maven.surefire.testng.TestNGDirectoryTestSuite.execute(TestNGDirectoryTestSuite.java:94)
	at org.apache.maven.surefire.testng.TestNGProvider.invoke(TestNGProvider.java:146)
	at org.apache.maven.surefire.booter.ForkedBooter.invokeProviderInSameClassLoader(ForkedBooter.java:383)
	at org.apache.maven.surefire.booter.ForkedBooter.runSuitesInProcess(ForkedBooter.java:344)
	at org.apache.maven.surefire.booter.ForkedBooter.execute(ForkedBooter.java:125)
	at org.apache.maven.surefire.booter.ForkedBooter.main(ForkedBooter.java:417)
Oct 09,2018 13:53:08 [info]  Launching browser chrome 69.0.3497.100
Oct 09,2018 13:53:11 [info]  open application url: https://chrisryan-dev.dev.cycletrader.com/
Oct 09,2018 13:53:11 [info]  Click on Popular Makes tab
Oct 09,2018 13:53:48 [info]  Click on Search All
Oct 09,2018 13:53:53 [info]  Assert BMW search result page.
Oct 09,2018 13:53:54 [info]  Click on Browse All Icon at Sale By Makes
Oct 09,2018 13:53:54 [info]  Assert Sales By Makes links
Oct 09,2018 13:54:03 [info]  Launching browser chrome 69.0.3497.100
Oct 09,2018 13:54:16 [info]  open application url: https://chrisryan-dev.dev.cycletrader.com/
Oct 09,2018 13:54:16 [info]  Click on Popular Makes tab
Oct 09,2018 13:54:16 [info]  Click on Search All
Oct 09,2018 13:54:22 [info]  Assert BMW search result page.
Oct 09,2018 13:54:22 [info]  Click on Browse All Icon at Sale By Makes
Oct 09,2018 13:54:22 [info]  Assert Sales By Makes links
Oct 09,2018 13:54:23 [info]  Click On BMW Link
Oct 09,2018 13:54:34 [info]  Assert BMW search result page.
Oct 09,2018 13:54:34 [info]  Click On All Makes Breadcrumb Link
Oct 09,2018 13:54:37 [info]  Click on Browse All Icon at Sale By Makes
Oct 09,2018 13:55:33 [info]  Oct 09,2018 13:55:33 [info]  <<<<<<<<<<<<<<<<<<<<<<<<<<<<<<<<<< Error message >>>>>>>>>>>>>>>>>>>>>>>>>>>>>>
java.lang.AssertionError: Element Locator ://a[@class='browseBtnAll'] Not found expected [true] but found [false]
	at org.testng.Assert.fail(Assert.java:96)
	at org.testng.Assert.failNotEquals(Assert.java:776)
	at org.testng.Assert.assertTrue(Assert.java:44)
	at com.trader.utils.DriverHelper.clickOn(DriverHelper.java:665)
	at com.trader.pagehelper.SearchHelper.clickOnBrowseAllMakes(SearchHelper.java:624)
	at com.trader.scripts.SmokeTest.searchWithMakesLink(SmokeTest.java:226)
	at sun.reflect.NativeMethodAccessorImpl.invoke0(Native Method)
	at sun.reflect.NativeMethodAccessorImpl.invoke(NativeMethodAccessorImpl.java:62)
	at sun.reflect.DelegatingMethodAccessorImpl.invoke(DelegatingMethodAccessorImpl.java:43)
	at java.lang.reflect.Method.invoke(Method.java:498)
	at org.testng.internal.MethodInvocationHelper.invokeMethod(MethodInvocationHelper.java:124)
	at org.testng.internal.Invoker.invokeMethod(Invoker.java:583)
	at org.testng.internal.Invoker.invokeTestMethod(Invoker.java:719)
	at org.testng.internal.Invoker.invokeTestMethods(Invoker.java:989)
	at org.testng.internal.TestMethodWorker.invokeTestMethods(TestMethodWorker.java:125)
	at org.testng.internal.TestMethodWorker.run(TestMethodWorker.java:109)
	at org.testng.TestRunner.privateRun(TestRunner.java:648)
	at org.testng.TestRunner.run(TestRunner.java:505)
	at org.testng.SuiteRunner.runTest(SuiteRunner.java:455)
	at org.testng.SuiteRunner.runSequentially(SuiteRunner.java:450)
	at org.testng.SuiteRunner.privateRun(SuiteRunner.java:415)
	at org.testng.SuiteRunner.run(SuiteRunner.java:364)
	at org.testng.SuiteRunnerWorker.runSuite(SuiteRunnerWorker.java:52)
	at org.testng.SuiteRunnerWorker.run(SuiteRunnerWorker.java:84)
	at org.testng.TestNG.runSuitesSequentially(TestNG.java:1208)
	at org.testng.TestNG.runSuitesLocally(TestNG.java:1137)
	at org.testng.TestNG.runSuites(TestNG.java:1049)
	at org.testng.TestNG.run(TestNG.java:1017)
	at org.apache.maven.surefire.testng.TestNGExecutor.run(TestNGExecutor.java:135)
	at org.apache.maven.surefire.testng.TestNGDirectoryTestSuite.executeMulti(TestNGDirectoryTestSuite.java:193)
	at org.apache.maven.surefire.testng.TestNGDirectoryTestSuite.execute(TestNGDirectoryTestSuite.java:94)
	at org.apache.maven.surefire.testng.TestNGProvider.invoke(TestNGProvider.java:146)
	at org.apache.maven.surefire.booter.ForkedBooter.invokeProviderInSameClassLoader(ForkedBooter.java:383)
	at org.apache.maven.surefire.booter.ForkedBooter.runSuitesInProcess(ForkedBooter.java:344)
	at org.apache.maven.surefire.booter.ForkedBooter.execute(ForkedBooter.java:125)
	at org.apache.maven.surefire.booter.ForkedBooter.main(ForkedBooter.java:417)
Oct 09,2018 13:55:42 [info]  Launching browser chrome 69.0.3497.100
Oct 09,2018 13:56:00 [info]  open application url: https://chrisryan-dev.dev.cycletrader.com/
Oct 09,2018 13:56:00 [info]  Click on Popular Makes tab
Oct 09,2018 13:56:00 [info]  Click on Search All
Oct 09,2018 13:56:05 [info]  Assert BMW search result page.
Oct 09,2018 13:56:05 [info]  Click On BMW Icon
Oct 09,2018 13:56:27 [info]  Assert BMW search result page.
Oct 09,2018 13:56:27 [info]  Click On All Makes Breadcrumb Link
Oct 09,2018 13:56:30 [info]  Click On Triumph Icon
Oct 09,2018 13:57:25 [info]  Oct 09,2018 13:57:25 [info]  <<<<<<<<<<<<<<<<<<<<<<<<<<<<<<<<<< Error message >>>>>>>>>>>>>>>>>>>>>>>>>>>>>>
java.lang.AssertionError: Element Locator ://*[@id='mkBtn']//*[@data-track='Browse-By Make-Triumph'] Not found expected [true] but found [false]
	at org.testng.Assert.fail(Assert.java:96)
	at org.testng.Assert.failNotEquals(Assert.java:776)
	at org.testng.Assert.assertTrue(Assert.java:44)
	at com.trader.utils.DriverHelper.clickOn(DriverHelper.java:665)
	at com.trader.pagehelper.SearchHelper.clickOnTriumphIcon(SearchHelper.java:760)
	at com.trader.scripts.SmokeTest.searchWithMakesIcon(SmokeTest.java:248)
	at sun.reflect.NativeMethodAccessorImpl.invoke0(Native Method)
	at sun.reflect.NativeMethodAccessorImpl.invoke(NativeMethodAccessorImpl.java:62)
	at sun.reflect.DelegatingMethodAccessorImpl.invoke(DelegatingMethodAccessorImpl.java:43)
	at java.lang.reflect.Method.invoke(Method.java:498)
	at org.testng.internal.MethodInvocationHelper.invokeMethod(MethodInvocationHelper.java:124)
	at org.testng.internal.Invoker.invokeMethod(Invoker.java:583)
	at org.testng.internal.Invoker.invokeTestMethod(Invoker.java:719)
	at org.testng.internal.Invoker.invokeTestMethods(Invoker.java:989)
	at org.testng.internal.TestMethodWorker.invokeTestMethods(TestMethodWorker.java:125)
	at org.testng.internal.TestMethodWorker.run(TestMethodWorker.java:109)
	at org.testng.TestRunner.privateRun(TestRunner.java:648)
	at org.testng.TestRunner.run(TestRunner.java:505)
	at org.testng.SuiteRunner.runTest(SuiteRunner.java:455)
	at org.testng.SuiteRunner.runSequentially(SuiteRunner.java:450)
	at org.testng.SuiteRunner.privateRun(SuiteRunner.java:415)
	at org.testng.SuiteRunner.run(SuiteRunner.java:364)
	at org.testng.SuiteRunnerWorker.runSuite(SuiteRunnerWorker.java:52)
	at org.testng.SuiteRunnerWorker.run(SuiteRunnerWorker.java:84)
	at org.testng.TestNG.runSuitesSequentially(TestNG.java:1208)
	at org.testng.TestNG.runSuitesLocally(TestNG.java:1137)
	at org.testng.TestNG.runSuites(TestNG.java:1049)
	at org.testng.TestNG.run(TestNG.java:1017)
	at org.apache.maven.surefire.testng.TestNGExecutor.run(TestNGExecutor.java:135)
	at org.apache.maven.surefire.testng.TestNGDirectoryTestSuite.executeMulti(TestNGDirectoryTestSuite.java:193)
	at org.apache.maven.surefire.testng.TestNGDirectoryTestSuite.execute(TestNGDirectoryTestSuite.java:94)
	at org.apache.maven.surefire.testng.TestNGProvider.invoke(TestNGProvider.java:146)
	at org.apache.maven.surefire.booter.ForkedBooter.invokeProviderInSameClassLoader(ForkedBooter.java:383)
	at org.apache.maven.surefire.booter.ForkedBooter.runSuitesInProcess(ForkedBooter.java:344)
	at org.apache.maven.surefire.booter.ForkedBooter.execute(ForkedBooter.java:125)
	at org.apache.maven.surefire.booter.ForkedBooter.main(ForkedBooter.java:417)
Oct 09,2018 13:57:36 [info]  Launching browser chrome 69.0.3497.100
Oct 09,2018 13:57:51 [info]  open application url: https://chrisryan-dev.dev.cycletrader.com/
Oct 09,2018 13:57:51 [info]  Top Motorcycle Makes Section
Oct 09,2018 13:57:54 [info]  Oct 09,2018 13:57:54 [info]  <<<<<<<<<<<<<<<<<<<<<<<<<<<<<<<<<< Error message >>>>>>>>>>>>>>>>>>>>>>>>>>>>>>
java.lang.AssertionError: expected [true] but found [false]
	at org.testng.Assert.fail(Assert.java:96)
	at org.testng.Assert.failNotEquals(Assert.java:776)
	at org.testng.Assert.assertTrue(Assert.java:44)
	at org.testng.Assert.assertTrue(Assert.java:54)
	at com.trader.pagehelper.HomeHelper.assertTopMakesSection(HomeHelper.java:411)
	at com.trader.scripts.SmokeTest.assertTopMotorcycleMakes(SmokeTest.java:262)
	at sun.reflect.NativeMethodAccessorImpl.invoke0(Native Method)
	at sun.reflect.NativeMethodAccessorImpl.invoke(NativeMethodAccessorImpl.java:62)
	at sun.reflect.DelegatingMethodAccessorImpl.invoke(DelegatingMethodAccessorImpl.java:43)
	at java.lang.reflect.Method.invoke(Method.java:498)
	at org.testng.internal.MethodInvocationHelper.invokeMethod(MethodInvocationHelper.java:124)
	at org.testng.internal.Invoker.invokeMethod(Invoker.java:583)
	at org.testng.internal.Invoker.invokeTestMethod(Invoker.java:719)
	at org.testng.internal.Invoker.invokeTestMethods(Invoker.java:989)
	at org.testng.internal.TestMethodWorker.invokeTestMethods(TestMethodWorker.java:125)
	at org.testng.internal.TestMethodWorker.run(TestMethodWorker.java:109)
	at org.testng.TestRunner.privateRun(TestRunner.java:648)
	at org.testng.TestRunner.run(TestRunner.java:505)
	at org.testng.SuiteRunner.runTest(SuiteRunner.java:455)
	at org.testng.SuiteRunner.runSequentially(SuiteRunner.java:450)
	at org.testng.SuiteRunner.privateRun(SuiteRunner.java:415)
	at org.testng.SuiteRunner.run(SuiteRunner.java:364)
	at org.testng.SuiteRunnerWorker.runSuite(SuiteRunnerWorker.java:52)
	at org.testng.SuiteRunnerWorker.run(SuiteRunnerWorker.java:84)
	at org.testng.TestNG.runSuitesSequentially(TestNG.java:1208)
	at org.testng.TestNG.runSuitesLocally(TestNG.java:1137)
	at org.testng.TestNG.runSuites(TestNG.java:1049)
	at org.testng.TestNG.run(TestNG.java:1017)
	at org.apache.maven.surefire.testng.TestNGExecutor.run(TestNGExecutor.java:135)
	at org.apache.maven.surefire.testng.TestNGDirectoryTestSuite.executeMulti(TestNGDirectoryTestSuite.java:193)
	at org.apache.maven.surefire.testng.TestNGDirectoryTestSuite.execute(TestNGDirectoryTestSuite.java:94)
	at org.apache.maven.surefire.testng.TestNGProvider.invoke(TestNGProvider.java:146)
	at org.apache.maven.surefire.booter.ForkedBooter.invokeProviderInSameClassLoader(ForkedBooter.java:383)
	at org.apache.maven.surefire.booter.ForkedBooter.runSuitesInProcess(ForkedBooter.java:344)
	at org.apache.maven.surefire.booter.ForkedBooter.execute(ForkedBooter.java:125)
	at org.apache.maven.surefire.booter.ForkedBooter.main(ForkedBooter.java:417)
Oct 09,2018 13:58:05 [info]  Launching browser chrome 69.0.3497.100
Oct 09,2018 13:58:19 [info]  open application url: https://chrisryan-dev.dev.cycletrader.com/
Oct 09,2018 13:58:19 [info]  Top Motorcycle Makes Section
Oct 09,2018 13:58:22 [info]  Oct 09,2018 13:58:22 [info]  <<<<<<<<<<<<<<<<<<<<<<<<<<<<<<<<<< Error message >>>>>>>>>>>>>>>>>>>>>>>>>>>>>>
java.lang.AssertionError: expected [true] but found [false]
	at org.testng.Assert.fail(Assert.java:96)
	at org.testng.Assert.failNotEquals(Assert.java:776)
	at org.testng.Assert.assertTrue(Assert.java:44)
	at org.testng.Assert.assertTrue(Assert.java:54)
	at com.trader.pagehelper.HomeHelper.assertTopMakesSection(HomeHelper.java:411)
	at com.trader.scripts.SmokeTest.searchWithTopMakesLinks(SmokeTest.java:272)
	at sun.reflect.NativeMethodAccessorImpl.invoke0(Native Method)
	at sun.reflect.NativeMethodAccessorImpl.invoke(NativeMethodAccessorImpl.java:62)
	at sun.reflect.DelegatingMethodAccessorImpl.invoke(DelegatingMethodAccessorImpl.java:43)
	at java.lang.reflect.Method.invoke(Method.java:498)
	at org.testng.internal.MethodInvocationHelper.invokeMethod(MethodInvocationHelper.java:124)
	at org.testng.internal.Invoker.invokeMethod(Invoker.java:583)
	at org.testng.internal.Invoker.invokeTestMethod(Invoker.java:719)
	at org.testng.internal.Invoker.invokeTestMethods(Invoker.java:989)
	at org.testng.internal.TestMethodWorker.invokeTestMethods(TestMethodWorker.java:125)
	at org.testng.internal.TestMethodWorker.run(TestMethodWorker.java:109)
	at org.testng.TestRunner.privateRun(TestRunner.java:648)
	at org.testng.TestRunner.run(TestRunner.java:505)
	at org.testng.SuiteRunner.runTest(SuiteRunner.java:455)
	at org.testng.SuiteRunner.runSequentially(SuiteRunner.java:450)
	at org.testng.SuiteRunner.privateRun(SuiteRunner.java:415)
	at org.testng.SuiteRunner.run(SuiteRunner.java:364)
	at org.testng.SuiteRunnerWorker.runSuite(SuiteRunnerWorker.java:52)
	at org.testng.SuiteRunnerWorker.run(SuiteRunnerWorker.java:84)
	at org.testng.TestNG.runSuitesSequentially(TestNG.java:1208)
	at org.testng.TestNG.runSuitesLocally(TestNG.java:1137)
	at org.testng.TestNG.runSuites(TestNG.java:1049)
	at org.testng.TestNG.run(TestNG.java:1017)
	at org.apache.maven.surefire.testng.TestNGExecutor.run(TestNGExecutor.java:135)
	at org.apache.maven.surefire.testng.TestNGDirectoryTestSuite.executeMulti(TestNGDirectoryTestSuite.java:193)
	at org.apache.maven.surefire.testng.TestNGDirectoryTestSuite.execute(TestNGDirectoryTestSuite.java:94)
	at org.apache.maven.surefire.testng.TestNGProvider.invoke(TestNGProvider.java:146)
	at org.apache.maven.surefire.booter.ForkedBooter.invokeProviderInSameClassLoader(ForkedBooter.java:383)
	at org.apache.maven.surefire.booter.ForkedBooter.runSuitesInProcess(ForkedBooter.java:344)
	at org.apache.maven.surefire.booter.ForkedBooter.execute(ForkedBooter.java:125)
	at org.apache.maven.surefire.booter.ForkedBooter.main(ForkedBooter.java:417)
Oct 09,2018 13:58:29 [info]  Launching browser chrome 69.0.3497.100
Oct 09,2018 13:58:43 [info]  open application url: https://chrisryan-dev.dev.cycletrader.com/
Oct 09,2018 13:58:43 [info]  Assert Top Model Section
Oct 09,2018 13:58:46 [info]  Oct 09,2018 13:58:46 [info]  <<<<<<<<<<<<<<<<<<<<<<<<<<<<<<<<<< Error message >>>>>>>>>>>>>>>>>>>>>>>>>>>>>>
java.lang.AssertionError: expected [true] but found [false]
	at org.testng.Assert.fail(Assert.java:96)
	at org.testng.Assert.failNotEquals(Assert.java:776)
	at org.testng.Assert.assertTrue(Assert.java:44)
	at org.testng.Assert.assertTrue(Assert.java:54)
	at com.trader.pagehelper.HomeHelper.assertTopModelSection(HomeHelper.java:530)
	at com.trader.scripts.SmokeTest.assertTopModel(SmokeTest.java:292)
	at sun.reflect.NativeMethodAccessorImpl.invoke0(Native Method)
	at sun.reflect.NativeMethodAccessorImpl.invoke(NativeMethodAccessorImpl.java:62)
	at sun.reflect.DelegatingMethodAccessorImpl.invoke(DelegatingMethodAccessorImpl.java:43)
	at java.lang.reflect.Method.invoke(Method.java:498)
	at org.testng.internal.MethodInvocationHelper.invokeMethod(MethodInvocationHelper.java:124)
	at org.testng.internal.Invoker.invokeMethod(Invoker.java:583)
	at org.testng.internal.Invoker.invokeTestMethod(Invoker.java:719)
	at org.testng.internal.Invoker.invokeTestMethods(Invoker.java:989)
	at org.testng.internal.TestMethodWorker.invokeTestMethods(TestMethodWorker.java:125)
	at org.testng.internal.TestMethodWorker.run(TestMethodWorker.java:109)
	at org.testng.TestRunner.privateRun(TestRunner.java:648)
	at org.testng.TestRunner.run(TestRunner.java:505)
	at org.testng.SuiteRunner.runTest(SuiteRunner.java:455)
	at org.testng.SuiteRunner.runSequentially(SuiteRunner.java:450)
	at org.testng.SuiteRunner.privateRun(SuiteRunner.java:415)
	at org.testng.SuiteRunner.run(SuiteRunner.java:364)
	at org.testng.SuiteRunnerWorker.runSuite(SuiteRunnerWorker.java:52)
	at org.testng.SuiteRunnerWorker.run(SuiteRunnerWorker.java:84)
	at org.testng.TestNG.runSuitesSequentially(TestNG.java:1208)
	at org.testng.TestNG.runSuitesLocally(TestNG.java:1137)
	at org.testng.TestNG.runSuites(TestNG.java:1049)
	at org.testng.TestNG.run(TestNG.java:1017)
	at org.apache.maven.surefire.testng.TestNGExecutor.run(TestNGExecutor.java:135)
	at org.apache.maven.surefire.testng.TestNGDirectoryTestSuite.executeMulti(TestNGDirectoryTestSuite.java:193)
	at org.apache.maven.surefire.testng.TestNGDirectoryTestSuite.execute(TestNGDirectoryTestSuite.java:94)
	at org.apache.maven.surefire.testng.TestNGProvider.invoke(TestNGProvider.java:146)
	at org.apache.maven.surefire.booter.ForkedBooter.invokeProviderInSameClassLoader(ForkedBooter.java:383)
	at org.apache.maven.surefire.booter.ForkedBooter.runSuitesInProcess(ForkedBooter.java:344)
	at org.apache.maven.surefire.booter.ForkedBooter.execute(ForkedBooter.java:125)
	at org.apache.maven.surefire.booter.ForkedBooter.main(ForkedBooter.java:417)
Oct 09,2018 13:58:57 [info]  Launching browser chrome 69.0.3497.100
Oct 09,2018 13:59:12 [info]  open application url: https://chrisryan-dev.dev.cycletrader.com/
Oct 09,2018 13:59:12 [info]  Assert Top Model Section
Oct 09,2018 13:59:15 [info]  Oct 09,2018 13:59:15 [info]  <<<<<<<<<<<<<<<<<<<<<<<<<<<<<<<<<< Error message >>>>>>>>>>>>>>>>>>>>>>>>>>>>>>
java.lang.AssertionError: expected [true] but found [false]
	at org.testng.Assert.fail(Assert.java:96)
	at org.testng.Assert.failNotEquals(Assert.java:776)
	at org.testng.Assert.assertTrue(Assert.java:44)
	at org.testng.Assert.assertTrue(Assert.java:54)
	at com.trader.pagehelper.HomeHelper.assertTopModelSection(HomeHelper.java:530)
	at com.trader.scripts.SmokeTest.searchWithTopModellinks(SmokeTest.java:303)
	at sun.reflect.NativeMethodAccessorImpl.invoke0(Native Method)
	at sun.reflect.NativeMethodAccessorImpl.invoke(NativeMethodAccessorImpl.java:62)
	at sun.reflect.DelegatingMethodAccessorImpl.invoke(DelegatingMethodAccessorImpl.java:43)
	at java.lang.reflect.Method.invoke(Method.java:498)
	at org.testng.internal.MethodInvocationHelper.invokeMethod(MethodInvocationHelper.java:124)
	at org.testng.internal.Invoker.invokeMethod(Invoker.java:583)
	at org.testng.internal.Invoker.invokeTestMethod(Invoker.java:719)
	at org.testng.internal.Invoker.invokeTestMethods(Invoker.java:989)
	at org.testng.internal.TestMethodWorker.invokeTestMethods(TestMethodWorker.java:125)
	at org.testng.internal.TestMethodWorker.run(TestMethodWorker.java:109)
	at org.testng.TestRunner.privateRun(TestRunner.java:648)
	at org.testng.TestRunner.run(TestRunner.java:505)
	at org.testng.SuiteRunner.runTest(SuiteRunner.java:455)
	at org.testng.SuiteRunner.runSequentially(SuiteRunner.java:450)
	at org.testng.SuiteRunner.privateRun(SuiteRunner.java:415)
	at org.testng.SuiteRunner.run(SuiteRunner.java:364)
	at org.testng.SuiteRunnerWorker.runSuite(SuiteRunnerWorker.java:52)
	at org.testng.SuiteRunnerWorker.run(SuiteRunnerWorker.java:84)
	at org.testng.TestNG.runSuitesSequentially(TestNG.java:1208)
	at org.testng.TestNG.runSuitesLocally(TestNG.java:1137)
	at org.testng.TestNG.runSuites(TestNG.java:1049)
	at org.testng.TestNG.run(TestNG.java:1017)
	at org.apache.maven.surefire.testng.TestNGExecutor.run(TestNGExecutor.java:135)
	at org.apache.maven.surefire.testng.TestNGDirectoryTestSuite.executeMulti(TestNGDirectoryTestSuite.java:193)
	at org.apache.maven.surefire.testng.TestNGDirectoryTestSuite.execute(TestNGDirectoryTestSuite.java:94)
	at org.apache.maven.surefire.testng.TestNGProvider.invoke(TestNGProvider.java:146)
	at org.apache.maven.surefire.booter.ForkedBooter.invokeProviderInSameClassLoader(ForkedBooter.java:383)
	at org.apache.maven.surefire.booter.ForkedBooter.runSuitesInProcess(ForkedBooter.java:344)
	at org.apache.maven.surefire.booter.ForkedBooter.execute(ForkedBooter.java:125)
	at org.apache.maven.surefire.booter.ForkedBooter.main(ForkedBooter.java:417)
Oct 09,2018 13:59:24 [info]  Launching browser chrome 69.0.3497.100
Oct 09,2018 13:59:42 [info]  open application url: https://chrisryan-dev.dev.cycletrader.com/
Oct 09,2018 13:59:42 [info]  Click on Popular Type Tab
Oct 09,2018 13:59:42 [info]  Click on search all under Popular Type Tab
Oct 09,2018 13:59:54 [info]  Motorcycles for Sale Page
Oct 09,2018 13:59:54 [info]  Oct 09,2018 13:59:54 [info]  <<<<<<<<<<<<<<<<<<<<<<<<<<<<<<<<<< Error message >>>>>>>>>>>>>>>>>>>>>>>>>>>>>>
java.lang.AssertionError: Element Locator ://*[@id='topicTitle']/em Not found expected [true] but found [false]
	at org.testng.Assert.fail(Assert.java:96)
	at org.testng.Assert.failNotEquals(Assert.java:776)
	at org.testng.Assert.assertTrue(Assert.java:44)
	at com.trader.pagehelper.SearchHelper.assertSearchResultPage(SearchHelper.java:54)
	at com.trader.scripts.SmokeTest.searchWithSearchAllUnderPopularType(SmokeTest.java:325)
	at sun.reflect.NativeMethodAccessorImpl.invoke0(Native Method)
	at sun.reflect.NativeMethodAccessorImpl.invoke(NativeMethodAccessorImpl.java:62)
	at sun.reflect.DelegatingMethodAccessorImpl.invoke(DelegatingMethodAccessorImpl.java:43)
	at java.lang.reflect.Method.invoke(Method.java:498)
	at org.testng.internal.MethodInvocationHelper.invokeMethod(MethodInvocationHelper.java:124)
	at org.testng.internal.Invoker.invokeMethod(Invoker.java:583)
	at org.testng.internal.Invoker.invokeTestMethod(Invoker.java:719)
	at org.testng.internal.Invoker.invokeTestMethods(Invoker.java:989)
	at org.testng.internal.TestMethodWorker.invokeTestMethods(TestMethodWorker.java:125)
	at org.testng.internal.TestMethodWorker.run(TestMethodWorker.java:109)
	at org.testng.TestRunner.privateRun(TestRunner.java:648)
	at org.testng.TestRunner.run(TestRunner.java:505)
	at org.testng.SuiteRunner.runTest(SuiteRunner.java:455)
	at org.testng.SuiteRunner.runSequentially(SuiteRunner.java:450)
	at org.testng.SuiteRunner.privateRun(SuiteRunner.java:415)
	at org.testng.SuiteRunner.run(SuiteRunner.java:364)
	at org.testng.SuiteRunnerWorker.runSuite(SuiteRunnerWorker.java:52)
	at org.testng.SuiteRunnerWorker.run(SuiteRunnerWorker.java:84)
	at org.testng.TestNG.runSuitesSequentially(TestNG.java:1208)
	at org.testng.TestNG.runSuitesLocally(TestNG.java:1137)
	at org.testng.TestNG.runSuites(TestNG.java:1049)
	at org.testng.TestNG.run(TestNG.java:1017)
	at org.apache.maven.surefire.testng.TestNGExecutor.run(TestNGExecutor.java:135)
	at org.apache.maven.surefire.testng.TestNGDirectoryTestSuite.executeMulti(TestNGDirectoryTestSuite.java:193)
	at org.apache.maven.surefire.testng.TestNGDirectoryTestSuite.execute(TestNGDirectoryTestSuite.java:94)
	at org.apache.maven.surefire.testng.TestNGProvider.invoke(TestNGProvider.java:146)
	at org.apache.maven.surefire.booter.ForkedBooter.invokeProviderInSameClassLoader(ForkedBooter.java:383)
	at org.apache.maven.surefire.booter.ForkedBooter.runSuitesInProcess(ForkedBooter.java:344)
	at org.apache.maven.surefire.booter.ForkedBooter.execute(ForkedBooter.java:125)
	at org.apache.maven.surefire.booter.ForkedBooter.main(ForkedBooter.java:417)
Oct 09,2018 14:00:05 [info]  Launching browser chrome 69.0.3497.100
Oct 09,2018 14:00:20 [info]  open application url: https://chrisryan-dev.dev.cycletrader.com/
Oct 09,2018 14:00:20 [info]  Assert Top Model Section
Oct 09,2018 14:00:20 [info]  Click on Popular Type Tab
Oct 09,2018 14:00:20 [info]  set Popular TypeCruiser'
Oct 09,2018 14:00:20 [info]  set Type List 'Cruiser'
Oct 09,2018 14:00:37 [info]  Click on application logo in header
Oct 09,2018 14:05:38 [info]  Oct 09,2018 14:05:38 [info]  <<<<<<<<<<<<<<<<<<<<<<<<<<<<<<<<<< Error message >>>>>>>>>>>>>>>>>>>>>>>>>>>>>>
org.openqa.selenium.TimeoutException: timeout
  (Session info: chrome=69.0.3497.100)
  (Driver info: chromedriver=2.38.552522 (437e6fbedfa8762dec75e2c5b3ddb86763dc9dcb),platform=Windows NT 6.1.7601 SP1 x86_64) (WARNING: The server did not provide any stacktrace information)
Command duration or timeout: 0 milliseconds
Build info: version: '3.10.0', revision: '176b4a9', time: '2018-03-02T19:03:16.397Z'
System info: host: '360NDCLP093', ip: '127.0.0.1', os.name: 'Windows 7', os.arch: 'amd64', os.version: '6.1', java.version: '1.8.0_181'
Driver info: org.openqa.selenium.chrome.ChromeDriver
Capabilities {acceptInsecureCerts: false, acceptSslCerts: false, applicationCacheEnabled: false, browserConnectionEnabled: false, browserName: chrome, chrome: {chromedriverVersion: 2.38.552522 (437e6fbedfa876..., userDataDir: C:\Users\viveks\AppData\Loc...}, cssSelectorsEnabled: true, databaseEnabled: false, handlesAlerts: true, hasTouchScreen: false, javascriptEnabled: true, locationContextEnabled: true, mobileEmulationEnabled: false, nativeEvents: true, networkConnectionEnabled: false, pageLoadStrategy: normal, platform: XP, platformName: XP, rotatable: false, setWindowRect: true, takesHeapSnapshot: true, takesScreenshot: true, unexpectedAlertBehaviour: , unhandledPromptBehavior: , version: 69.0.3497.100, webStorageEnabled: true}
Session ID: 8197a53936058e1e05984cacc6ecd794
	at sun.reflect.NativeConstructorAccessorImpl.newInstance0(Native Method)
	at sun.reflect.NativeConstructorAccessorImpl.newInstance(NativeConstructorAccessorImpl.java:62)
	at sun.reflect.DelegatingConstructorAccessorImpl.newInstance(DelegatingConstructorAccessorImpl.java:45)
	at java.lang.reflect.Constructor.newInstance(Constructor.java:423)
	at org.openqa.selenium.remote.ErrorHandler.createThrowable(ErrorHandler.java:214)
	at org.openqa.selenium.remote.ErrorHandler.throwIfResponseFailed(ErrorHandler.java:166)
	at org.openqa.selenium.remote.http.JsonHttpResponseCodec.reconstructValue(JsonHttpResponseCodec.java:40)
	at org.openqa.selenium.remote.http.AbstractHttpResponseCodec.decode(AbstractHttpResponseCodec.java:80)
	at org.openqa.selenium.remote.http.AbstractHttpResponseCodec.decode(AbstractHttpResponseCodec.java:44)
	at org.openqa.selenium.remote.HttpCommandExecutor.execute(HttpCommandExecutor.java:160)
	at org.openqa.selenium.remote.service.DriverCommandExecutor.execute(DriverCommandExecutor.java:83)
	at org.openqa.selenium.remote.RemoteWebDriver.execute(RemoteWebDriver.java:601)
	at org.openqa.selenium.remote.RemoteWebElement.execute(RemoteWebElement.java:279)
	at org.openqa.selenium.remote.RemoteWebElement.click(RemoteWebElement.java:83)
	at com.trader.utils.DriverHelper.clickOn(DriverHelper.java:668)
	at com.trader.pagehelper.HomeHelper.clickOnApplicationLogo(HomeHelper.java:274)
	at com.trader.pagehelper.HomeHelper.clickAndAssertPopularTypeLinks(HomeHelper.java:741)
	at com.trader.scripts.SmokeTest.searchWithPopularTypesIcon(SmokeTest.java:336)
	at sun.reflect.NativeMethodAccessorImpl.invoke0(Native Method)
	at sun.reflect.NativeMethodAccessorImpl.invoke(NativeMethodAccessorImpl.java:62)
	at sun.reflect.DelegatingMethodAccessorImpl.invoke(DelegatingMethodAccessorImpl.java:43)
	at java.lang.reflect.Method.invoke(Method.java:498)
	at org.testng.internal.MethodInvocationHelper.invokeMethod(MethodInvocationHelper.java:124)
	at org.testng.internal.Invoker.invokeMethod(Invoker.java:583)
	at org.testng.internal.Invoker.invokeTestMethod(Invoker.java:719)
	at org.testng.internal.Invoker.invokeTestMethods(Invoker.java:989)
	at org.testng.internal.TestMethodWorker.invokeTestMethods(TestMethodWorker.java:125)
	at org.testng.internal.TestMethodWorker.run(TestMethodWorker.java:109)
	at org.testng.TestRunner.privateRun(TestRunner.java:648)
	at org.testng.TestRunner.run(TestRunner.java:505)
	at org.testng.SuiteRunner.runTest(SuiteRunner.java:455)
	at org.testng.SuiteRunner.runSequentially(SuiteRunner.java:450)
	at org.testng.SuiteRunner.privateRun(SuiteRunner.java:415)
	at org.testng.SuiteRunner.run(SuiteRunner.java:364)
	at org.testng.SuiteRunnerWorker.runSuite(SuiteRunnerWorker.java:52)
	at org.testng.SuiteRunnerWorker.run(SuiteRunnerWorker.java:84)
	at org.testng.TestNG.runSuitesSequentially(TestNG.java:1208)
	at org.testng.TestNG.runSuitesLocally(TestNG.java:1137)
	at org.testng.TestNG.runSuites(TestNG.java:1049)
	at org.testng.TestNG.run(TestNG.java:1017)
	at org.apache.maven.surefire.testng.TestNGExecutor.run(TestNGExecutor.java:135)
	at org.apache.maven.surefire.testng.TestNGDirectoryTestSuite.executeMulti(TestNGDirectoryTestSuite.java:193)
	at org.apache.maven.surefire.testng.TestNGDirectoryTestSuite.execute(TestNGDirectoryTestSuite.java:94)
	at org.apache.maven.surefire.testng.TestNGProvider.invoke(TestNGProvider.java:146)
	at org.apache.maven.surefire.booter.ForkedBooter.invokeProviderInSameClassLoader(ForkedBooter.java:383)
	at org.apache.maven.surefire.booter.ForkedBooter.runSuitesInProcess(ForkedBooter.java:344)
	at org.apache.maven.surefire.booter.ForkedBooter.execute(ForkedBooter.java:125)
	at org.apache.maven.surefire.booter.ForkedBooter.main(ForkedBooter.java:417)
Oct 09,2018 14:05:47 [info]  Launching browser chrome 69.0.3497.100
Oct 09,2018 14:06:01 [info]  open application url: https://chrisryan-dev.dev.cycletrader.com/
Oct 09,2018 14:06:01 [info]  Assert Top Type Section
Oct 09,2018 14:06:15 [info]  Launching browser chrome 69.0.3497.100
Oct 09,2018 14:06:28 [info]  open application url: https://chrisryan-dev.dev.cycletrader.com/
Oct 09,2018 14:06:28 [info]  Assert Top Type Section
Oct 09,2018 14:06:45 [info]  Launching browser chrome 69.0.3497.100
Oct 09,2018 14:07:15 [info]  open application url: https://chrisryan-dev.dev.cycletrader.com/
Oct 09,2018 14:07:15 [info]  Click on Popular State tab
Oct 09,2018 14:07:16 [info]  Click on Search All under Popular State tab
Oct 09,2018 14:07:20 [info]  Assert State result page
Oct 09,2018 14:07:31 [info]  Launching browser chrome 69.0.3497.100
Oct 09,2018 14:07:46 [info]  open application url: https://chrisryan-dev.dev.cycletrader.com/
Oct 09,2018 14:07:46 [info]  Assert Popular State Section
Oct 09,2018 14:07:46 [info]  Click on Popular State tab
Oct 09,2018 14:07:46 [info]  set Popular StateAlabama'
Oct 09,2018 14:07:46 [info]  set Type List 'Alabama'
Oct 09,2018 14:07:56 [info]  Click on application logo in header
Oct 09,2018 14:08:01 [info]  Click on Popular State tab
Oct 09,2018 14:08:01 [info]  set Popular StateCalifornia'
Oct 09,2018 14:08:01 [info]  set Type List 'California'
Oct 09,2018 14:08:17 [info]  Click on application logo in header
Oct 09,2018 14:08:22 [info]  Click on Popular State tab
Oct 09,2018 14:08:22 [info]  set Popular StateFlorida'
Oct 09,2018 14:08:22 [info]  set Type List 'Florida'
Oct 09,2018 14:08:32 [info]  Click on application logo in header
Oct 09,2018 14:08:36 [info]  Click on Popular State tab
Oct 09,2018 14:08:36 [info]  set Popular StateGeorgia'
Oct 09,2018 14:08:36 [info]  set Type List 'Georgia'
Oct 09,2018 14:13:53 [info]  Click on application logo in header
Oct 09,2018 14:13:56 [info]  Click on Popular State tab
Oct 09,2018 14:13:56 [info]  set Popular StateIllinois'
Oct 09,2018 14:13:56 [info]  set Type List 'Illinois'
Oct 09,2018 14:14:08 [info]  Click on application logo in header
Oct 09,2018 14:14:10 [info]  Click on Popular State tab
Oct 09,2018 14:14:10 [info]  set Popular StateMichigan'
Oct 09,2018 14:14:10 [info]  set Type List 'Michigan'
Oct 09,2018 14:14:24 [info]  Click on application logo in header
Oct 09,2018 14:14:26 [info]  Click on Popular State tab
Oct 09,2018 14:14:26 [info]  set Popular StateNorth Carolina'
Oct 09,2018 14:14:26 [info]  set Type List 'North Carolina'
Oct 09,2018 14:14:39 [info]  Click on application logo in header
Oct 09,2018 14:14:41 [info]  Click on Popular State tab
Oct 09,2018 14:14:42 [info]  set Popular StateOhio'
Oct 09,2018 14:14:42 [info]  set Type List 'Ohio'
Oct 09,2018 14:14:55 [info]  Click on application logo in header
Oct 09,2018 14:15:07 [info]  Click on Popular State tab
Oct 09,2018 14:15:07 [info]  set Popular StatePennsylvania'
Oct 09,2018 14:15:07 [info]  set Type List 'Pennsylvania'
Oct 09,2018 14:15:17 [info]  Click on application logo in header
Oct 09,2018 14:15:20 [info]  Click on Popular State tab
Oct 09,2018 14:15:20 [info]  set Popular StateTexas'
Oct 09,2018 14:15:20 [info]  set Type List 'Texas'
Oct 09,2018 14:15:51 [info]  Click on application logo in header
Oct 09,2018 14:15:54 [info]  Click on Popular State tab
Oct 09,2018 14:15:54 [info]  set Popular StateWisconsin'
Oct 09,2018 14:15:54 [info]  set Type List 'Wisconsin'
Oct 09,2018 14:16:50 [info]  Click on application logo in header
Oct 09,2018 14:17:05 [info]  Launching browser chrome 69.0.3497.100
Oct 09,2018 14:17:22 [info]  open application url: https://chrisryan-dev.dev.cycletrader.com/
Oct 09,2018 14:17:22 [info]  Click on find button
Oct 09,2018 14:17:38 [info]  Click on Location Option on Advanced Search
Oct 09,2018 14:17:41 [info]  Get Zip Code
Oct 09,2018 14:17:41 [info]  Get Location Radius
Oct 09,2018 14:17:41 [info]  Select Radius from Location option
Oct 09,2018 14:17:43 [info]  Enter Zip code
Oct 09,2018 14:17:43 [info]  Click on update button
Oct 09,2018 14:17:49 [info]  Assert Location updates
Oct 09,2018 14:18:00 [info]  Launching browser chrome 69.0.3497.100
Oct 09,2018 14:18:16 [info]  open application url: https://chrisryan-dev.dev.cycletrader.com/
Oct 09,2018 14:18:16 [info]  Click on find button
Oct 09,2018 14:18:28 [info]  Click on Keyword option on Advaned Search
Oct 09,2018 14:18:33 [info]  Enter Keyword And Select Suggestion
Oct 09,2018 14:18:33 [info]  Get Keyword
Oct 09,2018 14:18:36 [info]  Click on update button under Keyword Option
Oct 09,2018 14:18:37 [info]  Wait for Updating Spinner
Oct 09,2018 14:18:41 [info]  Ad's Search Result page.
Oct 09,2018 14:18:49 [info]  Launching browser chrome 69.0.3497.100
Oct 09,2018 14:19:02 [info]  open application url: https://chrisryan-dev.dev.cycletrader.com/
Oct 09,2018 14:19:02 [info]  Click on find button
Oct 09,2018 14:19:09 [info]  Click on Make Option at Advanced Search page
Oct 09,2018 14:19:15 [info]  Select Make Option at Advanced Search page
Oct 09,2018 14:19:17 [info]  Click on Update button
Oct 09,2018 14:19:18 [info]  Wait for Updating Spinner
Oct 09,2018 14:19:27 [info]  Select model Option at Advanced Search page
Oct 09,2018 14:19:27 [info]  Click on Model Option at Advanced Search page
Oct 09,2018 14:19:35 [info]  Click on Update button
Oct 09,2018 14:19:36 [info]  Wait for Updating Spinner
Oct 09,2018 14:19:38 [info]  Select Trim Option at Advanced Search page
Oct 09,2018 14:19:38 [info]  Click on Trim Option at Advanced Search page
Oct 09,2018 14:19:53 [info]  Click on Update button
Oct 09,2018 14:20:22 [info]  Oct 09,2018 14:20:22 [info]  <<<<<<<<<<<<<<<<<<<<<<<<<<<<<<<<<< Error message >>>>>>>>>>>>>>>>>>>>>>>>>>>>>>
java.lang.NullPointerException
	at com.trader.pagehelper.SearchHelper.clickOnUpdateButtonOnPopUp(SearchHelper.java:615)
	at com.trader.pagehelper.SearchHelper.selectTrimOptionAndAssertSearchResultPage(SearchHelper.java:872)
	at com.trader.scripts.SmokeTest.refineSearchWithAllRefinedOption(SmokeTest.java:425)
	at sun.reflect.NativeMethodAccessorImpl.invoke0(Native Method)
	at sun.reflect.NativeMethodAccessorImpl.invoke(NativeMethodAccessorImpl.java:62)
	at sun.reflect.DelegatingMethodAccessorImpl.invoke(DelegatingMethodAccessorImpl.java:43)
	at java.lang.reflect.Method.invoke(Method.java:498)
	at org.testng.internal.MethodInvocationHelper.invokeMethod(MethodInvocationHelper.java:124)
	at org.testng.internal.Invoker.invokeMethod(Invoker.java:583)
	at org.testng.internal.Invoker.invokeTestMethod(Invoker.java:719)
	at org.testng.internal.Invoker.invokeTestMethods(Invoker.java:989)
	at org.testng.internal.TestMethodWorker.invokeTestMethods(TestMethodWorker.java:125)
	at org.testng.internal.TestMethodWorker.run(TestMethodWorker.java:109)
	at org.testng.TestRunner.privateRun(TestRunner.java:648)
	at org.testng.TestRunner.run(TestRunner.java:505)
	at org.testng.SuiteRunner.runTest(SuiteRunner.java:455)
	at org.testng.SuiteRunner.runSequentially(SuiteRunner.java:450)
	at org.testng.SuiteRunner.privateRun(SuiteRunner.java:415)
	at org.testng.SuiteRunner.run(SuiteRunner.java:364)
	at org.testng.SuiteRunnerWorker.runSuite(SuiteRunnerWorker.java:52)
	at org.testng.SuiteRunnerWorker.run(SuiteRunnerWorker.java:84)
	at org.testng.TestNG.runSuitesSequentially(TestNG.java:1208)
	at org.testng.TestNG.runSuitesLocally(TestNG.java:1137)
	at org.testng.TestNG.runSuites(TestNG.java:1049)
	at org.testng.TestNG.run(TestNG.java:1017)
	at org.apache.maven.surefire.testng.TestNGExecutor.run(TestNGExecutor.java:135)
	at org.apache.maven.surefire.testng.TestNGDirectoryTestSuite.executeMulti(TestNGDirectoryTestSuite.java:193)
	at org.apache.maven.surefire.testng.TestNGDirectoryTestSuite.execute(TestNGDirectoryTestSuite.java:94)
	at org.apache.maven.surefire.testng.TestNGProvider.invoke(TestNGProvider.java:146)
	at org.apache.maven.surefire.booter.ForkedBooter.invokeProviderInSameClassLoader(ForkedBooter.java:383)
	at org.apache.maven.surefire.booter.ForkedBooter.runSuitesInProcess(ForkedBooter.java:344)
	at org.apache.maven.surefire.booter.ForkedBooter.execute(ForkedBooter.java:125)
	at org.apache.maven.surefire.booter.ForkedBooter.main(ForkedBooter.java:417)
Oct 09,2018 14:20:31 [info]  Launching browser chrome 69.0.3497.100
Oct 09,2018 14:20:48 [info]  open application url: https://chrisryan-dev.dev.cycletrader.com/
Oct 09,2018 14:20:48 [info]  Click on find button
Oct 09,2018 14:20:58 [info]  Click on Make Option at Advanced Search page
Oct 09,2018 14:21:04 [info]  Recent search link
Oct 09,2018 14:21:06 [info]  Click on Update button
Oct 09,2018 14:21:07 [info]  Wait for Updating Spinner
Oct 09,2018 14:21:18 [info]  Click on Recent Search section
Oct 09,2018 14:21:19 [info]  Click on Recent Search link
Oct 09,2018 14:21:39 [info]  Launching browser chrome 69.0.3497.100
Oct 09,2018 14:21:56 [info]  open application url: https://chrisryan-dev.dev.cycletrader.com/
Oct 09,2018 14:21:56 [info]  Click on find button
Oct 09,2018 14:22:07 [info]  Click on Make Option at Advanced Search page
Oct 09,2018 14:22:12 [info]  Select Make Option at Advanced Search page
Oct 09,2018 14:22:15 [info]  Click on Update button
Oct 09,2018 14:22:16 [info]  Wait for Updating Spinner
Oct 09,2018 14:22:20 [info]  Click on application logo in header
Oct 09,2018 14:22:29 [info]  Search tab enabled
Oct 09,2018 14:22:42 [info]  Launching browser chrome 69.0.3497.100
Oct 09,2018 14:22:55 [info]  open application url: https://chrisryan-dev.dev.cycletrader.com/
Oct 09,2018 14:22:55 [info]  Search tab enabled
Oct 09,2018 14:23:00 [info]  Click on Buy Menu and assert Result page
Oct 09,2018 14:23:18 [info]  Launching browser chrome 69.0.3497.100
Oct 09,2018 14:23:35 [info]  open application url: https://chrisryan-dev.dev.cycletrader.com/
Oct 09,2018 14:23:35 [info]  Search tab enabled
Oct 09,2018 14:23:41 [info]  Click on Buy Menu and assert Result page
Oct 09,2018 14:23:46 [info]  Click On Find By Make Button And Assert Result Page
Oct 09,2018 14:23:56 [info]  Click On Find By Type Button And Assert Result Page
Oct 09,2018 14:24:04 [info]  Click On Find By State Button And Assert Result Page
Oct 09,2018 14:24:17 [info]  Launching browser chrome 69.0.3497.100
Oct 09,2018 14:24:33 [info]  open application url: https://chrisryan-dev.dev.cycletrader.com/
Oct 09,2018 14:24:33 [info]  Search tab enabled
Oct 09,2018 14:24:38 [info]  Click on Buy Menu and assert Result page
Oct 09,2018 14:24:46 [info]  Click on See Matches Button
Oct 09,2018 14:24:55 [info]  Ad's Search Result page.
Oct 09,2018 14:25:04 [info]  Launching browser chrome 69.0.3497.100
Oct 09,2018 14:25:17 [info]  open application url: https://chrisryan-dev.dev.cycletrader.com/
Oct 09,2018 14:25:17 [info]  Click On Sell For Free Menu And Assert Result Page
Oct 09,2018 14:25:17 [info]  Click on Sell Motorcycle button
Oct 09,2018 14:25:56 [info]  Launching browser chrome 69.0.3497.100
Oct 09,2018 14:26:29 [info]  open application url: https://chrisryan-dev.dev.cycletrader.com/
Oct 09,2018 14:26:29 [info]  Click On Research Menu
Oct 09,2018 14:26:44 [info]  Assert Research page
Oct 09,2018 14:26:51 [info]  Launching browser chrome 69.0.3497.100
Oct 09,2018 14:27:05 [info]  open application url: https://chrisryan-dev.dev.cycletrader.com/
Oct 09,2018 14:27:05 [info]  Click On Race Team Menu
Oct 09,2018 14:27:11 [info]  Assert Race Team page
Oct 09,2018 14:27:17 [info]  Launching browser chrome 69.0.3497.100
Oct 09,2018 14:27:32 [info]  open application url: https://chrisryan-dev.dev.cycletrader.com/
Oct 09,2018 14:27:32 [info]  Click On News Menu
Oct 09,2018 14:27:41 [info]  Assert News page
Oct 09,2018 14:27:50 [info]  Launching browser chrome 69.0.3497.100
Oct 09,2018 14:28:07 [info]  open application url: https://chrisryan-dev.dev.cycletrader.com/
Oct 09,2018 14:28:07 [info]  Click on More Hamburger Button
Oct 09,2018 14:28:07 [info]  Assert Hamburger listing and close icon
Oct 09,2018 14:28:07 [info]  Welcome to My Trader text on My Trader page
Oct 09,2018 14:28:14 [info]  Click On Join My Trader Button
Oct 09,2018 14:28:19 [info]  Get Password
Oct 09,2018 14:28:19 [info]  Get Re-password
Oct 09,2018 14:28:19 [info]  Enter Email ID
Oct 09,2018 14:28:20 [info]  Enter Password
Oct 09,2018 14:28:20 [info]  Enter Re-Password
Oct 09,2018 14:28:21 [info]  Click On Join My Tader Button at Join Trader page
Oct 09,2018 14:28:25 [info]  Welcome to My Trader text on My Trader page
Oct 09,2018 14:28:25 [info]  Click on application logo in header
Oct 09,2018 14:28:27 [info]  Click On Sell For Free Menu And Assert Result Page
Oct 09,2018 14:28:27 [info]  Click on Sell Motorcycle button
Oct 09,2018 14:28:35 [info]  Click on Select Free button
Oct 09,2018 14:28:42 [info]  Assert Enter Vehicle Info Tab
Oct 09,2018 14:28:43 [info]  Select Motocycle Class in Class drop down
Oct 09,2018 14:28:43 [info]  Select Listing Year from Year drop down
Oct 09,2018 14:28:43 [info]  Select listing Make from Make drop down
Oct 09,2018 14:28:44 [info]  Select listing Model from Model drop down
Oct 09,2018 14:28:49 [info]  Select listing Trim from Trim drop down
Oct 09,2018 14:28:53 [info]  Enter listing Price in Price field
Oct 09,2018 14:28:57 [info]  Select listing Price Tagline from Price Tagline drop down
Oct 09,2018 14:28:58 [info]  Select listing Category from Category drop down
Oct 09,2018 14:28:58 [info]  Enter listing message in Message field
Oct 09,2018 14:28:59 [info]  Click On Enter Your Contact Info Tab
Oct 09,2018 14:28:59 [info]  Enter First Name and Last Name
Oct 09,2018 14:29:00 [info]  Enter Contact Address
Oct 09,2018 14:29:01 [info]  Enter Contact City
Oct 09,2018 14:29:01 [info]  Select Contact State
Oct 09,2018 14:29:02 [info]  Enter Contact Zip Code
Oct 09,2018 14:29:02 [info]  Enter Contact Phone Number
Oct 09,2018 14:29:02 [info]  Click on Checkout button
Oct 09,2018 14:29:03 [info]  Wait for Updating Spinner
Oct 09,2018 14:29:06 [info]  Assert Listing Confirmation Page
Oct 09,2018 14:29:13 [info]  Oct 09,2018 14:29:13 [info]  <<<<<<<<<<<<<<<<<<<<<<<<<<<<<<<<<< Error message >>>>>>>>>>>>>>>>>>>>>>>>>>>>>>
java.lang.AssertionError: expected [true] but found [false]
	at org.testng.Assert.fail(Assert.java:96)
	at org.testng.Assert.failNotEquals(Assert.java:776)
	at org.testng.Assert.assertTrue(Assert.java:44)
	at org.testng.Assert.assertTrue(Assert.java:54)
	at com.trader.pagehelper.SellYourMotorcycleHelper.assertListingConfirmationPage(SellYourMotorcycleHelper.java:283)
	at com.trader.scripts.SmokeTest.postAdWithSelectingFreePackage(SmokeTest.java:561)
	at sun.reflect.NativeMethodAccessorImpl.invoke0(Native Method)
	at sun.reflect.NativeMethodAccessorImpl.invoke(NativeMethodAccessorImpl.java:62)
	at sun.reflect.DelegatingMethodAccessorImpl.invoke(DelegatingMethodAccessorImpl.java:43)
	at java.lang.reflect.Method.invoke(Method.java:498)
	at org.testng.internal.MethodInvocationHelper.invokeMethod(MethodInvocationHelper.java:124)
	at org.testng.internal.Invoker.invokeMethod(Invoker.java:583)
	at org.testng.internal.Invoker.invokeTestMethod(Invoker.java:719)
	at org.testng.internal.Invoker.invokeTestMethods(Invoker.java:989)
	at org.testng.internal.TestMethodWorker.invokeTestMethods(TestMethodWorker.java:125)
	at org.testng.internal.TestMethodWorker.run(TestMethodWorker.java:109)
	at org.testng.TestRunner.privateRun(TestRunner.java:648)
	at org.testng.TestRunner.run(TestRunner.java:505)
	at org.testng.SuiteRunner.runTest(SuiteRunner.java:455)
	at org.testng.SuiteRunner.runSequentially(SuiteRunner.java:450)
	at org.testng.SuiteRunner.privateRun(SuiteRunner.java:415)
	at org.testng.SuiteRunner.run(SuiteRunner.java:364)
	at org.testng.SuiteRunnerWorker.runSuite(SuiteRunnerWorker.java:52)
	at org.testng.SuiteRunnerWorker.run(SuiteRunnerWorker.java:84)
	at org.testng.TestNG.runSuitesSequentially(TestNG.java:1208)
	at org.testng.TestNG.runSuitesLocally(TestNG.java:1137)
	at org.testng.TestNG.runSuites(TestNG.java:1049)
	at org.testng.TestNG.run(TestNG.java:1017)
	at org.apache.maven.surefire.testng.TestNGExecutor.run(TestNGExecutor.java:135)
	at org.apache.maven.surefire.testng.TestNGDirectoryTestSuite.executeMulti(TestNGDirectoryTestSuite.java:193)
	at org.apache.maven.surefire.testng.TestNGDirectoryTestSuite.execute(TestNGDirectoryTestSuite.java:94)
	at org.apache.maven.surefire.testng.TestNGProvider.invoke(TestNGProvider.java:146)
	at org.apache.maven.surefire.booter.ForkedBooter.invokeProviderInSameClassLoader(ForkedBooter.java:383)
	at org.apache.maven.surefire.booter.ForkedBooter.runSuitesInProcess(ForkedBooter.java:344)
	at org.apache.maven.surefire.booter.ForkedBooter.execute(ForkedBooter.java:125)
	at org.apache.maven.surefire.booter.ForkedBooter.main(ForkedBooter.java:417)
Oct 09,2018 14:29:22 [info]  Launching browser chrome 69.0.3497.100
Oct 09,2018 14:29:37 [info]  open application url: https://chrisryan-dev.dev.cycletrader.com/
Oct 09,2018 14:29:37 [info]  Click On Dealers Menu
Oct 09,2018 14:29:37 [info]  Click On Search Dealer Button
Oct 09,2018 14:29:44 [info]  Assert Find Motorcycle Dealers page.
Oct 09,2018 14:29:55 [info]  Launching browser chrome 69.0.3497.100
Oct 09,2018 14:30:07 [info]  open application url: https://chrisryan-dev.dev.cycletrader.com/
Oct 09,2018 14:30:07 [info]  Click on Find Motorcycle Dealers link at Home page
Oct 09,2018 14:30:15 [info]  Assert Find Motorcycle Dealers page.
Oct 09,2018 14:30:24 [info]  Launching browser chrome 69.0.3497.100
Oct 09,2018 14:30:39 [info]  open application url: https://chrisryan-dev.dev.cycletrader.com/
Oct 09,2018 14:30:39 [info]  Click on Find Motorcycle Dealers link at Home page
Oct 09,2018 14:30:43 [info]  Assert Find By State Section
Oct 09,2018 14:30:52 [info]  Launching browser chrome 69.0.3497.100
Oct 09,2018 14:31:05 [info]  open application url: https://chrisryan-dev.dev.cycletrader.com/
Oct 09,2018 14:31:05 [info]  Click on Find Motorcycle Dealers link at Home page
Oct 09,2018 14:31:13 [info]  Assert Find Motorcycle Dealers page.
Oct 09,2018 14:31:13 [info]  Click on Search button at Find Motorcycle Dealers page and assert result page.
Oct 09,2018 14:31:29 [info]  Launching browser chrome 69.0.3497.100
Oct 09,2018 14:31:45 [info]  open application url: https://chrisryan-dev.dev.cycletrader.com/
Oct 09,2018 14:31:45 [info]  Click on Find Motorcycle Dealers link at Home page
Oct 09,2018 14:31:52 [info]  Assert Find Motorcycle Dealers page.
Oct 09,2018 14:31:53 [info]  Click on Search button at Find Motorcycle Dealers page and assert result page.
Oct 09,2018 14:31:58 [info]  Click On Dealers Links And Assert SearchResult Page
Oct 09,2018 14:32:54 [info]  Oct 09,2018 14:32:54 [info]  <<<<<<<<<<<<<<<<<<<<<<<<<<<<<<<<<< Error message >>>>>>>>>>>>>>>>>>>>>>>>>>>>>>
java.lang.AssertionError: Element Locator ://ul[@class='list-unstyled margin-top10']/li[1]//div/h1 Not found expected [true] but found [false]
	at org.testng.Assert.fail(Assert.java:96)
	at org.testng.Assert.failNotEquals(Assert.java:776)
	at org.testng.Assert.assertTrue(Assert.java:44)
	at com.trader.utils.DriverHelper.clickOn(DriverHelper.java:665)
	at com.trader.pagehelper.DealerHelper.clickOnDealersLinksAndAssertSearchResultPage(DealerHelper.java:86)
	at com.trader.scripts.SmokeTest.dealersLinkredirectionFromDealersResultPage(SmokeTest.java:624)
	at sun.reflect.NativeMethodAccessorImpl.invoke0(Native Method)
	at sun.reflect.NativeMethodAccessorImpl.invoke(NativeMethodAccessorImpl.java:62)
	at sun.reflect.DelegatingMethodAccessorImpl.invoke(DelegatingMethodAccessorImpl.java:43)
	at java.lang.reflect.Method.invoke(Method.java:498)
	at org.testng.internal.MethodInvocationHelper.invokeMethod(MethodInvocationHelper.java:124)
	at org.testng.internal.Invoker.invokeMethod(Invoker.java:583)
	at org.testng.internal.Invoker.invokeTestMethod(Invoker.java:719)
	at org.testng.internal.Invoker.invokeTestMethods(Invoker.java:989)
	at org.testng.internal.TestMethodWorker.invokeTestMethods(TestMethodWorker.java:125)
	at org.testng.internal.TestMethodWorker.run(TestMethodWorker.java:109)
	at org.testng.TestRunner.privateRun(TestRunner.java:648)
	at org.testng.TestRunner.run(TestRunner.java:505)
	at org.testng.SuiteRunner.runTest(SuiteRunner.java:455)
	at org.testng.SuiteRunner.runSequentially(SuiteRunner.java:450)
	at org.testng.SuiteRunner.privateRun(SuiteRunner.java:415)
	at org.testng.SuiteRunner.run(SuiteRunner.java:364)
	at org.testng.SuiteRunnerWorker.runSuite(SuiteRunnerWorker.java:52)
	at org.testng.SuiteRunnerWorker.run(SuiteRunnerWorker.java:84)
	at org.testng.TestNG.runSuitesSequentially(TestNG.java:1208)
	at org.testng.TestNG.runSuitesLocally(TestNG.java:1137)
	at org.testng.TestNG.runSuites(TestNG.java:1049)
	at org.testng.TestNG.run(TestNG.java:1017)
	at org.apache.maven.surefire.testng.TestNGExecutor.run(TestNGExecutor.java:135)
	at org.apache.maven.surefire.testng.TestNGDirectoryTestSuite.executeMulti(TestNGDirectoryTestSuite.java:193)
	at org.apache.maven.surefire.testng.TestNGDirectoryTestSuite.execute(TestNGDirectoryTestSuite.java:94)
	at org.apache.maven.surefire.testng.TestNGProvider.invoke(TestNGProvider.java:146)
	at org.apache.maven.surefire.booter.ForkedBooter.invokeProviderInSameClassLoader(ForkedBooter.java:383)
	at org.apache.maven.surefire.booter.ForkedBooter.runSuitesInProcess(ForkedBooter.java:344)
	at org.apache.maven.surefire.booter.ForkedBooter.execute(ForkedBooter.java:125)
	at org.apache.maven.surefire.booter.ForkedBooter.main(ForkedBooter.java:417)
Oct 09,2018 14:33:02 [info]  Launching browser chrome 69.0.3497.100
Oct 09,2018 14:33:20 [info]  open application url: https://chrisryan-dev.dev.cycletrader.com/
Oct 09,2018 14:33:20 [info]  Click on More Hamburger Button
Oct 09,2018 14:33:20 [info]  Assert Hamburger listing and close icon
Oct 09,2018 14:33:20 [info]  Welcome to My Trader text on My Trader page
Oct 09,2018 14:33:27 [info]  Click On Join My Trader Button
Oct 09,2018 14:33:30 [info]  Get Password
Oct 09,2018 14:33:30 [info]  Get Re-password
Oct 09,2018 14:33:30 [info]  Enter Email ID
Oct 09,2018 14:33:31 [info]  Enter Password
Oct 09,2018 14:33:31 [info]  Enter Re-Password
Oct 09,2018 14:33:31 [info]  Click On Join My Tader Button at Join Trader page
Oct 09,2018 14:33:37 [info]  Welcome to My Trader text on My Trader page
Oct 09,2018 14:33:37 [info]  Click on application logo in header
Oct 09,2018 14:33:43 [info]  Get Keyword
Oct 09,2018 14:33:43 [info]  Get Zip Code
Oct 09,2018 14:33:43 [info]  Get Radius
Oct 09,2018 14:33:43 [info]  Enter KeyWord
Oct 09,2018 14:33:44 [info]  Select Options from suggestion
Oct 09,2018 14:33:47 [info]  Enter Zip Code
Oct 09,2018 14:33:47 [info]  Select Radius
Oct 09,2018 14:33:48 [info]  Click on find button
Oct 09,2018 14:33:54 [info]  Ad's Search Result page.
Oct 09,2018 14:33:59 [info]  Click On Save This Search And Assert Saved Search
Oct 09,2018 14:33:59 [info]  Oct 09,2018 14:33:59 [info]  <<<<<<<<<<<<<<<<<<<<<<<<<<<<<<<<<< Error message >>>>>>>>>>>>>>>>>>>>>>>>>>>>>>
org.openqa.selenium.ElementNotVisibleException: element not visible
  (Session info: chrome=69.0.3497.100)
  (Driver info: chromedriver=2.38.552522 (437e6fbedfa8762dec75e2c5b3ddb86763dc9dcb),platform=Windows NT 6.1.7601 SP1 x86_64) (WARNING: The server did not provide any stacktrace information)
Command duration or timeout: 0 milliseconds
Build info: version: '3.10.0', revision: '176b4a9', time: '2018-03-02T19:03:16.397Z'
System info: host: '360NDCLP093', ip: '127.0.0.1', os.name: 'Windows 7', os.arch: 'amd64', os.version: '6.1', java.version: '1.8.0_181'
Driver info: org.openqa.selenium.chrome.ChromeDriver
Capabilities {acceptInsecureCerts: false, acceptSslCerts: false, applicationCacheEnabled: false, browserConnectionEnabled: false, browserName: chrome, chrome: {chromedriverVersion: 2.38.552522 (437e6fbedfa876..., userDataDir: C:\Users\viveks\AppData\Loc...}, cssSelectorsEnabled: true, databaseEnabled: false, handlesAlerts: true, hasTouchScreen: false, javascriptEnabled: true, locationContextEnabled: true, mobileEmulationEnabled: false, nativeEvents: true, networkConnectionEnabled: false, pageLoadStrategy: normal, platform: XP, platformName: XP, rotatable: false, setWindowRect: true, takesHeapSnapshot: true, takesScreenshot: true, unexpectedAlertBehaviour: , unhandledPromptBehavior: , version: 69.0.3497.100, webStorageEnabled: true}
Session ID: 29c352cf716979dcf6265a081224ccc0
	at sun.reflect.NativeConstructorAccessorImpl.newInstance0(Native Method)
	at sun.reflect.NativeConstructorAccessorImpl.newInstance(NativeConstructorAccessorImpl.java:62)
	at sun.reflect.DelegatingConstructorAccessorImpl.newInstance(DelegatingConstructorAccessorImpl.java:45)
	at java.lang.reflect.Constructor.newInstance(Constructor.java:423)
	at org.openqa.selenium.remote.ErrorHandler.createThrowable(ErrorHandler.java:214)
	at org.openqa.selenium.remote.ErrorHandler.throwIfResponseFailed(ErrorHandler.java:166)
	at org.openqa.selenium.remote.http.JsonHttpResponseCodec.reconstructValue(JsonHttpResponseCodec.java:40)
	at org.openqa.selenium.remote.http.AbstractHttpResponseCodec.decode(AbstractHttpResponseCodec.java:80)
	at org.openqa.selenium.remote.http.AbstractHttpResponseCodec.decode(AbstractHttpResponseCodec.java:44)
	at org.openqa.selenium.remote.HttpCommandExecutor.execute(HttpCommandExecutor.java:160)
	at org.openqa.selenium.remote.service.DriverCommandExecutor.execute(DriverCommandExecutor.java:83)
	at org.openqa.selenium.remote.RemoteWebDriver.execute(RemoteWebDriver.java:601)
	at org.openqa.selenium.remote.RemoteWebElement.execute(RemoteWebElement.java:279)
	at org.openqa.selenium.remote.RemoteWebElement.click(RemoteWebElement.java:83)
	at com.trader.utils.DriverHelper.clickOn(DriverHelper.java:668)
	at com.trader.pagehelper.SearchHelper.clickOnSaveThisSearchAndAssertSavedSearch(SearchHelper.java:946)
	at com.trader.scripts.SmokeTest.ableToSaveSearch(SmokeTest.java:650)
	at sun.reflect.NativeMethodAccessorImpl.invoke0(Native Method)
	at sun.reflect.NativeMethodAccessorImpl.invoke(NativeMethodAccessorImpl.java:62)
	at sun.reflect.DelegatingMethodAccessorImpl.invoke(DelegatingMethodAccessorImpl.java:43)
	at java.lang.reflect.Method.invoke(Method.java:498)
	at org.testng.internal.MethodInvocationHelper.invokeMethod(MethodInvocationHelper.java:124)
	at org.testng.internal.Invoker.invokeMethod(Invoker.java:583)
	at org.testng.internal.Invoker.invokeTestMethod(Invoker.java:719)
	at org.testng.internal.Invoker.invokeTestMethods(Invoker.java:989)
	at org.testng.internal.TestMethodWorker.invokeTestMethods(TestMethodWorker.java:125)
	at org.testng.internal.TestMethodWorker.run(TestMethodWorker.java:109)
	at org.testng.TestRunner.privateRun(TestRunner.java:648)
	at org.testng.TestRunner.run(TestRunner.java:505)
	at org.testng.SuiteRunner.runTest(SuiteRunner.java:455)
	at org.testng.SuiteRunner.runSequentially(SuiteRunner.java:450)
	at org.testng.SuiteRunner.privateRun(SuiteRunner.java:415)
	at org.testng.SuiteRunner.run(SuiteRunner.java:364)
	at org.testng.SuiteRunnerWorker.runSuite(SuiteRunnerWorker.java:52)
	at org.testng.SuiteRunnerWorker.run(SuiteRunnerWorker.java:84)
	at org.testng.TestNG.runSuitesSequentially(TestNG.java:1208)
	at org.testng.TestNG.runSuitesLocally(TestNG.java:1137)
	at org.testng.TestNG.runSuites(TestNG.java:1049)
	at org.testng.TestNG.run(TestNG.java:1017)
	at org.apache.maven.surefire.testng.TestNGExecutor.run(TestNGExecutor.java:135)
	at org.apache.maven.surefire.testng.TestNGDirectoryTestSuite.executeMulti(TestNGDirectoryTestSuite.java:193)
	at org.apache.maven.surefire.testng.TestNGDirectoryTestSuite.execute(TestNGDirectoryTestSuite.java:94)
	at org.apache.maven.surefire.testng.TestNGProvider.invoke(TestNGProvider.java:146)
	at org.apache.maven.surefire.booter.ForkedBooter.invokeProviderInSameClassLoader(ForkedBooter.java:383)
	at org.apache.maven.surefire.booter.ForkedBooter.runSuitesInProcess(ForkedBooter.java:344)
	at org.apache.maven.surefire.booter.ForkedBooter.execute(ForkedBooter.java:125)
	at org.apache.maven.surefire.booter.ForkedBooter.main(ForkedBooter.java:417)
Oct 09,2018 14:34:09 [info]  Launching browser chrome 69.0.3497.100
Oct 09,2018 14:34:25 [info]  open application url: https://chrisryan-dev.dev.cycletrader.com/
Oct 09,2018 14:34:25 [info]  Click on More Hamburger Button
Oct 09,2018 14:34:25 [info]  Assert Hamburger listing and close icon
Oct 09,2018 14:34:25 [info]  Welcome to My Trader text on My Trader page
Oct 09,2018 14:34:33 [info]  Click On Join My Trader Button
Oct 09,2018 14:34:38 [info]  Get Password
Oct 09,2018 14:34:38 [info]  Get Re-password
Oct 09,2018 14:34:38 [info]  Enter Email ID
Oct 09,2018 14:34:39 [info]  Enter Password
Oct 09,2018 14:34:39 [info]  Enter Re-Password
Oct 09,2018 14:34:39 [info]  Click On Join My Tader Button at Join Trader page
Oct 09,2018 14:34:45 [info]  Welcome to My Trader text on My Trader page
Oct 09,2018 14:34:45 [info]  Click on application logo in header
Oct 09,2018 14:34:48 [info]  Get Keyword
Oct 09,2018 14:34:48 [info]  Get Zip Code
Oct 09,2018 14:34:48 [info]  Get Radius
Oct 09,2018 14:34:48 [info]  Enter KeyWord
Oct 09,2018 14:34:53 [info]  Select Options from suggestion
Oct 09,2018 14:34:56 [info]  Enter Zip Code
Oct 09,2018 14:34:56 [info]  Select Radius
Oct 09,2018 14:34:57 [info]  Click on find button
Oct 09,2018 14:35:04 [info]  Ad's Search Result page.
Oct 09,2018 14:35:05 [info]  Click On Ad And Assert Ad Details Page
Oct 09,2018 14:36:02 [info]  Oct 09,2018 14:36:02 [info]  <<<<<<<<<<<<<<<<<<<<<<<<<<<<<<<<<< Error message >>>>>>>>>>>>>>>>>>>>>>>>>>>>>>
java.lang.AssertionError: Element Locator ://div[@id='listView']/div[1]/div/div[1]/div[2]/a Not found expected [true] but found [false]
	at org.testng.Assert.fail(Assert.java:96)
	at org.testng.Assert.failNotEquals(Assert.java:776)
	at org.testng.Assert.assertTrue(Assert.java:44)
	at com.trader.utils.DriverHelper.clickOn(DriverHelper.java:665)
	at com.trader.pagehelper.SearchHelper.clickOnSaveIconAndAssertsavedListing(SearchHelper.java:970)
	at com.trader.scripts.SmokeTest.ableToSaveListing(SmokeTest.java:679)
	at sun.reflect.NativeMethodAccessorImpl.invoke0(Native Method)
	at sun.reflect.NativeMethodAccessorImpl.invoke(NativeMethodAccessorImpl.java:62)
	at sun.reflect.DelegatingMethodAccessorImpl.invoke(DelegatingMethodAccessorImpl.java:43)
	at java.lang.reflect.Method.invoke(Method.java:498)
	at org.testng.internal.MethodInvocationHelper.invokeMethod(MethodInvocationHelper.java:124)
	at org.testng.internal.Invoker.invokeMethod(Invoker.java:583)
	at org.testng.internal.Invoker.invokeTestMethod(Invoker.java:719)
	at org.testng.internal.Invoker.invokeTestMethods(Invoker.java:989)
	at org.testng.internal.TestMethodWorker.invokeTestMethods(TestMethodWorker.java:125)
	at org.testng.internal.TestMethodWorker.run(TestMethodWorker.java:109)
	at org.testng.TestRunner.privateRun(TestRunner.java:648)
	at org.testng.TestRunner.run(TestRunner.java:505)
	at org.testng.SuiteRunner.runTest(SuiteRunner.java:455)
	at org.testng.SuiteRunner.runSequentially(SuiteRunner.java:450)
	at org.testng.SuiteRunner.privateRun(SuiteRunner.java:415)
	at org.testng.SuiteRunner.run(SuiteRunner.java:364)
	at org.testng.SuiteRunnerWorker.runSuite(SuiteRunnerWorker.java:52)
	at org.testng.SuiteRunnerWorker.run(SuiteRunnerWorker.java:84)
	at org.testng.TestNG.runSuitesSequentially(TestNG.java:1208)
	at org.testng.TestNG.runSuitesLocally(TestNG.java:1137)
	at org.testng.TestNG.runSuites(TestNG.java:1049)
	at org.testng.TestNG.run(TestNG.java:1017)
	at org.apache.maven.surefire.testng.TestNGExecutor.run(TestNGExecutor.java:135)
	at org.apache.maven.surefire.testng.TestNGDirectoryTestSuite.executeMulti(TestNGDirectoryTestSuite.java:193)
	at org.apache.maven.surefire.testng.TestNGDirectoryTestSuite.execute(TestNGDirectoryTestSuite.java:94)
	at org.apache.maven.surefire.testng.TestNGProvider.invoke(TestNGProvider.java:146)
	at org.apache.maven.surefire.booter.ForkedBooter.invokeProviderInSameClassLoader(ForkedBooter.java:383)
	at org.apache.maven.surefire.booter.ForkedBooter.runSuitesInProcess(ForkedBooter.java:344)
	at org.apache.maven.surefire.booter.ForkedBooter.execute(ForkedBooter.java:125)
	at org.apache.maven.surefire.booter.ForkedBooter.main(ForkedBooter.java:417)
Oct 09,2018 14:36:11 [info]  Launching browser chrome 69.0.3497.100
Oct 09,2018 14:36:29 [info]  open application url: https://chrisryan-dev.dev.cycletrader.com/
Oct 09,2018 14:36:29 [info]  Click on More Hamburger Button
Oct 09,2018 14:36:29 [info]  Assert Hamburger listing and close icon
Oct 09,2018 14:36:29 [info]  Welcome to My Trader text on My Trader page
Oct 09,2018 14:36:37 [info]  Click On Join My Trader Button
Oct 09,2018 14:36:42 [info]  Get Password
Oct 09,2018 14:36:42 [info]  Get Re-password
Oct 09,2018 14:36:42 [info]  Enter Email ID
Oct 09,2018 14:36:43 [info]  Enter Password
Oct 09,2018 14:36:43 [info]  Enter Re-Password
Oct 09,2018 14:36:43 [info]  Click On Join My Tader Button at Join Trader page
Oct 09,2018 14:36:47 [info]  Welcome to My Trader text on My Trader page
Oct 09,2018 14:36:47 [info]  Click on application logo in header
Oct 09,2018 14:36:49 [info]  Search tab enabled
Oct 09,2018 14:36:57 [info]  Get Keyword
Oct 09,2018 14:36:57 [info]  Get Zip Code
Oct 09,2018 14:36:57 [info]  Get Radius
Oct 09,2018 14:36:57 [info]  Enter KeyWord
Oct 09,2018 14:36:57 [info]  Select Options from suggestion
Oct 09,2018 14:37:00 [info]  Enter Zip Code
Oct 09,2018 14:37:00 [info]  Select Radius
Oct 09,2018 14:37:01 [info]  Click on find button
Oct 09,2018 14:37:09 [info]  Ad's Search Result page.
Oct 09,2018 14:37:09 [info]  Click On Save listings link And Assert saved Listings
Oct 09,2018 14:37:19 [info]  Oct 09,2018 14:37:19 [info]  <<<<<<<<<<<<<<<<<<<<<<<<<<<<<<<<<< Error message >>>>>>>>>>>>>>>>>>>>>>>>>>>>>>
org.openqa.selenium.NoSuchElementException: no such element: Unable to locate element: {"method":"xpath","selector":"//div[@id='listView']/div[1]/div/div[1]/div[2]/a"}
  (Session info: chrome=69.0.3497.100)
  (Driver info: chromedriver=2.38.552522 (437e6fbedfa8762dec75e2c5b3ddb86763dc9dcb),platform=Windows NT 6.1.7601 SP1 x86_64) (WARNING: The server did not provide any stacktrace information)
Command duration or timeout: 0 milliseconds
For documentation on this error, please visit: http://seleniumhq.org/exceptions/no_such_element.html
Build info: version: '3.10.0', revision: '176b4a9', time: '2018-03-02T19:03:16.397Z'
System info: host: '360NDCLP093', ip: '127.0.0.1', os.name: 'Windows 7', os.arch: 'amd64', os.version: '6.1', java.version: '1.8.0_181'
Driver info: org.openqa.selenium.chrome.ChromeDriver
Capabilities {acceptInsecureCerts: false, acceptSslCerts: false, applicationCacheEnabled: false, browserConnectionEnabled: false, browserName: chrome, chrome: {chromedriverVersion: 2.38.552522 (437e6fbedfa876..., userDataDir: C:\Users\viveks\AppData\Loc...}, cssSelectorsEnabled: true, databaseEnabled: false, handlesAlerts: true, hasTouchScreen: false, javascriptEnabled: true, locationContextEnabled: true, mobileEmulationEnabled: false, nativeEvents: true, networkConnectionEnabled: false, pageLoadStrategy: normal, platform: XP, platformName: XP, rotatable: false, setWindowRect: true, takesHeapSnapshot: true, takesScreenshot: true, unexpectedAlertBehaviour: , unhandledPromptBehavior: , version: 69.0.3497.100, webStorageEnabled: true}
Session ID: 972aa79be85cf42bf66d2af20ae1ebd8
*** Element info: {Using=xpath, value=//div[@id='listView']/div[1]/div/div[1]/div[2]/a}
	at sun.reflect.NativeConstructorAccessorImpl.newInstance0(Native Method)
	at sun.reflect.NativeConstructorAccessorImpl.newInstance(NativeConstructorAccessorImpl.java:62)
	at sun.reflect.DelegatingConstructorAccessorImpl.newInstance(DelegatingConstructorAccessorImpl.java:45)
	at java.lang.reflect.Constructor.newInstance(Constructor.java:423)
	at org.openqa.selenium.remote.ErrorHandler.createThrowable(ErrorHandler.java:214)
	at org.openqa.selenium.remote.ErrorHandler.throwIfResponseFailed(ErrorHandler.java:166)
	at org.openqa.selenium.remote.http.JsonHttpResponseCodec.reconstructValue(JsonHttpResponseCodec.java:40)
	at org.openqa.selenium.remote.http.AbstractHttpResponseCodec.decode(AbstractHttpResponseCodec.java:80)
	at org.openqa.selenium.remote.http.AbstractHttpResponseCodec.decode(AbstractHttpResponseCodec.java:44)
	at org.openqa.selenium.remote.HttpCommandExecutor.execute(HttpCommandExecutor.java:160)
	at org.openqa.selenium.remote.service.DriverCommandExecutor.execute(DriverCommandExecutor.java:83)
	at org.openqa.selenium.remote.RemoteWebDriver.execute(RemoteWebDriver.java:601)
	at org.openqa.selenium.remote.RemoteWebDriver.findElement(RemoteWebDriver.java:371)
	at org.openqa.selenium.remote.RemoteWebDriver.findElementByXPath(RemoteWebDriver.java:473)
	at org.openqa.selenium.By$ByXPath.findElement(By.java:361)
	at org.openqa.selenium.remote.RemoteWebDriver.findElement(RemoteWebDriver.java:363)
	at com.trader.pagehelper.SearchHelper.clickOnSaveListingLinkAndAssertSavedListing(SearchHelper.java:996)
	at com.trader.scripts.SmokeTest.ableToSaveListingFromSearchResultPage(SmokeTest.java:708)
	at sun.reflect.NativeMethodAccessorImpl.invoke0(Native Method)
	at sun.reflect.NativeMethodAccessorImpl.invoke(NativeMethodAccessorImpl.java:62)
	at sun.reflect.DelegatingMethodAccessorImpl.invoke(DelegatingMethodAccessorImpl.java:43)
	at java.lang.reflect.Method.invoke(Method.java:498)
	at org.testng.internal.MethodInvocationHelper.invokeMethod(MethodInvocationHelper.java:124)
	at org.testng.internal.Invoker.invokeMethod(Invoker.java:583)
	at org.testng.internal.Invoker.invokeTestMethod(Invoker.java:719)
	at org.testng.internal.Invoker.invokeTestMethods(Invoker.java:989)
	at org.testng.internal.TestMethodWorker.invokeTestMethods(TestMethodWorker.java:125)
	at org.testng.internal.TestMethodWorker.run(TestMethodWorker.java:109)
	at org.testng.TestRunner.privateRun(TestRunner.java:648)
	at org.testng.TestRunner.run(TestRunner.java:505)
	at org.testng.SuiteRunner.runTest(SuiteRunner.java:455)
	at org.testng.SuiteRunner.runSequentially(SuiteRunner.java:450)
	at org.testng.SuiteRunner.privateRun(SuiteRunner.java:415)
	at org.testng.SuiteRunner.run(SuiteRunner.java:364)
	at org.testng.SuiteRunnerWorker.runSuite(SuiteRunnerWorker.java:52)
	at org.testng.SuiteRunnerWorker.run(SuiteRunnerWorker.java:84)
	at org.testng.TestNG.runSuitesSequentially(TestNG.java:1208)
	at org.testng.TestNG.runSuitesLocally(TestNG.java:1137)
	at org.testng.TestNG.runSuites(TestNG.java:1049)
	at org.testng.TestNG.run(TestNG.java:1017)
	at org.apache.maven.surefire.testng.TestNGExecutor.run(TestNGExecutor.java:135)
	at org.apache.maven.surefire.testng.TestNGDirectoryTestSuite.executeMulti(TestNGDirectoryTestSuite.java:193)
	at org.apache.maven.surefire.testng.TestNGDirectoryTestSuite.execute(TestNGDirectoryTestSuite.java:94)
	at org.apache.maven.surefire.testng.TestNGProvider.invoke(TestNGProvider.java:146)
	at org.apache.maven.surefire.booter.ForkedBooter.invokeProviderInSameClassLoader(ForkedBooter.java:383)
	at org.apache.maven.surefire.booter.ForkedBooter.runSuitesInProcess(ForkedBooter.java:344)
	at org.apache.maven.surefire.booter.ForkedBooter.execute(ForkedBooter.java:125)
	at org.apache.maven.surefire.booter.ForkedBooter.main(ForkedBooter.java:417)
Oct 09,2018 14:37:30 [info]  Launching browser chrome 69.0.3497.100
Oct 09,2018 14:37:43 [info]  open application url: https://chrisryan-dev.dev.cycletrader.com/
Oct 09,2018 14:37:43 [info]  Click Login link
Oct 09,2018 14:37:50 [info]  Get user name
Oct 09,2018 14:37:50 [info]  Get password
Oct 09,2018 14:37:50 [info]  Enter Email ID
Oct 09,2018 14:37:51 [info]  Enter Password
Oct 09,2018 14:37:51 [info]  Click on Sign in button
Oct 09,2018 14:37:56 [info]  Welcome to My Trader text on My Trader page
Oct 09,2018 14:37:56 [info]  Click on application logo in header
Oct 09,2018 14:37:59 [info]  Search tab enabled
Oct 09,2018 14:38:13 [info]  Get Keyword
Oct 09,2018 14:38:13 [info]  Get Zip Code
Oct 09,2018 14:38:13 [info]  Get Radius
Oct 09,2018 14:38:13 [info]  Enter KeyWord
Oct 09,2018 14:38:14 [info]  Select Options from suggestion
Oct 09,2018 14:38:18 [info]  Enter Zip Code
Oct 09,2018 14:38:18 [info]  Select Radius
Oct 09,2018 14:38:19 [info]  Click on find button
Oct 09,2018 14:38:30 [info]  Ad's Search Result page.
Oct 09,2018 14:38:30 [info]  Click On Ad And Assert Ad Details Page
Oct 09,2018 14:38:59 [info]  Oct 09,2018 14:38:59 [info]  <<<<<<<<<<<<<<<<<<<<<<<<<<<<<<<<<< Error message >>>>>>>>>>>>>>>>>>>>>>>>>>>>>>
java.lang.AssertionError: Element Locator ://div[@id='listView']/div[1]/div/div[1]/div[2]/a Not found expected [true] but found [false]
	at org.testng.Assert.fail(Assert.java:96)
	at org.testng.Assert.failNotEquals(Assert.java:776)
	at org.testng.Assert.assertTrue(Assert.java:44)
	at com.trader.utils.DriverHelper.getText(DriverHelper.java:851)
	at com.trader.utils.DriverHelper.getText(DriverHelper.java:845)
	at com.trader.pagehelper.SearchHelper.clickOnAdAndAssertAdDetailsPage(SearchHelper.java:1019)
	at com.trader.scripts.SmokeTest.ADImageRedirectOnDetailsPage(SmokeTest.java:731)
	at sun.reflect.NativeMethodAccessorImpl.invoke0(Native Method)
	at sun.reflect.NativeMethodAccessorImpl.invoke(NativeMethodAccessorImpl.java:62)
	at sun.reflect.DelegatingMethodAccessorImpl.invoke(DelegatingMethodAccessorImpl.java:43)
	at java.lang.reflect.Method.invoke(Method.java:498)
	at org.testng.internal.MethodInvocationHelper.invokeMethod(MethodInvocationHelper.java:124)
	at org.testng.internal.Invoker.invokeMethod(Invoker.java:583)
	at org.testng.internal.Invoker.invokeTestMethod(Invoker.java:719)
	at org.testng.internal.Invoker.invokeTestMethods(Invoker.java:989)
	at org.testng.internal.TestMethodWorker.invokeTestMethods(TestMethodWorker.java:125)
	at org.testng.internal.TestMethodWorker.run(TestMethodWorker.java:109)
	at org.testng.TestRunner.privateRun(TestRunner.java:648)
	at org.testng.TestRunner.run(TestRunner.java:505)
	at org.testng.SuiteRunner.runTest(SuiteRunner.java:455)
	at org.testng.SuiteRunner.runSequentially(SuiteRunner.java:450)
	at org.testng.SuiteRunner.privateRun(SuiteRunner.java:415)
	at org.testng.SuiteRunner.run(SuiteRunner.java:364)
	at org.testng.SuiteRunnerWorker.runSuite(SuiteRunnerWorker.java:52)
	at org.testng.SuiteRunnerWorker.run(SuiteRunnerWorker.java:84)
	at org.testng.TestNG.runSuitesSequentially(TestNG.java:1208)
	at org.testng.TestNG.runSuitesLocally(TestNG.java:1137)
	at org.testng.TestNG.runSuites(TestNG.java:1049)
	at org.testng.TestNG.run(TestNG.java:1017)
	at org.apache.maven.surefire.testng.TestNGExecutor.run(TestNGExecutor.java:135)
	at org.apache.maven.surefire.testng.TestNGDirectoryTestSuite.executeMulti(TestNGDirectoryTestSuite.java:193)
	at org.apache.maven.surefire.testng.TestNGDirectoryTestSuite.execute(TestNGDirectoryTestSuite.java:94)
	at org.apache.maven.surefire.testng.TestNGProvider.invoke(TestNGProvider.java:146)
	at org.apache.maven.surefire.booter.ForkedBooter.invokeProviderInSameClassLoader(ForkedBooter.java:383)
	at org.apache.maven.surefire.booter.ForkedBooter.runSuitesInProcess(ForkedBooter.java:344)
	at org.apache.maven.surefire.booter.ForkedBooter.execute(ForkedBooter.java:125)
	at org.apache.maven.surefire.booter.ForkedBooter.main(ForkedBooter.java:417)
Oct 09,2018 14:39:08 [info]  Launching browser chrome 69.0.3497.100
Oct 09,2018 14:39:22 [info]  open application url: https://chrisryan-dev.dev.cycletrader.com/
Oct 09,2018 14:39:22 [info]  Click Login link
Oct 09,2018 14:39:27 [info]  Get user name
Oct 09,2018 14:39:27 [info]  Get password
Oct 09,2018 14:39:27 [info]  Enter Email ID
Oct 09,2018 14:39:27 [info]  Enter Password
Oct 09,2018 14:39:28 [info]  Click on Sign in button
Oct 09,2018 14:39:31 [info]  Welcome to My Trader text on My Trader page
Oct 09,2018 14:39:31 [info]  Click on application logo in header
Oct 09,2018 14:39:39 [info]  Search tab enabled
Oct 09,2018 14:39:45 [info]  Get Keyword
Oct 09,2018 14:39:45 [info]  Get Zip Code
Oct 09,2018 14:39:45 [info]  Get Radius
Oct 09,2018 14:39:45 [info]  Enter KeyWord
Oct 09,2018 14:39:45 [info]  Select Options from suggestion
Oct 09,2018 14:39:48 [info]  Enter Zip Code
Oct 09,2018 14:39:48 [info]  Select Radius
Oct 09,2018 14:39:49 [info]  Click on find button
Oct 09,2018 14:39:57 [info]  Ad's Search Result page.
Oct 09,2018 14:40:01 [info]  Click On Ad And Assert Ad Details Page
Oct 09,2018 14:40:25 [info]  Oct 09,2018 14:40:25 [info]  <<<<<<<<<<<<<<<<<<<<<<<<<<<<<<<<<< Error message >>>>>>>>>>>>>>>>>>>>>>>>>>>>>>
java.lang.AssertionError: Element Locator ://div[@id='listView']/div[1]/div/div[1]/div[2]/a Not found expected [true] but found [false]
	at org.testng.Assert.fail(Assert.java:96)
	at org.testng.Assert.failNotEquals(Assert.java:776)
	at org.testng.Assert.assertTrue(Assert.java:44)
	at com.trader.utils.DriverHelper.getText(DriverHelper.java:851)
	at com.trader.utils.DriverHelper.getText(DriverHelper.java:845)
	at com.trader.pagehelper.SearchHelper.clickOnAdAndAssertAdDetailsPage(SearchHelper.java:1019)
	at com.trader.scripts.SmokeTest.EmailOnlyRedirectOnContactSellerSection(SmokeTest.java:755)
	at sun.reflect.NativeMethodAccessorImpl.invoke0(Native Method)
	at sun.reflect.NativeMethodAccessorImpl.invoke(NativeMethodAccessorImpl.java:62)
	at sun.reflect.DelegatingMethodAccessorImpl.invoke(DelegatingMethodAccessorImpl.java:43)
	at java.lang.reflect.Method.invoke(Method.java:498)
	at org.testng.internal.MethodInvocationHelper.invokeMethod(MethodInvocationHelper.java:124)
	at org.testng.internal.Invoker.invokeMethod(Invoker.java:583)
	at org.testng.internal.Invoker.invokeTestMethod(Invoker.java:719)
	at org.testng.internal.Invoker.invokeTestMethods(Invoker.java:989)
	at org.testng.internal.TestMethodWorker.invokeTestMethods(TestMethodWorker.java:125)
	at org.testng.internal.TestMethodWorker.run(TestMethodWorker.java:109)
	at org.testng.TestRunner.privateRun(TestRunner.java:648)
	at org.testng.TestRunner.run(TestRunner.java:505)
	at org.testng.SuiteRunner.runTest(SuiteRunner.java:455)
	at org.testng.SuiteRunner.runSequentially(SuiteRunner.java:450)
	at org.testng.SuiteRunner.privateRun(SuiteRunner.java:415)
	at org.testng.SuiteRunner.run(SuiteRunner.java:364)
	at org.testng.SuiteRunnerWorker.runSuite(SuiteRunnerWorker.java:52)
	at org.testng.SuiteRunnerWorker.run(SuiteRunnerWorker.java:84)
	at org.testng.TestNG.runSuitesSequentially(TestNG.java:1208)
	at org.testng.TestNG.runSuitesLocally(TestNG.java:1137)
	at org.testng.TestNG.runSuites(TestNG.java:1049)
	at org.testng.TestNG.run(TestNG.java:1017)
	at org.apache.maven.surefire.testng.TestNGExecutor.run(TestNGExecutor.java:135)
	at org.apache.maven.surefire.testng.TestNGDirectoryTestSuite.executeMulti(TestNGDirectoryTestSuite.java:193)
	at org.apache.maven.surefire.testng.TestNGDirectoryTestSuite.execute(TestNGDirectoryTestSuite.java:94)
	at org.apache.maven.surefire.testng.TestNGProvider.invoke(TestNGProvider.java:146)
	at org.apache.maven.surefire.booter.ForkedBooter.invokeProviderInSameClassLoader(ForkedBooter.java:383)
	at org.apache.maven.surefire.booter.ForkedBooter.runSuitesInProcess(ForkedBooter.java:344)
	at org.apache.maven.surefire.booter.ForkedBooter.execute(ForkedBooter.java:125)
	at org.apache.maven.surefire.booter.ForkedBooter.main(ForkedBooter.java:417)
Oct 09,2018 14:40:34 [info]  Launching browser chrome 69.0.3497.100
Oct 09,2018 14:40:53 [info]  open application url: https://chrisryan-dev.dev.cycletrader.com/
Oct 09,2018 14:40:53 [info]  Click on More Hamburger Button
Oct 09,2018 14:40:54 [info]  Assert Hamburger listing and close icon
Oct 09,2018 14:40:54 [info]  Welcome to My Trader text on My Trader page
Oct 09,2018 14:41:02 [info]  Click On Join My Trader Button
Oct 09,2018 14:41:07 [info]  Get Password
Oct 09,2018 14:41:07 [info]  Get Re-password
Oct 09,2018 14:41:07 [info]  Enter Email ID
Oct 09,2018 14:41:08 [info]  Enter Password
Oct 09,2018 14:41:08 [info]  Enter Re-Password
Oct 09,2018 14:41:08 [info]  Click On Join My Tader Button at Join Trader page
Oct 09,2018 14:41:14 [info]  Welcome to My Trader text on My Trader page
Oct 09,2018 14:41:14 [info]  Click on application logo in header
Oct 09,2018 14:41:17 [info]  Click On Sell For Free Menu And Assert Result Page
Oct 09,2018 14:41:20 [info]  Click on Sell Motorcycle button
Oct 09,2018 14:41:29 [info]  Click on Select Enhanced button
Oct 09,2018 14:41:35 [info]  Assert Enter Vehicle Info Tab
Oct 09,2018 14:41:35 [info]  Select Motocycle Class in Class drop down
Oct 09,2018 14:41:36 [info]  Select Listing Year from Year drop down
Oct 09,2018 14:41:36 [info]  Select listing Make from Make drop down
Oct 09,2018 14:41:37 [info]  Select listing Model from Model drop down
Oct 09,2018 14:41:41 [info]  Select listing Trim from Trim drop down
Oct 09,2018 14:41:46 [info]  Enter listing Price in Price field
Oct 09,2018 14:41:50 [info]  Select listing Price Tagline from Price Tagline drop down
Oct 09,2018 14:41:51 [info]  Select listing Category from Category drop down
Oct 09,2018 14:41:51 [info]  Enter listing message in Message field
Oct 09,2018 14:41:52 [info]  Click On Enter Your Contact Info Tab
Oct 09,2018 14:41:52 [info]  Enter First Name and Last Name
Oct 09,2018 14:41:53 [info]  Enter Contact Address
Oct 09,2018 14:41:54 [info]  Enter Contact City
Oct 09,2018 14:41:54 [info]  Select Contact State
Oct 09,2018 14:41:54 [info]  Enter Contact Zip Code
Oct 09,2018 14:41:55 [info]  Enter Contact Phone Number
Oct 09,2018 14:41:55 [info]  Enter Coupon code
Oct 09,2018 14:41:56 [info]  Click on Apply coupon code button
Oct 09,2018 14:41:56 [info]  Click on Checkout button
Oct 09,2018 14:41:56 [info]  Wait for Updating Spinner
Oct 09,2018 14:41:59 [info]  Assert Listing Confirmation Page
Oct 09,2018 14:42:07 [info]  Click on More Hamburger Button
Oct 09,2018 14:42:08 [info]  Assert Hamburger listing and close icon
Oct 09,2018 14:42:08 [info]  Click on Sign out of My Trader link
Oct 09,2018 14:42:12 [info]  Assert successfully signout
Oct 09,2018 14:42:21 [info]  Launching browser chrome 69.0.3497.100
Oct 09,2018 14:42:36 [info]  open application url: https://chrisryan-dev.dev.cycletrader.com/
Oct 09,2018 14:42:36 [info]  Click on More Hamburger Button
Oct 09,2018 14:42:37 [info]  Assert Hamburger listing and close icon
Oct 09,2018 14:42:37 [info]  Welcome to My Trader text on My Trader page
Oct 09,2018 14:42:45 [info]  Click On Join My Trader Button
Oct 09,2018 14:42:49 [info]  Get Password
Oct 09,2018 14:42:49 [info]  Get Re-password
Oct 09,2018 14:42:49 [info]  Enter Email ID
Oct 09,2018 14:42:50 [info]  Enter Password
Oct 09,2018 14:42:50 [info]  Enter Re-Password
Oct 09,2018 14:42:51 [info]  Click On Join My Tader Button at Join Trader page
Oct 09,2018 14:42:54 [info]  Welcome to My Trader text on My Trader page
Oct 09,2018 14:42:54 [info]  Click on application logo in header
Oct 09,2018 14:42:57 [info]  Click On Sell For Free Menu And Assert Result Page
Oct 09,2018 14:42:57 [info]  Click on Sell Motorcycle button
Oct 09,2018 14:43:04 [info]  Click on Select Best button
Oct 09,2018 14:43:14 [info]  Assert Enter Vehicle Info Tab
Oct 09,2018 14:43:14 [info]  Select Motocycle Class in Class drop down
Oct 09,2018 14:43:15 [info]  Select Listing Year from Year drop down
Oct 09,2018 14:43:15 [info]  Select listing Make from Make drop down
Oct 09,2018 14:43:16 [info]  Select listing Model from Model drop down
Oct 09,2018 14:43:21 [info]  Select listing Trim from Trim drop down
Oct 09,2018 14:43:25 [info]  Enter listing Price in Price field
Oct 09,2018 14:43:30 [info]  Select listing Price Tagline from Price Tagline drop down
Oct 09,2018 14:43:30 [info]  Select listing Category from Category drop down
Oct 09,2018 14:43:31 [info]  Enter listing message in Message field
Oct 09,2018 14:43:31 [info]  Click On Enter Your Contact Info Tab
Oct 09,2018 14:43:32 [info]  Enter First Name and Last Name
Oct 09,2018 14:43:33 [info]  Enter Contact Address
Oct 09,2018 14:43:33 [info]  Enter Contact City
Oct 09,2018 14:43:34 [info]  Select Contact State
Oct 09,2018 14:43:34 [info]  Enter Contact Zip Code
Oct 09,2018 14:43:34 [info]  Enter Contact Phone Number
Oct 09,2018 14:43:35 [info]  Enter Coupon code
Oct 09,2018 14:43:35 [info]  Click on Apply coupon code button
Oct 09,2018 14:43:36 [info]  Click on Checkout button
Oct 09,2018 14:43:36 [info]  Wait for Updating Spinner
Oct 09,2018 14:43:39 [info]  Assert Listing Confirmation Page
Oct 09,2018 14:43:44 [info]  Click on More Hamburger Button
Oct 09,2018 14:43:45 [info]  Assert Hamburger listing and close icon
Oct 09,2018 14:43:45 [info]  Click on Sign out of My Trader link
Oct 09,2018 14:43:50 [info]  Assert successfully signout
Oct 09,2018 14:43:59 [info]  Launching browser chrome 69.0.3497.100
Oct 09,2018 14:44:16 [info]  open application url: https://chrisryan-dev.dev.cycletrader.com/
Oct 09,2018 14:44:16 [info]  Click on More Hamburger Button
Oct 09,2018 14:44:16 [info]  Assert Hamburger listing and close icon
Oct 09,2018 14:44:17 [info]  Welcome to My Trader text on My Trader page
Oct 09,2018 14:44:24 [info]  Click On Join My Trader Button
Oct 09,2018 14:44:29 [info]  Get Password
Oct 09,2018 14:44:29 [info]  Get Re-password
Oct 09,2018 14:44:29 [info]  Enter Email ID
Oct 09,2018 14:44:30 [info]  Enter Password
Oct 09,2018 14:44:30 [info]  Enter Re-Password
Oct 09,2018 14:44:31 [info]  Click On Join My Tader Button at Join Trader page
Oct 09,2018 14:44:35 [info]  Welcome to My Trader text on My Trader page
Oct 09,2018 14:44:36 [info]  Click on application logo in header
Oct 09,2018 14:44:43 [info]  Search tab enabled
Oct 09,2018 14:44:48 [info]  Get Keyword
Oct 09,2018 14:44:48 [info]  Get Zip Code
Oct 09,2018 14:44:48 [info]  Get Radius
Oct 09,2018 14:44:48 [info]  Enter KeyWord
Oct 09,2018 14:44:48 [info]  Select Options from suggestion
Oct 09,2018 14:44:51 [info]  Enter Zip Code
Oct 09,2018 14:44:52 [info]  Select Radius
Oct 09,2018 14:44:52 [info]  Click on find button
Oct 09,2018 14:45:01 [info]  Ad's Search Result page.
Oct 09,2018 14:45:02 [info]  Click On Save listings link And Assert saved Listings
Oct 09,2018 14:45:10 [info]  Oct 09,2018 14:45:10 [info]  <<<<<<<<<<<<<<<<<<<<<<<<<<<<<<<<<< Error message >>>>>>>>>>>>>>>>>>>>>>>>>>>>>>
org.openqa.selenium.NoSuchElementException: no such element: Unable to locate element: {"method":"xpath","selector":"//div[@id='listView']/div[1]/div/div[1]/div[2]/a"}
  (Session info: chrome=69.0.3497.100)
  (Driver info: chromedriver=2.38.552522 (437e6fbedfa8762dec75e2c5b3ddb86763dc9dcb),platform=Windows NT 6.1.7601 SP1 x86_64) (WARNING: The server did not provide any stacktrace information)
Command duration or timeout: 0 milliseconds
For documentation on this error, please visit: http://seleniumhq.org/exceptions/no_such_element.html
Build info: version: '3.10.0', revision: '176b4a9', time: '2018-03-02T19:03:16.397Z'
System info: host: '360NDCLP093', ip: '127.0.0.1', os.name: 'Windows 7', os.arch: 'amd64', os.version: '6.1', java.version: '1.8.0_181'
Driver info: org.openqa.selenium.chrome.ChromeDriver
Capabilities {acceptInsecureCerts: false, acceptSslCerts: false, applicationCacheEnabled: false, browserConnectionEnabled: false, browserName: chrome, chrome: {chromedriverVersion: 2.38.552522 (437e6fbedfa876..., userDataDir: C:\Users\viveks\AppData\Loc...}, cssSelectorsEnabled: true, databaseEnabled: false, handlesAlerts: true, hasTouchScreen: false, javascriptEnabled: true, locationContextEnabled: true, mobileEmulationEnabled: false, nativeEvents: true, networkConnectionEnabled: false, pageLoadStrategy: normal, platform: XP, platformName: XP, rotatable: false, setWindowRect: true, takesHeapSnapshot: true, takesScreenshot: true, unexpectedAlertBehaviour: , unhandledPromptBehavior: , version: 69.0.3497.100, webStorageEnabled: true}
Session ID: 47286828072b2e5ab788b9bc55bd8c69
*** Element info: {Using=xpath, value=//div[@id='listView']/div[1]/div/div[1]/div[2]/a}
	at sun.reflect.NativeConstructorAccessorImpl.newInstance0(Native Method)
	at sun.reflect.NativeConstructorAccessorImpl.newInstance(NativeConstructorAccessorImpl.java:62)
	at sun.reflect.DelegatingConstructorAccessorImpl.newInstance(DelegatingConstructorAccessorImpl.java:45)
	at java.lang.reflect.Constructor.newInstance(Constructor.java:423)
	at org.openqa.selenium.remote.ErrorHandler.createThrowable(ErrorHandler.java:214)
	at org.openqa.selenium.remote.ErrorHandler.throwIfResponseFailed(ErrorHandler.java:166)
	at org.openqa.selenium.remote.http.JsonHttpResponseCodec.reconstructValue(JsonHttpResponseCodec.java:40)
	at org.openqa.selenium.remote.http.AbstractHttpResponseCodec.decode(AbstractHttpResponseCodec.java:80)
	at org.openqa.selenium.remote.http.AbstractHttpResponseCodec.decode(AbstractHttpResponseCodec.java:44)
	at org.openqa.selenium.remote.HttpCommandExecutor.execute(HttpCommandExecutor.java:160)
	at org.openqa.selenium.remote.service.DriverCommandExecutor.execute(DriverCommandExecutor.java:83)
	at org.openqa.selenium.remote.RemoteWebDriver.execute(RemoteWebDriver.java:601)
	at org.openqa.selenium.remote.RemoteWebDriver.findElement(RemoteWebDriver.java:371)
	at org.openqa.selenium.remote.RemoteWebDriver.findElementByXPath(RemoteWebDriver.java:473)
	at org.openqa.selenium.By$ByXPath.findElement(By.java:361)
	at org.openqa.selenium.remote.RemoteWebDriver.findElement(RemoteWebDriver.java:363)
	at com.trader.pagehelper.SearchHelper.clickOnSaveListingLinkAndAssertSavedListing(SearchHelper.java:996)
	at com.trader.scripts.SmokeTest.savedListingShownUnderSavedListingPage(SmokeTest.java:838)
	at sun.reflect.NativeMethodAccessorImpl.invoke0(Native Method)
	at sun.reflect.NativeMethodAccessorImpl.invoke(NativeMethodAccessorImpl.java:62)
	at sun.reflect.DelegatingMethodAccessorImpl.invoke(DelegatingMethodAccessorImpl.java:43)
	at java.lang.reflect.Method.invoke(Method.java:498)
	at org.testng.internal.MethodInvocationHelper.invokeMethod(MethodInvocationHelper.java:124)
	at org.testng.internal.Invoker.invokeMethod(Invoker.java:583)
	at org.testng.internal.Invoker.invokeTestMethod(Invoker.java:719)
	at org.testng.internal.Invoker.invokeTestMethods(Invoker.java:989)
	at org.testng.internal.TestMethodWorker.invokeTestMethods(TestMethodWorker.java:125)
	at org.testng.internal.TestMethodWorker.run(TestMethodWorker.java:109)
	at org.testng.TestRunner.privateRun(TestRunner.java:648)
	at org.testng.TestRunner.run(TestRunner.java:505)
	at org.testng.SuiteRunner.runTest(SuiteRunner.java:455)
	at org.testng.SuiteRunner.runSequentially(SuiteRunner.java:450)
	at org.testng.SuiteRunner.privateRun(SuiteRunner.java:415)
	at org.testng.SuiteRunner.run(SuiteRunner.java:364)
	at org.testng.SuiteRunnerWorker.runSuite(SuiteRunnerWorker.java:52)
	at org.testng.SuiteRunnerWorker.run(SuiteRunnerWorker.java:84)
	at org.testng.TestNG.runSuitesSequentially(TestNG.java:1208)
	at org.testng.TestNG.runSuitesLocally(TestNG.java:1137)
	at org.testng.TestNG.runSuites(TestNG.java:1049)
	at org.testng.TestNG.run(TestNG.java:1017)
	at org.apache.maven.surefire.testng.TestNGExecutor.run(TestNGExecutor.java:135)
	at org.apache.maven.surefire.testng.TestNGDirectoryTestSuite.executeMulti(TestNGDirectoryTestSuite.java:193)
	at org.apache.maven.surefire.testng.TestNGDirectoryTestSuite.execute(TestNGDirectoryTestSuite.java:94)
	at org.apache.maven.surefire.testng.TestNGProvider.invoke(TestNGProvider.java:146)
	at org.apache.maven.surefire.booter.ForkedBooter.invokeProviderInSameClassLoader(ForkedBooter.java:383)
	at org.apache.maven.surefire.booter.ForkedBooter.runSuitesInProcess(ForkedBooter.java:344)
	at org.apache.maven.surefire.booter.ForkedBooter.execute(ForkedBooter.java:125)
	at org.apache.maven.surefire.booter.ForkedBooter.main(ForkedBooter.java:417)
Oct 09,2018 14:45:19 [info]  Launching browser chrome 69.0.3497.100
Oct 09,2018 14:45:33 [info]  open application url: https://chrisryan-dev.dev.cycletrader.com/
Oct 09,2018 14:45:33 [info]  Click on More Hamburger Button
Oct 09,2018 14:45:33 [info]  Assert Hamburger listing and close icon
Oct 09,2018 14:45:33 [info]  Welcome to My Trader text on My Trader page
Oct 09,2018 14:45:41 [info]  Click On Join My Trader Button
Oct 09,2018 14:45:44 [info]  Get Password
Oct 09,2018 14:45:44 [info]  Get Re-password
Oct 09,2018 14:45:44 [info]  Enter Email ID
Oct 09,2018 14:45:45 [info]  Enter Password
Oct 09,2018 14:45:45 [info]  Enter Re-Password
Oct 09,2018 14:45:46 [info]  Click On Join My Tader Button at Join Trader page
Oct 09,2018 14:45:50 [info]  Welcome to My Trader text on My Trader page
Oct 09,2018 14:45:50 [info]  Click on application logo in header
Oct 09,2018 14:45:52 [info]  Get Keyword
Oct 09,2018 14:45:52 [info]  Get Zip Code
Oct 09,2018 14:45:52 [info]  Get Radius
Oct 09,2018 14:45:52 [info]  Enter KeyWord
Oct 09,2018 14:45:52 [info]  Select Options from suggestion
Oct 09,2018 14:45:56 [info]  Enter Zip Code
Oct 09,2018 14:45:57 [info]  Select Radius
Oct 09,2018 14:45:57 [info]  Click on find button
Oct 09,2018 14:46:03 [info]  Ad's Search Result page.
Oct 09,2018 14:46:03 [info]  Click On Save This Search And Assert Saved Search
Oct 09,2018 14:46:15 [info]  Click On Saved Icon in header section
Oct 09,2018 14:46:34 [info]  Click on More Hamburger Button
Oct 09,2018 14:46:34 [info]  Assert Hamburger listing and close icon
Oct 09,2018 14:46:34 [info]  Click on Sign out of My Trader link
Oct 09,2018 14:46:39 [info]  Assert successfully signout
Oct 09,2018 14:46:46 [info]  Launching browser chrome 69.0.3497.100
Oct 09,2018 14:47:03 [info]  open application url: https://chrisryan-dev.dev.cycletrader.com/
Oct 09,2018 14:47:03 [info]  Click on More Hamburger Button
Oct 09,2018 14:47:04 [info]  Assert Hamburger listing and close icon
Oct 09,2018 14:47:04 [info]  Welcome to My Trader text on My Trader page
Oct 09,2018 14:47:10 [info]  Click On Join My Trader Button
Oct 09,2018 14:47:16 [info]  Get Password
Oct 09,2018 14:47:16 [info]  Get Re-password
Oct 09,2018 14:47:16 [info]  Enter Email ID
Oct 09,2018 14:47:16 [info]  Enter Password
Oct 09,2018 14:47:17 [info]  Enter Re-Password
Oct 09,2018 14:47:17 [info]  Click On Join My Tader Button at Join Trader page
Oct 09,2018 14:47:22 [info]  Welcome to My Trader text on My Trader page
Oct 09,2018 14:47:22 [info]  Click on application logo in header
Oct 09,2018 14:47:25 [info]  Search tab enabled
Oct 09,2018 14:47:33 [info]  Get Keyword
Oct 09,2018 14:47:33 [info]  Get Zip Code
Oct 09,2018 14:47:33 [info]  Get Radius
Oct 09,2018 14:47:33 [info]  Enter KeyWord
Oct 09,2018 14:47:33 [info]  Select Options from suggestion
Oct 09,2018 14:47:36 [info]  Enter Zip Code
Oct 09,2018 14:47:37 [info]  Select Radius
Oct 09,2018 14:47:37 [info]  Click on find button
Oct 09,2018 14:47:43 [info]  Ad's Search Result page.
Oct 09,2018 14:47:43 [info]  Click On Save listings link And Assert saved Listings
Oct 09,2018 14:47:55 [info]  Oct 09,2018 14:47:55 [info]  <<<<<<<<<<<<<<<<<<<<<<<<<<<<<<<<<< Error message >>>>>>>>>>>>>>>>>>>>>>>>>>>>>>
org.openqa.selenium.NoSuchElementException: no such element: Unable to locate element: {"method":"xpath","selector":"//div[@id='listView']/div[1]/div/div[1]/div[2]/a"}
  (Session info: chrome=69.0.3497.100)
  (Driver info: chromedriver=2.38.552522 (437e6fbedfa8762dec75e2c5b3ddb86763dc9dcb),platform=Windows NT 6.1.7601 SP1 x86_64) (WARNING: The server did not provide any stacktrace information)
Command duration or timeout: 0 milliseconds
For documentation on this error, please visit: http://seleniumhq.org/exceptions/no_such_element.html
Build info: version: '3.10.0', revision: '176b4a9', time: '2018-03-02T19:03:16.397Z'
System info: host: '360NDCLP093', ip: '127.0.0.1', os.name: 'Windows 7', os.arch: 'amd64', os.version: '6.1', java.version: '1.8.0_181'
Driver info: org.openqa.selenium.chrome.ChromeDriver
Capabilities {acceptInsecureCerts: false, acceptSslCerts: false, applicationCacheEnabled: false, browserConnectionEnabled: false, browserName: chrome, chrome: {chromedriverVersion: 2.38.552522 (437e6fbedfa876..., userDataDir: C:\Users\viveks\AppData\Loc...}, cssSelectorsEnabled: true, databaseEnabled: false, handlesAlerts: true, hasTouchScreen: false, javascriptEnabled: true, locationContextEnabled: true, mobileEmulationEnabled: false, nativeEvents: true, networkConnectionEnabled: false, pageLoadStrategy: normal, platform: XP, platformName: XP, rotatable: false, setWindowRect: true, takesHeapSnapshot: true, takesScreenshot: true, unexpectedAlertBehaviour: , unhandledPromptBehavior: , version: 69.0.3497.100, webStorageEnabled: true}
Session ID: 92d883ed924bc24e0793f7f511175450
*** Element info: {Using=xpath, value=//div[@id='listView']/div[1]/div/div[1]/div[2]/a}
	at sun.reflect.NativeConstructorAccessorImpl.newInstance0(Native Method)
	at sun.reflect.NativeConstructorAccessorImpl.newInstance(NativeConstructorAccessorImpl.java:62)
	at sun.reflect.DelegatingConstructorAccessorImpl.newInstance(DelegatingConstructorAccessorImpl.java:45)
	at java.lang.reflect.Constructor.newInstance(Constructor.java:423)
	at org.openqa.selenium.remote.ErrorHandler.createThrowable(ErrorHandler.java:214)
	at org.openqa.selenium.remote.ErrorHandler.throwIfResponseFailed(ErrorHandler.java:166)
	at org.openqa.selenium.remote.http.JsonHttpResponseCodec.reconstructValue(JsonHttpResponseCodec.java:40)
	at org.openqa.selenium.remote.http.AbstractHttpResponseCodec.decode(AbstractHttpResponseCodec.java:80)
	at org.openqa.selenium.remote.http.AbstractHttpResponseCodec.decode(AbstractHttpResponseCodec.java:44)
	at org.openqa.selenium.remote.HttpCommandExecutor.execute(HttpCommandExecutor.java:160)
	at org.openqa.selenium.remote.service.DriverCommandExecutor.execute(DriverCommandExecutor.java:83)
	at org.openqa.selenium.remote.RemoteWebDriver.execute(RemoteWebDriver.java:601)
	at org.openqa.selenium.remote.RemoteWebDriver.findElement(RemoteWebDriver.java:371)
	at org.openqa.selenium.remote.RemoteWebDriver.findElementByXPath(RemoteWebDriver.java:473)
	at org.openqa.selenium.By$ByXPath.findElement(By.java:361)
	at org.openqa.selenium.remote.RemoteWebDriver.findElement(RemoteWebDriver.java:363)
	at com.trader.pagehelper.SearchHelper.clickOnSaveListingLinkAndAssertSavedListing(SearchHelper.java:996)
	at com.trader.pagehelper.SearchHelper.saveListing(SearchHelper.java:1075)
	at com.trader.scripts.SmokeTest.allSavedListingAndSearchesOnMyTraderPage(SmokeTest.java:876)
	at sun.reflect.NativeMethodAccessorImpl.invoke0(Native Method)
	at sun.reflect.NativeMethodAccessorImpl.invoke(NativeMethodAccessorImpl.java:62)
	at sun.reflect.DelegatingMethodAccessorImpl.invoke(DelegatingMethodAccessorImpl.java:43)
	at java.lang.reflect.Method.invoke(Method.java:498)
	at org.testng.internal.MethodInvocationHelper.invokeMethod(MethodInvocationHelper.java:124)
	at org.testng.internal.Invoker.invokeMethod(Invoker.java:583)
	at org.testng.internal.Invoker.invokeTestMethod(Invoker.java:719)
	at org.testng.internal.Invoker.invokeTestMethods(Invoker.java:989)
	at org.testng.internal.TestMethodWorker.invokeTestMethods(TestMethodWorker.java:125)
	at org.testng.internal.TestMethodWorker.run(TestMethodWorker.java:109)
	at org.testng.TestRunner.privateRun(TestRunner.java:648)
	at org.testng.TestRunner.run(TestRunner.java:505)
	at org.testng.SuiteRunner.runTest(SuiteRunner.java:455)
	at org.testng.SuiteRunner.runSequentially(SuiteRunner.java:450)
	at org.testng.SuiteRunner.privateRun(SuiteRunner.java:415)
	at org.testng.SuiteRunner.run(SuiteRunner.java:364)
	at org.testng.SuiteRunnerWorker.runSuite(SuiteRunnerWorker.java:52)
	at org.testng.SuiteRunnerWorker.run(SuiteRunnerWorker.java:84)
	at org.testng.TestNG.runSuitesSequentially(TestNG.java:1208)
	at org.testng.TestNG.runSuitesLocally(TestNG.java:1137)
	at org.testng.TestNG.runSuites(TestNG.java:1049)
	at org.testng.TestNG.run(TestNG.java:1017)
	at org.apache.maven.surefire.testng.TestNGExecutor.run(TestNGExecutor.java:135)
	at org.apache.maven.surefire.testng.TestNGDirectoryTestSuite.executeMulti(TestNGDirectoryTestSuite.java:193)
	at org.apache.maven.surefire.testng.TestNGDirectoryTestSuite.execute(TestNGDirectoryTestSuite.java:94)
	at org.apache.maven.surefire.testng.TestNGProvider.invoke(TestNGProvider.java:146)
	at org.apache.maven.surefire.booter.ForkedBooter.invokeProviderInSameClassLoader(ForkedBooter.java:383)
	at org.apache.maven.surefire.booter.ForkedBooter.runSuitesInProcess(ForkedBooter.java:344)
	at org.apache.maven.surefire.booter.ForkedBooter.execute(ForkedBooter.java:125)
	at org.apache.maven.surefire.booter.ForkedBooter.main(ForkedBooter.java:417)
Oct 09,2018 14:48:04 [info]  Launching browser chrome 69.0.3497.100
Oct 09,2018 14:48:26 [info]  open application url: https://chrisryan-dev.dev.cycletrader.com/
Oct 09,2018 14:48:26 [info]  Click on find button
Oct 09,2018 14:48:37 [info]  Click on any Listing with Price
Oct 09,2018 14:48:49 [info]  Oct 09,2018 14:48:49 [info]  <<<<<<<<<<<<<<<<<<<<<<<<<<<<<<<<<< Error message >>>>>>>>>>>>>>>>>>>>>>>>>>>>>>
java.lang.NullPointerException
	at com.trader.pagehelper.SearchHelper.clickOnListingWithPriceAndEstimatePaymentIcon(SearchHelper.java:1095)
	at com.trader.scripts.SmokeTest.calculateEstimatePayment(SmokeTest.java:895)
	at sun.reflect.NativeMethodAccessorImpl.invoke0(Native Method)
	at sun.reflect.NativeMethodAccessorImpl.invoke(NativeMethodAccessorImpl.java:62)
	at sun.reflect.DelegatingMethodAccessorImpl.invoke(DelegatingMethodAccessorImpl.java:43)
	at java.lang.reflect.Method.invoke(Method.java:498)
	at org.testng.internal.MethodInvocationHelper.invokeMethod(MethodInvocationHelper.java:124)
	at org.testng.internal.Invoker.invokeMethod(Invoker.java:583)
	at org.testng.internal.Invoker.invokeTestMethod(Invoker.java:719)
	at org.testng.internal.Invoker.invokeTestMethods(Invoker.java:989)
	at org.testng.internal.TestMethodWorker.invokeTestMethods(TestMethodWorker.java:125)
	at org.testng.internal.TestMethodWorker.run(TestMethodWorker.java:109)
	at org.testng.TestRunner.privateRun(TestRunner.java:648)
	at org.testng.TestRunner.run(TestRunner.java:505)
	at org.testng.SuiteRunner.runTest(SuiteRunner.java:455)
	at org.testng.SuiteRunner.runSequentially(SuiteRunner.java:450)
	at org.testng.SuiteRunner.privateRun(SuiteRunner.java:415)
	at org.testng.SuiteRunner.run(SuiteRunner.java:364)
	at org.testng.SuiteRunnerWorker.runSuite(SuiteRunnerWorker.java:52)
	at org.testng.SuiteRunnerWorker.run(SuiteRunnerWorker.java:84)
	at org.testng.TestNG.runSuitesSequentially(TestNG.java:1208)
	at org.testng.TestNG.runSuitesLocally(TestNG.java:1137)
	at org.testng.TestNG.runSuites(TestNG.java:1049)
	at org.testng.TestNG.run(TestNG.java:1017)
	at org.apache.maven.surefire.testng.TestNGExecutor.run(TestNGExecutor.java:135)
	at org.apache.maven.surefire.testng.TestNGDirectoryTestSuite.executeMulti(TestNGDirectoryTestSuite.java:193)
	at org.apache.maven.surefire.testng.TestNGDirectoryTestSuite.execute(TestNGDirectoryTestSuite.java:94)
	at org.apache.maven.surefire.testng.TestNGProvider.invoke(TestNGProvider.java:146)
	at org.apache.maven.surefire.booter.ForkedBooter.invokeProviderInSameClassLoader(ForkedBooter.java:383)
	at org.apache.maven.surefire.booter.ForkedBooter.runSuitesInProcess(ForkedBooter.java:344)
	at org.apache.maven.surefire.booter.ForkedBooter.execute(ForkedBooter.java:125)
	at org.apache.maven.surefire.booter.ForkedBooter.main(ForkedBooter.java:417)
Oct 09,2018 14:48:57 [info]  Launching browser chrome 69.0.3497.100
Oct 09,2018 14:49:09 [info]  open application url: https://chrisryan-dev.dev.cycletrader.com/
Oct 09,2018 14:49:09 [info]  Click Login link
Oct 09,2018 14:49:14 [info]  Get user name
Oct 09,2018 14:49:14 [info]  Get password
Oct 09,2018 14:49:14 [info]  Enter Email ID
Oct 09,2018 14:49:15 [info]  Enter Password
Oct 09,2018 14:49:15 [info]  Click on Sign in button
Oct 09,2018 14:49:20 [info]  Welcome to My Trader text on My Trader page
Oct 09,2018 14:49:21 [info]  Click on Sell A Motorcycle Link
Oct 09,2018 14:49:24 [info]  Assert Sell A Motorcycle Page
Oct 09,2018 14:49:24 [info]  Click on More Hamburger Button
Oct 09,2018 14:49:24 [info]  Assert Hamburger listing and close icon
Oct 09,2018 14:49:24 [info]  Click on Sign out of My Trader link
Oct 09,2018 14:49:28 [info]  Assert successfully signout
Oct 09,2018 14:49:37 [info]  Launching browser chrome 69.0.3497.100
Oct 09,2018 14:49:56 [info]  open application url: https://chrisryan-dev.dev.cycletrader.com/
Oct 09,2018 14:49:56 [info]  Click Login link
Oct 09,2018 14:50:01 [info]  Get user name
Oct 09,2018 14:50:01 [info]  Get password
Oct 09,2018 14:50:01 [info]  Enter Email ID
Oct 09,2018 14:50:02 [info]  Enter Password
Oct 09,2018 14:50:02 [info]  Click on Sign in button
Oct 09,2018 14:50:06 [info]  Welcome to My Trader text on My Trader page
Oct 09,2018 14:50:06 [info]  Click on Account Setting Link
Oct 09,2018 14:50:09 [info]  Update First name and last name
Oct 09,2018 14:50:10 [info]  Click on Save Changes Button
Oct 09,2018 14:50:13 [info]  Assert Updates Changes Confirmation Message
Oct 09,2018 14:50:13 [info]  Click on More Hamburger Button
Oct 09,2018 14:50:13 [info]  Assert Hamburger listing and close icon
Oct 09,2018 14:50:13 [info]  Click on Sign out of My Trader link
Oct 09,2018 14:50:18 [info]  Assert successfully signout
Oct 09,2018 14:50:27 [info]  Launching browser chrome 69.0.3497.100
Oct 09,2018 14:51:01 [info]  open application url: https://chrisryan-dev.dev.cycletrader.com/
Oct 09,2018 14:51:01 [info]  Click On Research Menu
Oct 09,2018 14:51:08 [info]  Assert Research page
Oct 09,2018 14:51:08 [info]  Click on Learn More button and assert page.
Oct 09,2018 14:57:42 [info]  Launching browser chrome 69.0.3497.100
Oct 09,2018 14:57:42 [info]  ATD-3: Log in with valid Credentials
Oct 09,2018 14:57:56 [info]  open application url: https://chrisryan-dev.dev.cycletrader.com/
Oct 09,2018 14:57:56 [info]  Click Login link
Oct 09,2018 14:57:59 [info]  Get user name
Oct 09,2018 14:57:59 [info]  Get password
Oct 09,2018 14:57:59 [info]  Enter Email ID
Oct 09,2018 14:58:00 [info]  Enter Password
Oct 09,2018 14:58:00 [info]  Click on Sign in button
Oct 09,2018 14:58:10 [info]  Welcome to My Trader text on My Trader page
Oct 09,2018 14:58:10 [info]  Click on More Hamburger Button
Oct 09,2018 14:58:10 [info]  Assert Hamburger listing and close icon
Oct 09,2018 14:58:10 [info]  Click on Sign out of My Trader link
Oct 09,2018 14:58:15 [info]  Assert successfully signout
Oct 09,2018 14:58:25 [info]  Launching browser chrome 69.0.3497.100
Oct 09,2018 14:58:25 [info]  ATD-5: Validation message is displayed when trying to login with invalid
Oct 09,2018 14:58:38 [info]  open application url: https://chrisryan-dev.dev.cycletrader.com/
Oct 09,2018 14:58:38 [info]  Click Login link
Oct 09,2018 14:58:43 [info]  Enter Email ID
Oct 09,2018 14:58:44 [info]  Enter Password
Oct 09,2018 14:58:44 [info]  Click on Sign in button
Oct 09,2018 14:58:47 [info]  User should fail to Login
Oct 09,2018 14:58:56 [info]  Launching browser chrome 69.0.3497.100
Oct 09,2018 14:59:14 [info]  open application url: https://chrisryan-dev.dev.cycletrader.com/
Oct 09,2018 14:59:14 [info]  Click on More Hamburger Button
Oct 09,2018 14:59:14 [info]  Assert Hamburger listing and close icon
Oct 09,2018 14:59:14 [info]  Welcome to My Trader text on My Trader page
Oct 09,2018 14:59:22 [info]  Click On Join My Trader Button
Oct 09,2018 14:59:26 [info]  Get Password
Oct 09,2018 14:59:26 [info]  Get Re-password
Oct 09,2018 14:59:26 [info]  Enter Email ID
Oct 09,2018 14:59:27 [info]  Enter Password
Oct 09,2018 14:59:27 [info]  Enter Re-Password
Oct 09,2018 14:59:28 [info]  Click On Join My Tader Button at Join Trader page
Oct 09,2018 14:59:31 [info]  Welcome to My Trader text on My Trader page
Oct 09,2018 14:59:31 [info]  Click on More Hamburger Button
Oct 09,2018 14:59:32 [info]  Assert Hamburger listing and close icon
Oct 09,2018 14:59:32 [info]  Click on Sign out of My Trader link
Oct 09,2018 14:59:37 [info]  Assert successfully signout
Oct 09,2018 14:59:46 [info]  Launching browser chrome 69.0.3497.100
Oct 09,2018 15:00:03 [info]  open application url: https://chrisryan-dev.dev.cycletrader.com/
Oct 09,2018 15:00:03 [info]  Click on More Hamburger Button
Oct 09,2018 15:00:03 [info]  Assert Hamburger listing and close icon
Oct 09,2018 15:00:03 [info]  Welcome to My Trader text on My Trader page
Oct 09,2018 15:00:11 [info]  Click On Join My Trader Button
Oct 09,2018 15:00:15 [info]  Get ExistingEmailID
Oct 09,2018 15:00:15 [info]  Get Password
Oct 09,2018 15:00:15 [info]  Get Re-password
Oct 09,2018 15:00:15 [info]  Enter Existing Email ID
Oct 09,2018 15:00:15 [info]  Enter Password
Oct 09,2018 15:00:16 [info]  Enter Re-Password
Oct 09,2018 15:00:16 [info]  Click On Join My Tader Button at Join Trader page
Oct 09,2018 15:00:19 [info]  User should fail to Sign Up with Existing email
Oct 09,2018 15:00:28 [info]  Launching browser chrome 69.0.3497.100
Oct 09,2018 15:00:44 [info]  open application url: https://chrisryan-dev.dev.cycletrader.com/
Oct 09,2018 15:00:44 [info]  Click on More Hamburger Button
Oct 09,2018 15:00:44 [info]  Assert Hamburger listing and close icon
Oct 09,2018 15:00:44 [info]  Welcome to My Trader text on My Trader page
Oct 09,2018 15:00:52 [info]  Click On Join My Trader Button
Oct 09,2018 15:00:57 [info]  Get Password
Oct 09,2018 15:00:57 [info]  Get Re-password
Oct 09,2018 15:00:57 [info]  Enter Existing Email ID
Oct 09,2018 15:00:58 [info]  Enter Password
Oct 09,2018 15:00:58 [info]  Enter Re-Password
Oct 09,2018 15:00:58 [info]  Click On Join My Tader Button at Join Trader page
Oct 09,2018 15:00:58 [info]  User should fail to Sign Up with invalid email
Oct 09,2018 15:01:07 [info]  Launching browser chrome 69.0.3497.100
Oct 09,2018 15:01:24 [info]  open application url: https://chrisryan-dev.dev.cycletrader.com/
Oct 09,2018 15:01:24 [info]  Search tab enabled
Oct 09,2018 15:01:30 [info]  Click on find button
Oct 09,2018 15:01:39 [info]  Motorcycles for Sale Page
Oct 09,2018 15:01:40 [info]  Oct 09,2018 15:01:40 [info]  <<<<<<<<<<<<<<<<<<<<<<<<<<<<<<<<<< Error message >>>>>>>>>>>>>>>>>>>>>>>>>>>>>>
java.lang.AssertionError: Element Locator ://*[@id='topicTitle']/em Not found expected [true] but found [false]
	at org.testng.Assert.fail(Assert.java:96)
	at org.testng.Assert.failNotEquals(Assert.java:776)
	at org.testng.Assert.assertTrue(Assert.java:44)
	at com.trader.pagehelper.SearchHelper.assertSearchResultPage(SearchHelper.java:54)
	at com.trader.scripts.SmokeTest.searchFromHome(SmokeTest.java:96)
	at sun.reflect.NativeMethodAccessorImpl.invoke0(Native Method)
	at sun.reflect.NativeMethodAccessorImpl.invoke(Unknown Source)
	at sun.reflect.DelegatingMethodAccessorImpl.invoke(Unknown Source)
	at java.lang.reflect.Method.invoke(Unknown Source)
	at org.testng.internal.MethodInvocationHelper.invokeMethod(MethodInvocationHelper.java:124)
	at org.testng.internal.Invoker.invokeMethod(Invoker.java:583)
	at org.testng.internal.Invoker.invokeTestMethod(Invoker.java:719)
	at org.testng.internal.Invoker.invokeTestMethods(Invoker.java:989)
	at org.testng.internal.TestMethodWorker.invokeTestMethods(TestMethodWorker.java:125)
	at org.testng.internal.TestMethodWorker.run(TestMethodWorker.java:109)
	at org.testng.TestRunner.privateRun(TestRunner.java:648)
	at org.testng.TestRunner.run(TestRunner.java:505)
	at org.testng.SuiteRunner.runTest(SuiteRunner.java:455)
	at org.testng.SuiteRunner.runSequentially(SuiteRunner.java:450)
	at org.testng.SuiteRunner.privateRun(SuiteRunner.java:415)
	at org.testng.SuiteRunner.run(SuiteRunner.java:364)
	at org.testng.SuiteRunnerWorker.runSuite(SuiteRunnerWorker.java:52)
	at org.testng.SuiteRunnerWorker.run(SuiteRunnerWorker.java:84)
	at org.testng.TestNG.runSuitesSequentially(TestNG.java:1208)
	at org.testng.TestNG.runSuitesLocally(TestNG.java:1137)
	at org.testng.TestNG.runSuites(TestNG.java:1049)
	at org.testng.TestNG.run(TestNG.java:1017)
	at org.testng.remote.AbstractRemoteTestNG.run(AbstractRemoteTestNG.java:114)
	at org.testng.remote.RemoteTestNG.initAndRun(RemoteTestNG.java:251)
	at org.testng.remote.RemoteTestNG.main(RemoteTestNG.java:77)
Oct 09,2018 15:01:48 [info]  Launching browser chrome 69.0.3497.100
Oct 09,2018 15:02:07 [info]  open application url: https://chrisryan-dev.dev.cycletrader.com/
Oct 09,2018 15:02:07 [info]  Search tab enabled
Oct 09,2018 15:02:12 [info]  Click on Advanced Search link
Oct 09,2018 15:02:17 [info]  Motorcycles for Sale Page
Oct 09,2018 15:02:26 [info]  Launching browser chrome 69.0.3497.100
Oct 09,2018 15:02:43 [info]  open application url: https://chrisryan-dev.dev.cycletrader.com/
Oct 09,2018 15:02:43 [info]  Search tab enabled
Oct 09,2018 15:02:48 [info]  Get Keyword
Oct 09,2018 15:02:48 [info]  Get Zip Code
Oct 09,2018 15:02:48 [info]  Get Radius
Oct 09,2018 15:02:48 [info]  Enter KeyWord
Oct 09,2018 15:02:49 [info]  Select Options from suggestion
Oct 09,2018 15:02:52 [info]  Enter Zip Code
Oct 09,2018 15:02:52 [info]  Select Radius
Oct 09,2018 15:02:52 [info]  Click on find button
Oct 09,2018 15:02:59 [info]  Ad's Search Result page.
Oct 09,2018 15:03:08 [info]  Launching browser chrome 69.0.3497.100
Oct 09,2018 15:03:22 [info]  open application url: https://chrisryan-dev.dev.cycletrader.com/
Oct 09,2018 15:03:22 [info]  Search tab enabled
Oct 09,2018 15:03:28 [info]  Click on Advanced Search link
Oct 09,2018 15:03:32 [info]  Motorcycles for Sale Page
Oct 09,2018 15:03:33 [info]  Click on Location Option on Advanced Search
Oct 09,2018 15:03:36 [info]  Get Zip Code
Oct 09,2018 15:03:36 [info]  Get Location Radius
Oct 09,2018 15:03:36 [info]  Select Radius from Location option
Oct 09,2018 15:03:36 [info]  Enter Zip code
Oct 09,2018 15:03:37 [info]  Click on update button
Oct 09,2018 15:03:42 [info]  Click on See Matches Button
Oct 09,2018 15:03:58 [info]  Ad's Search Result page.
Oct 09,2018 15:04:07 [info]  Launching browser chrome 69.0.3497.100
Oct 09,2018 15:04:24 [info]  open application url: https://chrisryan-dev.dev.cycletrader.com/
Oct 09,2018 15:04:24 [info]  Search tab enabled
Oct 09,2018 15:04:30 [info]  Click on Advanced Search link
Oct 09,2018 15:04:35 [info]  Motorcycles for Sale Page
Oct 09,2018 15:04:36 [info]  Click on Keyword option on Advaned Search
Oct 09,2018 15:04:41 [info]  Enter Keyword option on Advaned Search
Oct 09,2018 15:04:41 [info]  Get Keyword
Oct 09,2018 15:04:41 [info]  Click on update button under Keyword Option
Oct 09,2018 15:04:42 [info]  Oct 09,2018 15:04:42 [info]  <<<<<<<<<<<<<<<<<<<<<<<<<<<<<<<<<< Error message >>>>>>>>>>>>>>>>>>>>>>>>>>>>>>
org.openqa.selenium.WebDriverException: unknown error: Element <div data-track="Update Keyword" class="btn btn-primary updateKeyword bounce animated">...</div> is not clickable at point (467, 427). Other element would receive the click: <li data-params="keyword=honda" onclick="TOL.Module.Keywordsearch.clickURL(this);">...</li>
  (Session info: chrome=69.0.3497.100)
  (Driver info: chromedriver=2.38.552522 (437e6fbedfa8762dec75e2c5b3ddb86763dc9dcb),platform=Windows NT 6.1.7601 SP1 x86_64) (WARNING: The server did not provide any stacktrace information)
Command duration or timeout: 0 milliseconds
Build info: version: '3.10.0', revision: '176b4a9', time: '2018-03-02T19:03:16.397Z'
System info: host: '360NDCLP093', ip: '10.46.18.75', os.name: 'Windows 7', os.arch: 'amd64', os.version: '6.1', java.version: '1.8.0_181'
Driver info: org.openqa.selenium.chrome.ChromeDriver
Capabilities {acceptInsecureCerts: false, acceptSslCerts: false, applicationCacheEnabled: false, browserConnectionEnabled: false, browserName: chrome, chrome: {chromedriverVersion: 2.38.552522 (437e6fbedfa876..., userDataDir: C:\Users\viveks\AppData\Loc...}, cssSelectorsEnabled: true, databaseEnabled: false, handlesAlerts: true, hasTouchScreen: false, javascriptEnabled: true, locationContextEnabled: true, mobileEmulationEnabled: false, nativeEvents: true, networkConnectionEnabled: false, pageLoadStrategy: normal, platform: XP, platformName: XP, rotatable: false, setWindowRect: true, takesHeapSnapshot: true, takesScreenshot: true, unexpectedAlertBehaviour: , unhandledPromptBehavior: , version: 69.0.3497.100, webStorageEnabled: true}
Session ID: 9124447a53fc769839e9b2da3bd9a198
	at sun.reflect.NativeConstructorAccessorImpl.newInstance0(Native Method)
	at sun.reflect.NativeConstructorAccessorImpl.newInstance(Unknown Source)
	at sun.reflect.DelegatingConstructorAccessorImpl.newInstance(Unknown Source)
	at java.lang.reflect.Constructor.newInstance(Unknown Source)
	at org.openqa.selenium.remote.ErrorHandler.createThrowable(ErrorHandler.java:214)
	at org.openqa.selenium.remote.ErrorHandler.throwIfResponseFailed(ErrorHandler.java:166)
	at org.openqa.selenium.remote.http.JsonHttpResponseCodec.reconstructValue(JsonHttpResponseCodec.java:40)
	at org.openqa.selenium.remote.http.AbstractHttpResponseCodec.decode(AbstractHttpResponseCodec.java:80)
	at org.openqa.selenium.remote.http.AbstractHttpResponseCodec.decode(AbstractHttpResponseCodec.java:44)
	at org.openqa.selenium.remote.HttpCommandExecutor.execute(HttpCommandExecutor.java:160)
	at org.openqa.selenium.remote.service.DriverCommandExecutor.execute(DriverCommandExecutor.java:83)
	at org.openqa.selenium.remote.RemoteWebDriver.execute(RemoteWebDriver.java:601)
	at org.openqa.selenium.remote.RemoteWebElement.execute(RemoteWebElement.java:279)
	at org.openqa.selenium.remote.RemoteWebElement.click(RemoteWebElement.java:83)
	at com.trader.utils.DriverHelper.clickOn(DriverHelper.java:668)
	at com.trader.pagehelper.SearchHelper.clickOnAdvancedKeywordUpdateButton(SearchHelper.java:317)
	at com.trader.scripts.SmokeTest.advancedSearchWithKeyword(SmokeTest.java:150)
	at sun.reflect.NativeMethodAccessorImpl.invoke0(Native Method)
	at sun.reflect.NativeMethodAccessorImpl.invoke(Unknown Source)
	at sun.reflect.DelegatingMethodAccessorImpl.invoke(Unknown Source)
	at java.lang.reflect.Method.invoke(Unknown Source)
	at org.testng.internal.MethodInvocationHelper.invokeMethod(MethodInvocationHelper.java:124)
	at org.testng.internal.Invoker.invokeMethod(Invoker.java:583)
	at org.testng.internal.Invoker.invokeTestMethod(Invoker.java:719)
	at org.testng.internal.Invoker.invokeTestMethods(Invoker.java:989)
	at org.testng.internal.TestMethodWorker.invokeTestMethods(TestMethodWorker.java:125)
	at org.testng.internal.TestMethodWorker.run(TestMethodWorker.java:109)
	at org.testng.TestRunner.privateRun(TestRunner.java:648)
	at org.testng.TestRunner.run(TestRunner.java:505)
	at org.testng.SuiteRunner.runTest(SuiteRunner.java:455)
	at org.testng.SuiteRunner.runSequentially(SuiteRunner.java:450)
	at org.testng.SuiteRunner.privateRun(SuiteRunner.java:415)
	at org.testng.SuiteRunner.run(SuiteRunner.java:364)
	at org.testng.SuiteRunnerWorker.runSuite(SuiteRunnerWorker.java:52)
	at org.testng.SuiteRunnerWorker.run(SuiteRunnerWorker.java:84)
	at org.testng.TestNG.runSuitesSequentially(TestNG.java:1208)
	at org.testng.TestNG.runSuitesLocally(TestNG.java:1137)
	at org.testng.TestNG.runSuites(TestNG.java:1049)
	at org.testng.TestNG.run(TestNG.java:1017)
	at org.testng.remote.AbstractRemoteTestNG.run(AbstractRemoteTestNG.java:114)
	at org.testng.remote.RemoteTestNG.initAndRun(RemoteTestNG.java:251)
	at org.testng.remote.RemoteTestNG.main(RemoteTestNG.java:77)
Oct 09,2018 15:04:50 [info]  Launching browser chrome 69.0.3497.100
Oct 09,2018 15:05:06 [info]  open application url: https://chrisryan-dev.dev.cycletrader.com/
Oct 09,2018 15:05:06 [info]  Search tab enabled
Oct 09,2018 15:05:11 [info]  Click on Advanced Search link
Oct 09,2018 15:05:15 [info]  Motorcycles for Sale Page
Oct 09,2018 15:05:16 [info]  Click on Type Option at Advanced Search page
Oct 09,2018 15:05:21 [info]  Select Types Option From Pop up
Oct 09,2018 15:05:25 [info]  Click on Make Option at Advanced Search page
Oct 09,2018 15:05:30 [info]  Select Make Option at Advanced Search page
Oct 09,2018 15:05:33 [info]  Click on Update button
Oct 09,2018 15:05:33 [info]  Click on Category Option at Advanced Search page
Oct 09,2018 15:05:39 [info]  Select Category Option from Category pop up at Advanced Search page
Oct 09,2018 15:05:39 [info]  Click on Update button
Oct 09,2018 15:05:39 [info]  Click on See Matches Button
Oct 09,2018 15:05:46 [info]  Ad's Search Result page.
Oct 09,2018 15:05:50 [info]  Oct 09,2018 15:05:50 [info]  <<<<<<<<<<<<<<<<<<<<<<<<<<<<<<<<<< Error message >>>>>>>>>>>>>>>>>>>>>>>>>>>>>>
java.lang.AssertionError: expected [true] but found [false]
	at org.testng.Assert.fail(Assert.java:96)
	at org.testng.Assert.failNotEquals(Assert.java:776)
	at org.testng.Assert.assertTrue(Assert.java:44)
	at org.testng.Assert.assertTrue(Assert.java:54)
	at com.trader.pagehelper.SearchHelper.assertAdSearchResult(SearchHelper.java:179)
	at com.trader.scripts.SmokeTest.advancedSearchWithAllRefineOptions(SmokeTest.java:172)
	at sun.reflect.NativeMethodAccessorImpl.invoke0(Native Method)
	at sun.reflect.NativeMethodAccessorImpl.invoke(Unknown Source)
	at sun.reflect.DelegatingMethodAccessorImpl.invoke(Unknown Source)
	at java.lang.reflect.Method.invoke(Unknown Source)
	at org.testng.internal.MethodInvocationHelper.invokeMethod(MethodInvocationHelper.java:124)
	at org.testng.internal.Invoker.invokeMethod(Invoker.java:583)
	at org.testng.internal.Invoker.invokeTestMethod(Invoker.java:719)
	at org.testng.internal.Invoker.invokeTestMethods(Invoker.java:989)
	at org.testng.internal.TestMethodWorker.invokeTestMethods(TestMethodWorker.java:125)
	at org.testng.internal.TestMethodWorker.run(TestMethodWorker.java:109)
	at org.testng.TestRunner.privateRun(TestRunner.java:648)
	at org.testng.TestRunner.run(TestRunner.java:505)
	at org.testng.SuiteRunner.runTest(SuiteRunner.java:455)
	at org.testng.SuiteRunner.runSequentially(SuiteRunner.java:450)
	at org.testng.SuiteRunner.privateRun(SuiteRunner.java:415)
	at org.testng.SuiteRunner.run(SuiteRunner.java:364)
	at org.testng.SuiteRunnerWorker.runSuite(SuiteRunnerWorker.java:52)
	at org.testng.SuiteRunnerWorker.run(SuiteRunnerWorker.java:84)
	at org.testng.TestNG.runSuitesSequentially(TestNG.java:1208)
	at org.testng.TestNG.runSuitesLocally(TestNG.java:1137)
	at org.testng.TestNG.runSuites(TestNG.java:1049)
	at org.testng.TestNG.run(TestNG.java:1017)
	at org.testng.remote.AbstractRemoteTestNG.run(AbstractRemoteTestNG.java:114)
	at org.testng.remote.RemoteTestNG.initAndRun(RemoteTestNG.java:251)
	at org.testng.remote.RemoteTestNG.main(RemoteTestNG.java:77)
Oct 09,2018 15:05:59 [info]  Launching browser chrome 69.0.3497.100
Oct 09,2018 15:06:15 [info]  open application url: https://chrisryan-dev.dev.cycletrader.com/
Oct 09,2018 15:06:15 [info]  Click on Popular Makes tab
Oct 09,2018 15:06:15 [info]  Search BMW Makes
Oct 09,2018 15:06:15 [info]  Click on BMW
Oct 09,2018 15:06:27 [info]  Assert BMW search result page.
Oct 09,2018 15:06:33 [info]  Click on application logo in header
Oct 09,2018 15:06:38 [info]  Search Can-Am Makes
Oct 09,2018 15:06:38 [info]  Click on Can-Am
Oct 09,2018 15:06:43 [info]  Assert CAN-Am search result page.
Oct 09,2018 15:06:43 [info]  Click on application logo in header
Oct 09,2018 15:06:48 [info]  Search Ducati Makes
Oct 09,2018 15:06:48 [info]  Click on Ducati
Oct 09,2018 15:07:42 [info]  Oct 09,2018 15:07:42 [info]  <<<<<<<<<<<<<<<<<<<<<<<<<<<<<<<<<< Error message >>>>>>>>>>>>>>>>>>>>>>>>>>>>>>
java.lang.AssertionError: Element Locator ://*[@id='2316082']/a Not found expected [true] but found [false]
	at org.testng.Assert.fail(Assert.java:96)
	at org.testng.Assert.failNotEquals(Assert.java:776)
	at org.testng.Assert.assertTrue(Assert.java:44)
	at com.trader.utils.DriverHelper.clickOn(DriverHelper.java:665)
	at com.trader.pagehelper.HomeHelper.clickOnDucatiIcon(HomeHelper.java:64)
	at com.trader.pagehelper.HomeHelper.searchDucatiMakes(HomeHelper.java:304)
	at com.trader.scripts.SmokeTest.searchWithPopularMakes(SmokeTest.java:185)
	at sun.reflect.NativeMethodAccessorImpl.invoke0(Native Method)
	at sun.reflect.NativeMethodAccessorImpl.invoke(Unknown Source)
	at sun.reflect.DelegatingMethodAccessorImpl.invoke(Unknown Source)
	at java.lang.reflect.Method.invoke(Unknown Source)
	at org.testng.internal.MethodInvocationHelper.invokeMethod(MethodInvocationHelper.java:124)
	at org.testng.internal.Invoker.invokeMethod(Invoker.java:583)
	at org.testng.internal.Invoker.invokeTestMethod(Invoker.java:719)
	at org.testng.internal.Invoker.invokeTestMethods(Invoker.java:989)
	at org.testng.internal.TestMethodWorker.invokeTestMethods(TestMethodWorker.java:125)
	at org.testng.internal.TestMethodWorker.run(TestMethodWorker.java:109)
	at org.testng.TestRunner.privateRun(TestRunner.java:648)
	at org.testng.TestRunner.run(TestRunner.java:505)
	at org.testng.SuiteRunner.runTest(SuiteRunner.java:455)
	at org.testng.SuiteRunner.runSequentially(SuiteRunner.java:450)
	at org.testng.SuiteRunner.privateRun(SuiteRunner.java:415)
	at org.testng.SuiteRunner.run(SuiteRunner.java:364)
	at org.testng.SuiteRunnerWorker.runSuite(SuiteRunnerWorker.java:52)
	at org.testng.SuiteRunnerWorker.run(SuiteRunnerWorker.java:84)
	at org.testng.TestNG.runSuitesSequentially(TestNG.java:1208)
	at org.testng.TestNG.runSuitesLocally(TestNG.java:1137)
	at org.testng.TestNG.runSuites(TestNG.java:1049)
	at org.testng.TestNG.run(TestNG.java:1017)
	at org.testng.remote.AbstractRemoteTestNG.run(AbstractRemoteTestNG.java:114)
	at org.testng.remote.RemoteTestNG.initAndRun(RemoteTestNG.java:251)
	at org.testng.remote.RemoteTestNG.main(RemoteTestNG.java:77)
Oct 09,2018 15:07:51 [info]  Launching browser chrome 69.0.3497.100
Oct 09,2018 15:08:07 [info]  open application url: https://chrisryan-dev.dev.cycletrader.com/
Oct 09,2018 15:08:07 [info]  Click on Popular Makes tab
Oct 09,2018 15:08:07 [info]  Click on Search All
Oct 09,2018 15:08:30 [info]  Assert BMW search result page.
Oct 09,2018 15:08:30 [info]  Click on Browse All Icon at Sale By Makes
Oct 09,2018 15:08:31 [info]  Assert Sales By Makes links
Oct 09,2018 15:08:40 [info]  Launching browser chrome 69.0.3497.100
Oct 09,2018 15:08:56 [info]  open application url: https://chrisryan-dev.dev.cycletrader.com/
Oct 09,2018 15:08:56 [info]  Click on Popular Makes tab
Oct 09,2018 15:08:56 [info]  Click on Search All
Oct 09,2018 15:09:00 [info]  Assert BMW search result page.
Oct 09,2018 15:09:01 [info]  Click on Browse All Icon at Sale By Makes
Oct 09,2018 15:09:01 [info]  Assert Sales By Makes links
Oct 09,2018 15:09:01 [info]  Click On BMW Link
Oct 09,2018 15:09:11 [info]  Assert BMW search result page.
Oct 09,2018 15:09:11 [info]  Click On All Makes Breadcrumb Link
Oct 09,2018 15:09:19 [info]  Click on Browse All Icon at Sale By Makes
Oct 09,2018 15:10:13 [info]  Oct 09,2018 15:10:13 [info]  <<<<<<<<<<<<<<<<<<<<<<<<<<<<<<<<<< Error message >>>>>>>>>>>>>>>>>>>>>>>>>>>>>>
java.lang.AssertionError: Element Locator ://a[@class='browseBtnAll'] Not found expected [true] but found [false]
	at org.testng.Assert.fail(Assert.java:96)
	at org.testng.Assert.failNotEquals(Assert.java:776)
	at org.testng.Assert.assertTrue(Assert.java:44)
	at com.trader.utils.DriverHelper.clickOn(DriverHelper.java:665)
	at com.trader.pagehelper.SearchHelper.clickOnBrowseAllMakes(SearchHelper.java:624)
	at com.trader.scripts.SmokeTest.searchWithMakesLink(SmokeTest.java:226)
	at sun.reflect.NativeMethodAccessorImpl.invoke0(Native Method)
	at sun.reflect.NativeMethodAccessorImpl.invoke(Unknown Source)
	at sun.reflect.DelegatingMethodAccessorImpl.invoke(Unknown Source)
	at java.lang.reflect.Method.invoke(Unknown Source)
	at org.testng.internal.MethodInvocationHelper.invokeMethod(MethodInvocationHelper.java:124)
	at org.testng.internal.Invoker.invokeMethod(Invoker.java:583)
	at org.testng.internal.Invoker.invokeTestMethod(Invoker.java:719)
	at org.testng.internal.Invoker.invokeTestMethods(Invoker.java:989)
	at org.testng.internal.TestMethodWorker.invokeTestMethods(TestMethodWorker.java:125)
	at org.testng.internal.TestMethodWorker.run(TestMethodWorker.java:109)
	at org.testng.TestRunner.privateRun(TestRunner.java:648)
	at org.testng.TestRunner.run(TestRunner.java:505)
	at org.testng.SuiteRunner.runTest(SuiteRunner.java:455)
	at org.testng.SuiteRunner.runSequentially(SuiteRunner.java:450)
	at org.testng.SuiteRunner.privateRun(SuiteRunner.java:415)
	at org.testng.SuiteRunner.run(SuiteRunner.java:364)
	at org.testng.SuiteRunnerWorker.runSuite(SuiteRunnerWorker.java:52)
	at org.testng.SuiteRunnerWorker.run(SuiteRunnerWorker.java:84)
	at org.testng.TestNG.runSuitesSequentially(TestNG.java:1208)
	at org.testng.TestNG.runSuitesLocally(TestNG.java:1137)
	at org.testng.TestNG.runSuites(TestNG.java:1049)
	at org.testng.TestNG.run(TestNG.java:1017)
	at org.testng.remote.AbstractRemoteTestNG.run(AbstractRemoteTestNG.java:114)
	at org.testng.remote.RemoteTestNG.initAndRun(RemoteTestNG.java:251)
	at org.testng.remote.RemoteTestNG.main(RemoteTestNG.java:77)
Oct 09,2018 15:10:22 [info]  Launching browser chrome 69.0.3497.100
Oct 09,2018 15:10:42 [info]  open application url: https://chrisryan-dev.dev.cycletrader.com/
Oct 09,2018 15:10:42 [info]  Click on Popular Makes tab
Oct 09,2018 15:10:42 [info]  Click on Search All
Oct 09,2018 15:10:46 [info]  Assert BMW search result page.
Oct 09,2018 15:10:46 [info]  Click On BMW Icon
Oct 09,2018 15:10:51 [info]  Assert BMW search result page.
Oct 09,2018 15:10:56 [info]  Click On All Makes Breadcrumb Link
Oct 09,2018 15:10:59 [info]  Click On Triumph Icon
Oct 09,2018 15:11:58 [info]  Oct 09,2018 15:11:58 [info]  <<<<<<<<<<<<<<<<<<<<<<<<<<<<<<<<<< Error message >>>>>>>>>>>>>>>>>>>>>>>>>>>>>>
java.lang.AssertionError: Element Locator ://*[@id='mkBtn']//*[@data-track='Browse-By Make-Triumph'] Not found expected [true] but found [false]
	at org.testng.Assert.fail(Assert.java:96)
	at org.testng.Assert.failNotEquals(Assert.java:776)
	at org.testng.Assert.assertTrue(Assert.java:44)
	at com.trader.utils.DriverHelper.clickOn(DriverHelper.java:665)
	at com.trader.pagehelper.SearchHelper.clickOnTriumphIcon(SearchHelper.java:760)
	at com.trader.scripts.SmokeTest.searchWithMakesIcon(SmokeTest.java:248)
	at sun.reflect.NativeMethodAccessorImpl.invoke0(Native Method)
	at sun.reflect.NativeMethodAccessorImpl.invoke(Unknown Source)
	at sun.reflect.DelegatingMethodAccessorImpl.invoke(Unknown Source)
	at java.lang.reflect.Method.invoke(Unknown Source)
	at org.testng.internal.MethodInvocationHelper.invokeMethod(MethodInvocationHelper.java:124)
	at org.testng.internal.Invoker.invokeMethod(Invoker.java:583)
	at org.testng.internal.Invoker.invokeTestMethod(Invoker.java:719)
	at org.testng.internal.Invoker.invokeTestMethods(Invoker.java:989)
	at org.testng.internal.TestMethodWorker.invokeTestMethods(TestMethodWorker.java:125)
	at org.testng.internal.TestMethodWorker.run(TestMethodWorker.java:109)
	at org.testng.TestRunner.privateRun(TestRunner.java:648)
	at org.testng.TestRunner.run(TestRunner.java:505)
	at org.testng.SuiteRunner.runTest(SuiteRunner.java:455)
	at org.testng.SuiteRunner.runSequentially(SuiteRunner.java:450)
	at org.testng.SuiteRunner.privateRun(SuiteRunner.java:415)
	at org.testng.SuiteRunner.run(SuiteRunner.java:364)
	at org.testng.SuiteRunnerWorker.runSuite(SuiteRunnerWorker.java:52)
	at org.testng.SuiteRunnerWorker.run(SuiteRunnerWorker.java:84)
	at org.testng.TestNG.runSuitesSequentially(TestNG.java:1208)
	at org.testng.TestNG.runSuitesLocally(TestNG.java:1137)
	at org.testng.TestNG.runSuites(TestNG.java:1049)
	at org.testng.TestNG.run(TestNG.java:1017)
	at org.testng.remote.AbstractRemoteTestNG.run(AbstractRemoteTestNG.java:114)
	at org.testng.remote.RemoteTestNG.initAndRun(RemoteTestNG.java:251)
	at org.testng.remote.RemoteTestNG.main(RemoteTestNG.java:77)
Oct 09,2018 15:12:08 [info]  Launching browser chrome 69.0.3497.100
Oct 09,2018 15:12:21 [info]  open application url: https://chrisryan-dev.dev.cycletrader.com/
Oct 09,2018 15:12:21 [info]  Top Motorcycle Makes Section
Oct 09,2018 15:12:24 [info]  Oct 09,2018 15:12:24 [info]  <<<<<<<<<<<<<<<<<<<<<<<<<<<<<<<<<< Error message >>>>>>>>>>>>>>>>>>>>>>>>>>>>>>
java.lang.AssertionError: expected [true] but found [false]
	at org.testng.Assert.fail(Assert.java:96)
	at org.testng.Assert.failNotEquals(Assert.java:776)
	at org.testng.Assert.assertTrue(Assert.java:44)
	at org.testng.Assert.assertTrue(Assert.java:54)
	at com.trader.pagehelper.HomeHelper.assertTopMakesSection(HomeHelper.java:411)
	at com.trader.scripts.SmokeTest.assertTopMotorcycleMakes(SmokeTest.java:262)
	at sun.reflect.NativeMethodAccessorImpl.invoke0(Native Method)
	at sun.reflect.NativeMethodAccessorImpl.invoke(Unknown Source)
	at sun.reflect.DelegatingMethodAccessorImpl.invoke(Unknown Source)
	at java.lang.reflect.Method.invoke(Unknown Source)
	at org.testng.internal.MethodInvocationHelper.invokeMethod(MethodInvocationHelper.java:124)
	at org.testng.internal.Invoker.invokeMethod(Invoker.java:583)
	at org.testng.internal.Invoker.invokeTestMethod(Invoker.java:719)
	at org.testng.internal.Invoker.invokeTestMethods(Invoker.java:989)
	at org.testng.internal.TestMethodWorker.invokeTestMethods(TestMethodWorker.java:125)
	at org.testng.internal.TestMethodWorker.run(TestMethodWorker.java:109)
	at org.testng.TestRunner.privateRun(TestRunner.java:648)
	at org.testng.TestRunner.run(TestRunner.java:505)
	at org.testng.SuiteRunner.runTest(SuiteRunner.java:455)
	at org.testng.SuiteRunner.runSequentially(SuiteRunner.java:450)
	at org.testng.SuiteRunner.privateRun(SuiteRunner.java:415)
	at org.testng.SuiteRunner.run(SuiteRunner.java:364)
	at org.testng.SuiteRunnerWorker.runSuite(SuiteRunnerWorker.java:52)
	at org.testng.SuiteRunnerWorker.run(SuiteRunnerWorker.java:84)
	at org.testng.TestNG.runSuitesSequentially(TestNG.java:1208)
	at org.testng.TestNG.runSuitesLocally(TestNG.java:1137)
	at org.testng.TestNG.runSuites(TestNG.java:1049)
	at org.testng.TestNG.run(TestNG.java:1017)
	at org.testng.remote.AbstractRemoteTestNG.run(AbstractRemoteTestNG.java:114)
	at org.testng.remote.RemoteTestNG.initAndRun(RemoteTestNG.java:251)
	at org.testng.remote.RemoteTestNG.main(RemoteTestNG.java:77)
Oct 09,2018 15:12:32 [info]  Launching browser chrome 69.0.3497.100
Oct 09,2018 15:12:49 [info]  open application url: https://chrisryan-dev.dev.cycletrader.com/
Oct 09,2018 15:12:49 [info]  Top Motorcycle Makes Section
Oct 09,2018 15:12:52 [info]  Oct 09,2018 15:12:52 [info]  <<<<<<<<<<<<<<<<<<<<<<<<<<<<<<<<<< Error message >>>>>>>>>>>>>>>>>>>>>>>>>>>>>>
java.lang.AssertionError: expected [true] but found [false]
	at org.testng.Assert.fail(Assert.java:96)
	at org.testng.Assert.failNotEquals(Assert.java:776)
	at org.testng.Assert.assertTrue(Assert.java:44)
	at org.testng.Assert.assertTrue(Assert.java:54)
	at com.trader.pagehelper.HomeHelper.assertTopMakesSection(HomeHelper.java:411)
	at com.trader.scripts.SmokeTest.searchWithTopMakesLinks(SmokeTest.java:272)
	at sun.reflect.NativeMethodAccessorImpl.invoke0(Native Method)
	at sun.reflect.NativeMethodAccessorImpl.invoke(Unknown Source)
	at sun.reflect.DelegatingMethodAccessorImpl.invoke(Unknown Source)
	at java.lang.reflect.Method.invoke(Unknown Source)
	at org.testng.internal.MethodInvocationHelper.invokeMethod(MethodInvocationHelper.java:124)
	at org.testng.internal.Invoker.invokeMethod(Invoker.java:583)
	at org.testng.internal.Invoker.invokeTestMethod(Invoker.java:719)
	at org.testng.internal.Invoker.invokeTestMethods(Invoker.java:989)
	at org.testng.internal.TestMethodWorker.invokeTestMethods(TestMethodWorker.java:125)
	at org.testng.internal.TestMethodWorker.run(TestMethodWorker.java:109)
	at org.testng.TestRunner.privateRun(TestRunner.java:648)
	at org.testng.TestRunner.run(TestRunner.java:505)
	at org.testng.SuiteRunner.runTest(SuiteRunner.java:455)
	at org.testng.SuiteRunner.runSequentially(SuiteRunner.java:450)
	at org.testng.SuiteRunner.privateRun(SuiteRunner.java:415)
	at org.testng.SuiteRunner.run(SuiteRunner.java:364)
	at org.testng.SuiteRunnerWorker.runSuite(SuiteRunnerWorker.java:52)
	at org.testng.SuiteRunnerWorker.run(SuiteRunnerWorker.java:84)
	at org.testng.TestNG.runSuitesSequentially(TestNG.java:1208)
	at org.testng.TestNG.runSuitesLocally(TestNG.java:1137)
	at org.testng.TestNG.runSuites(TestNG.java:1049)
	at org.testng.TestNG.run(TestNG.java:1017)
	at org.testng.remote.AbstractRemoteTestNG.run(AbstractRemoteTestNG.java:114)
	at org.testng.remote.RemoteTestNG.initAndRun(RemoteTestNG.java:251)
	at org.testng.remote.RemoteTestNG.main(RemoteTestNG.java:77)
Oct 09,2018 15:12:59 [info]  Launching browser chrome 69.0.3497.100
Oct 09,2018 15:13:34 [info]  open application url: https://chrisryan-dev.dev.cycletrader.com/
Oct 09,2018 15:13:34 [info]  Assert Top Model Section
Oct 09,2018 15:13:37 [info]  Oct 09,2018 15:13:37 [info]  <<<<<<<<<<<<<<<<<<<<<<<<<<<<<<<<<< Error message >>>>>>>>>>>>>>>>>>>>>>>>>>>>>>
java.lang.AssertionError: expected [true] but found [false]
	at org.testng.Assert.fail(Assert.java:96)
	at org.testng.Assert.failNotEquals(Assert.java:776)
	at org.testng.Assert.assertTrue(Assert.java:44)
	at org.testng.Assert.assertTrue(Assert.java:54)
	at com.trader.pagehelper.HomeHelper.assertTopModelSection(HomeHelper.java:530)
	at com.trader.scripts.SmokeTest.assertTopModel(SmokeTest.java:292)
	at sun.reflect.NativeMethodAccessorImpl.invoke0(Native Method)
	at sun.reflect.NativeMethodAccessorImpl.invoke(Unknown Source)
	at sun.reflect.DelegatingMethodAccessorImpl.invoke(Unknown Source)
	at java.lang.reflect.Method.invoke(Unknown Source)
	at org.testng.internal.MethodInvocationHelper.invokeMethod(MethodInvocationHelper.java:124)
	at org.testng.internal.Invoker.invokeMethod(Invoker.java:583)
	at org.testng.internal.Invoker.invokeTestMethod(Invoker.java:719)
	at org.testng.internal.Invoker.invokeTestMethods(Invoker.java:989)
	at org.testng.internal.TestMethodWorker.invokeTestMethods(TestMethodWorker.java:125)
	at org.testng.internal.TestMethodWorker.run(TestMethodWorker.java:109)
	at org.testng.TestRunner.privateRun(TestRunner.java:648)
	at org.testng.TestRunner.run(TestRunner.java:505)
	at org.testng.SuiteRunner.runTest(SuiteRunner.java:455)
	at org.testng.SuiteRunner.runSequentially(SuiteRunner.java:450)
	at org.testng.SuiteRunner.privateRun(SuiteRunner.java:415)
	at org.testng.SuiteRunner.run(SuiteRunner.java:364)
	at org.testng.SuiteRunnerWorker.runSuite(SuiteRunnerWorker.java:52)
	at org.testng.SuiteRunnerWorker.run(SuiteRunnerWorker.java:84)
	at org.testng.TestNG.runSuitesSequentially(TestNG.java:1208)
	at org.testng.TestNG.runSuitesLocally(TestNG.java:1137)
	at org.testng.TestNG.runSuites(TestNG.java:1049)
	at org.testng.TestNG.run(TestNG.java:1017)
	at org.testng.remote.AbstractRemoteTestNG.run(AbstractRemoteTestNG.java:114)
	at org.testng.remote.RemoteTestNG.initAndRun(RemoteTestNG.java:251)
	at org.testng.remote.RemoteTestNG.main(RemoteTestNG.java:77)
Oct 09,2018 15:13:45 [info]  Launching browser chrome 69.0.3497.100
Oct 09,2018 15:14:00 [info]  open application url: https://chrisryan-dev.dev.cycletrader.com/
Oct 09,2018 15:14:00 [info]  Assert Top Model Section
Oct 09,2018 15:14:03 [info]  Oct 09,2018 15:14:03 [info]  <<<<<<<<<<<<<<<<<<<<<<<<<<<<<<<<<< Error message >>>>>>>>>>>>>>>>>>>>>>>>>>>>>>
java.lang.AssertionError: expected [true] but found [false]
	at org.testng.Assert.fail(Assert.java:96)
	at org.testng.Assert.failNotEquals(Assert.java:776)
	at org.testng.Assert.assertTrue(Assert.java:44)
	at org.testng.Assert.assertTrue(Assert.java:54)
	at com.trader.pagehelper.HomeHelper.assertTopModelSection(HomeHelper.java:530)
	at com.trader.scripts.SmokeTest.searchWithTopModellinks(SmokeTest.java:303)
	at sun.reflect.NativeMethodAccessorImpl.invoke0(Native Method)
	at sun.reflect.NativeMethodAccessorImpl.invoke(Unknown Source)
	at sun.reflect.DelegatingMethodAccessorImpl.invoke(Unknown Source)
	at java.lang.reflect.Method.invoke(Unknown Source)
	at org.testng.internal.MethodInvocationHelper.invokeMethod(MethodInvocationHelper.java:124)
	at org.testng.internal.Invoker.invokeMethod(Invoker.java:583)
	at org.testng.internal.Invoker.invokeTestMethod(Invoker.java:719)
	at org.testng.internal.Invoker.invokeTestMethods(Invoker.java:989)
	at org.testng.internal.TestMethodWorker.invokeTestMethods(TestMethodWorker.java:125)
	at org.testng.internal.TestMethodWorker.run(TestMethodWorker.java:109)
	at org.testng.TestRunner.privateRun(TestRunner.java:648)
	at org.testng.TestRunner.run(TestRunner.java:505)
	at org.testng.SuiteRunner.runTest(SuiteRunner.java:455)
	at org.testng.SuiteRunner.runSequentially(SuiteRunner.java:450)
	at org.testng.SuiteRunner.privateRun(SuiteRunner.java:415)
	at org.testng.SuiteRunner.run(SuiteRunner.java:364)
	at org.testng.SuiteRunnerWorker.runSuite(SuiteRunnerWorker.java:52)
	at org.testng.SuiteRunnerWorker.run(SuiteRunnerWorker.java:84)
	at org.testng.TestNG.runSuitesSequentially(TestNG.java:1208)
	at org.testng.TestNG.runSuitesLocally(TestNG.java:1137)
	at org.testng.TestNG.runSuites(TestNG.java:1049)
	at org.testng.TestNG.run(TestNG.java:1017)
	at org.testng.remote.AbstractRemoteTestNG.run(AbstractRemoteTestNG.java:114)
	at org.testng.remote.RemoteTestNG.initAndRun(RemoteTestNG.java:251)
	at org.testng.remote.RemoteTestNG.main(RemoteTestNG.java:77)
Oct 09,2018 15:14:12 [info]  Launching browser chrome 69.0.3497.100
Oct 09,2018 15:14:25 [info]  open application url: https://chrisryan-dev.dev.cycletrader.com/
Oct 09,2018 15:14:25 [info]  Click on Popular Type Tab
Oct 09,2018 15:14:26 [info]  Click on search all under Popular Type Tab
Oct 09,2018 15:14:30 [info]  Motorcycles for Sale Page
Oct 09,2018 15:14:31 [info]  Oct 09,2018 15:14:31 [info]  <<<<<<<<<<<<<<<<<<<<<<<<<<<<<<<<<< Error message >>>>>>>>>>>>>>>>>>>>>>>>>>>>>>
java.lang.AssertionError: Element Locator ://*[@id='topicTitle']/em Not found expected [true] but found [false]
	at org.testng.Assert.fail(Assert.java:96)
	at org.testng.Assert.failNotEquals(Assert.java:776)
	at org.testng.Assert.assertTrue(Assert.java:44)
	at com.trader.pagehelper.SearchHelper.assertSearchResultPage(SearchHelper.java:54)
	at com.trader.scripts.SmokeTest.searchWithSearchAllUnderPopularType(SmokeTest.java:325)
	at sun.reflect.NativeMethodAccessorImpl.invoke0(Native Method)
	at sun.reflect.NativeMethodAccessorImpl.invoke(Unknown Source)
	at sun.reflect.DelegatingMethodAccessorImpl.invoke(Unknown Source)
	at java.lang.reflect.Method.invoke(Unknown Source)
	at org.testng.internal.MethodInvocationHelper.invokeMethod(MethodInvocationHelper.java:124)
	at org.testng.internal.Invoker.invokeMethod(Invoker.java:583)
	at org.testng.internal.Invoker.invokeTestMethod(Invoker.java:719)
	at org.testng.internal.Invoker.invokeTestMethods(Invoker.java:989)
	at org.testng.internal.TestMethodWorker.invokeTestMethods(TestMethodWorker.java:125)
	at org.testng.internal.TestMethodWorker.run(TestMethodWorker.java:109)
	at org.testng.TestRunner.privateRun(TestRunner.java:648)
	at org.testng.TestRunner.run(TestRunner.java:505)
	at org.testng.SuiteRunner.runTest(SuiteRunner.java:455)
	at org.testng.SuiteRunner.runSequentially(SuiteRunner.java:450)
	at org.testng.SuiteRunner.privateRun(SuiteRunner.java:415)
	at org.testng.SuiteRunner.run(SuiteRunner.java:364)
	at org.testng.SuiteRunnerWorker.runSuite(SuiteRunnerWorker.java:52)
	at org.testng.SuiteRunnerWorker.run(SuiteRunnerWorker.java:84)
	at org.testng.TestNG.runSuitesSequentially(TestNG.java:1208)
	at org.testng.TestNG.runSuitesLocally(TestNG.java:1137)
	at org.testng.TestNG.runSuites(TestNG.java:1049)
	at org.testng.TestNG.run(TestNG.java:1017)
	at org.testng.remote.AbstractRemoteTestNG.run(AbstractRemoteTestNG.java:114)
	at org.testng.remote.RemoteTestNG.initAndRun(RemoteTestNG.java:251)
	at org.testng.remote.RemoteTestNG.main(RemoteTestNG.java:77)
Oct 09,2018 15:14:40 [info]  Launching browser chrome 69.0.3497.100
Oct 09,2018 15:14:59 [info]  open application url: https://chrisryan-dev.dev.cycletrader.com/
Oct 09,2018 15:14:59 [info]  Assert Top Model Section
Oct 09,2018 15:14:59 [info]  Click on Popular Type Tab
Oct 09,2018 15:14:59 [info]  set Popular TypeCruiser'
Oct 09,2018 15:14:59 [info]  set Type List 'Cruiser'
Oct 09,2018 15:15:14 [info]  Click on application logo in header
Oct 09,2018 15:15:16 [info]  Click on Popular Type Tab
Oct 09,2018 15:15:17 [info]  set Popular TypeDirt Bike'
Oct 09,2018 15:15:17 [info]  set Type List 'Dirt Bike'
Oct 09,2018 15:15:30 [info]  Click on application logo in header
Oct 09,2018 15:15:33 [info]  Click on Popular Type Tab
Oct 09,2018 15:15:37 [info]  set Popular TypeSportbike'
Oct 09,2018 15:15:37 [info]  set Type List 'Sportbike'
Oct 09,2018 15:20:42 [info]  Oct 09,2018 15:20:42 [info]  <<<<<<<<<<<<<<<<<<<<<<<<<<<<<<<<<< Error message >>>>>>>>>>>>>>>>>>>>>>>>>>>>>>
org.openqa.selenium.TimeoutException: timeout
  (Session info: chrome=69.0.3497.100)
  (Driver info: chromedriver=2.38.552522 (437e6fbedfa8762dec75e2c5b3ddb86763dc9dcb),platform=Windows NT 6.1.7601 SP1 x86_64) (WARNING: The server did not provide any stacktrace information)
Command duration or timeout: 0 milliseconds
Build info: version: '3.10.0', revision: '176b4a9', time: '2018-03-02T19:03:16.397Z'
System info: host: '360NDCLP093', ip: '10.46.18.75', os.name: 'Windows 7', os.arch: 'amd64', os.version: '6.1', java.version: '1.8.0_181'
Driver info: org.openqa.selenium.chrome.ChromeDriver
Capabilities {acceptInsecureCerts: false, acceptSslCerts: false, applicationCacheEnabled: false, browserConnectionEnabled: false, browserName: chrome, chrome: {chromedriverVersion: 2.38.552522 (437e6fbedfa876..., userDataDir: C:\Users\viveks\AppData\Loc...}, cssSelectorsEnabled: true, databaseEnabled: false, handlesAlerts: true, hasTouchScreen: false, javascriptEnabled: true, locationContextEnabled: true, mobileEmulationEnabled: false, nativeEvents: true, networkConnectionEnabled: false, pageLoadStrategy: normal, platform: XP, platformName: XP, rotatable: false, setWindowRect: true, takesHeapSnapshot: true, takesScreenshot: true, unexpectedAlertBehaviour: , unhandledPromptBehavior: , version: 69.0.3497.100, webStorageEnabled: true}
Session ID: b1c17c382df1f393b4db9b8a1166ffa0
	at sun.reflect.NativeConstructorAccessorImpl.newInstance0(Native Method)
	at sun.reflect.NativeConstructorAccessorImpl.newInstance(Unknown Source)
	at sun.reflect.DelegatingConstructorAccessorImpl.newInstance(Unknown Source)
	at java.lang.reflect.Constructor.newInstance(Unknown Source)
	at org.openqa.selenium.remote.ErrorHandler.createThrowable(ErrorHandler.java:214)
	at org.openqa.selenium.remote.ErrorHandler.throwIfResponseFailed(ErrorHandler.java:166)
	at org.openqa.selenium.remote.http.JsonHttpResponseCodec.reconstructValue(JsonHttpResponseCodec.java:40)
	at org.openqa.selenium.remote.http.AbstractHttpResponseCodec.decode(AbstractHttpResponseCodec.java:80)
	at org.openqa.selenium.remote.http.AbstractHttpResponseCodec.decode(AbstractHttpResponseCodec.java:44)
	at org.openqa.selenium.remote.HttpCommandExecutor.execute(HttpCommandExecutor.java:160)
	at org.openqa.selenium.remote.service.DriverCommandExecutor.execute(DriverCommandExecutor.java:83)
	at org.openqa.selenium.remote.RemoteWebDriver.execute(RemoteWebDriver.java:601)
	at org.openqa.selenium.remote.RemoteWebElement.execute(RemoteWebElement.java:279)
	at org.openqa.selenium.remote.RemoteWebElement.click(RemoteWebElement.java:83)
	at com.trader.utils.DriverHelper.clickOn(DriverHelper.java:668)
	at com.trader.pagehelper.HomeHelper.clickAndAssertPopularTypeLinks(HomeHelper.java:738)
	at com.trader.scripts.SmokeTest.searchWithPopularTypesIcon(SmokeTest.java:336)
	at sun.reflect.NativeMethodAccessorImpl.invoke0(Native Method)
	at sun.reflect.NativeMethodAccessorImpl.invoke(Unknown Source)
	at sun.reflect.DelegatingMethodAccessorImpl.invoke(Unknown Source)
	at java.lang.reflect.Method.invoke(Unknown Source)
	at org.testng.internal.MethodInvocationHelper.invokeMethod(MethodInvocationHelper.java:124)
	at org.testng.internal.Invoker.invokeMethod(Invoker.java:583)
	at org.testng.internal.Invoker.invokeTestMethod(Invoker.java:719)
	at org.testng.internal.Invoker.invokeTestMethods(Invoker.java:989)
	at org.testng.internal.TestMethodWorker.invokeTestMethods(TestMethodWorker.java:125)
	at org.testng.internal.TestMethodWorker.run(TestMethodWorker.java:109)
	at org.testng.TestRunner.privateRun(TestRunner.java:648)
	at org.testng.TestRunner.run(TestRunner.java:505)
	at org.testng.SuiteRunner.runTest(SuiteRunner.java:455)
	at org.testng.SuiteRunner.runSequentially(SuiteRunner.java:450)
	at org.testng.SuiteRunner.privateRun(SuiteRunner.java:415)
	at org.testng.SuiteRunner.run(SuiteRunner.java:364)
	at org.testng.SuiteRunnerWorker.runSuite(SuiteRunnerWorker.java:52)
	at org.testng.SuiteRunnerWorker.run(SuiteRunnerWorker.java:84)
	at org.testng.TestNG.runSuitesSequentially(TestNG.java:1208)
	at org.testng.TestNG.runSuitesLocally(TestNG.java:1137)
	at org.testng.TestNG.runSuites(TestNG.java:1049)
	at org.testng.TestNG.run(TestNG.java:1017)
	at org.testng.remote.AbstractRemoteTestNG.run(AbstractRemoteTestNG.java:114)
	at org.testng.remote.RemoteTestNG.initAndRun(RemoteTestNG.java:251)
	at org.testng.remote.RemoteTestNG.main(RemoteTestNG.java:77)
Oct 09,2018 15:20:51 [info]  Launching browser chrome 69.0.3497.100
Oct 09,2018 15:21:12 [info]  open application url: https://chrisryan-dev.dev.cycletrader.com/
Oct 09,2018 15:21:12 [info]  Assert Top Type Section
Oct 09,2018 15:21:28 [info]  Launching browser chrome 69.0.3497.100
Oct 09,2018 15:21:42 [info]  open application url: https://chrisryan-dev.dev.cycletrader.com/
Oct 09,2018 15:21:42 [info]  Assert Top Type Section
Oct 09,2018 15:22:01 [info]  Launching browser chrome 69.0.3497.100
Oct 09,2018 15:22:19 [info]  open application url: https://chrisryan-dev.dev.cycletrader.com/
Oct 09,2018 15:22:19 [info]  Click on Popular State tab
Oct 09,2018 15:22:19 [info]  Click on Search All under Popular State tab
Oct 09,2018 15:22:23 [info]  Assert State result page
Oct 09,2018 15:22:32 [info]  Launching browser chrome 69.0.3497.100
Oct 09,2018 15:22:47 [info]  open application url: https://chrisryan-dev.dev.cycletrader.com/
Oct 09,2018 15:22:47 [info]  Assert Popular State Section
Oct 09,2018 15:22:47 [info]  Click on Popular State tab
Oct 09,2018 15:22:47 [info]  set Popular StateAlabama'
Oct 09,2018 15:22:47 [info]  set Type List 'Alabama'
Oct 09,2018 15:23:04 [info]  Click on application logo in header
Oct 09,2018 15:23:06 [info]  Click on Popular State tab
Oct 09,2018 15:23:07 [info]  set Popular StateCalifornia'
Oct 09,2018 15:23:07 [info]  set Type List 'California'
Oct 09,2018 15:23:25 [info]  Click on application logo in header
Oct 09,2018 15:28:26 [info]  Oct 09,2018 15:28:26 [info]  <<<<<<<<<<<<<<<<<<<<<<<<<<<<<<<<<< Error message >>>>>>>>>>>>>>>>>>>>>>>>>>>>>>
org.openqa.selenium.TimeoutException: timeout
  (Session info: chrome=69.0.3497.100)
  (Driver info: chromedriver=2.38.552522 (437e6fbedfa8762dec75e2c5b3ddb86763dc9dcb),platform=Windows NT 6.1.7601 SP1 x86_64) (WARNING: The server did not provide any stacktrace information)
Command duration or timeout: 0 milliseconds
Build info: version: '3.10.0', revision: '176b4a9', time: '2018-03-02T19:03:16.397Z'
System info: host: '360NDCLP093', ip: '10.46.18.75', os.name: 'Windows 7', os.arch: 'amd64', os.version: '6.1', java.version: '1.8.0_181'
Driver info: org.openqa.selenium.chrome.ChromeDriver
Capabilities {acceptInsecureCerts: false, acceptSslCerts: false, applicationCacheEnabled: false, browserConnectionEnabled: false, browserName: chrome, chrome: {chromedriverVersion: 2.38.552522 (437e6fbedfa876..., userDataDir: C:\Users\viveks\AppData\Loc...}, cssSelectorsEnabled: true, databaseEnabled: false, handlesAlerts: true, hasTouchScreen: false, javascriptEnabled: true, locationContextEnabled: true, mobileEmulationEnabled: false, nativeEvents: true, networkConnectionEnabled: false, pageLoadStrategy: normal, platform: XP, platformName: XP, rotatable: false, setWindowRect: true, takesHeapSnapshot: true, takesScreenshot: true, unexpectedAlertBehaviour: , unhandledPromptBehavior: , version: 69.0.3497.100, webStorageEnabled: true}
Session ID: c1e96b93111c132d4dc46331fa878e19
	at sun.reflect.NativeConstructorAccessorImpl.newInstance0(Native Method)
	at sun.reflect.NativeConstructorAccessorImpl.newInstance(Unknown Source)
	at sun.reflect.DelegatingConstructorAccessorImpl.newInstance(Unknown Source)
	at java.lang.reflect.Constructor.newInstance(Unknown Source)
	at org.openqa.selenium.remote.ErrorHandler.createThrowable(ErrorHandler.java:214)
	at org.openqa.selenium.remote.ErrorHandler.throwIfResponseFailed(ErrorHandler.java:166)
	at org.openqa.selenium.remote.http.JsonHttpResponseCodec.reconstructValue(JsonHttpResponseCodec.java:40)
	at org.openqa.selenium.remote.http.AbstractHttpResponseCodec.decode(AbstractHttpResponseCodec.java:80)
	at org.openqa.selenium.remote.http.AbstractHttpResponseCodec.decode(AbstractHttpResponseCodec.java:44)
	at org.openqa.selenium.remote.HttpCommandExecutor.execute(HttpCommandExecutor.java:160)
	at org.openqa.selenium.remote.service.DriverCommandExecutor.execute(DriverCommandExecutor.java:83)
	at org.openqa.selenium.remote.RemoteWebDriver.execute(RemoteWebDriver.java:601)
	at org.openqa.selenium.remote.RemoteWebElement.execute(RemoteWebElement.java:279)
	at org.openqa.selenium.remote.RemoteWebElement.click(RemoteWebElement.java:83)
	at com.trader.utils.DriverHelper.clickOn(DriverHelper.java:668)
	at com.trader.pagehelper.HomeHelper.clickOnApplicationLogo(HomeHelper.java:274)
	at com.trader.pagehelper.HomeHelper.clickAndAssertPopularStateLinks(HomeHelper.java:894)
	at com.trader.scripts.SmokeTest.searchWithStateUnderPopularState(SmokeTest.java:382)
	at sun.reflect.NativeMethodAccessorImpl.invoke0(Native Method)
	at sun.reflect.NativeMethodAccessorImpl.invoke(Unknown Source)
	at sun.reflect.DelegatingMethodAccessorImpl.invoke(Unknown Source)
	at java.lang.reflect.Method.invoke(Unknown Source)
	at org.testng.internal.MethodInvocationHelper.invokeMethod(MethodInvocationHelper.java:124)
	at org.testng.internal.Invoker.invokeMethod(Invoker.java:583)
	at org.testng.internal.Invoker.invokeTestMethod(Invoker.java:719)
	at org.testng.internal.Invoker.invokeTestMethods(Invoker.java:989)
	at org.testng.internal.TestMethodWorker.invokeTestMethods(TestMethodWorker.java:125)
	at org.testng.internal.TestMethodWorker.run(TestMethodWorker.java:109)
	at org.testng.TestRunner.privateRun(TestRunner.java:648)
	at org.testng.TestRunner.run(TestRunner.java:505)
	at org.testng.SuiteRunner.runTest(SuiteRunner.java:455)
	at org.testng.SuiteRunner.runSequentially(SuiteRunner.java:450)
	at org.testng.SuiteRunner.privateRun(SuiteRunner.java:415)
	at org.testng.SuiteRunner.run(SuiteRunner.java:364)
	at org.testng.SuiteRunnerWorker.runSuite(SuiteRunnerWorker.java:52)
	at org.testng.SuiteRunnerWorker.run(SuiteRunnerWorker.java:84)
	at org.testng.TestNG.runSuitesSequentially(TestNG.java:1208)
	at org.testng.TestNG.runSuitesLocally(TestNG.java:1137)
	at org.testng.TestNG.runSuites(TestNG.java:1049)
	at org.testng.TestNG.run(TestNG.java:1017)
	at org.testng.remote.AbstractRemoteTestNG.run(AbstractRemoteTestNG.java:114)
	at org.testng.remote.RemoteTestNG.initAndRun(RemoteTestNG.java:251)
	at org.testng.remote.RemoteTestNG.main(RemoteTestNG.java:77)
Oct 09,2018 15:28:35 [info]  Launching browser chrome 69.0.3497.100
Oct 09,2018 15:28:53 [info]  open application url: https://chrisryan-dev.dev.cycletrader.com/
Oct 09,2018 15:28:53 [info]  Click on find button
Oct 09,2018 15:29:23 [info]  Click on Location Option on Advanced Search
Oct 09,2018 15:29:27 [info]  Get Zip Code
Oct 09,2018 15:29:27 [info]  Get Location Radius
Oct 09,2018 15:29:27 [info]  Select Radius from Location option
Oct 09,2018 15:29:28 [info]  Enter Zip code
Oct 09,2018 15:29:29 [info]  Click on update button
Oct 09,2018 15:29:34 [info]  Assert Location updates
Oct 09,2018 15:29:44 [info]  Launching browser chrome 69.0.3497.100
Oct 09,2018 15:30:03 [info]  open application url: https://chrisryan-dev.dev.cycletrader.com/
Oct 09,2018 15:30:03 [info]  Click on find button
Oct 09,2018 15:30:11 [info]  Click on Keyword option on Advaned Search
Oct 09,2018 15:30:16 [info]  Enter Keyword And Select Suggestion
Oct 09,2018 15:30:16 [info]  Get Keyword
Oct 09,2018 15:30:19 [info]  Click on update button under Keyword Option
Oct 09,2018 15:30:20 [info]  Wait for Updating Spinner
Oct 09,2018 15:30:22 [info]  Ad's Search Result page.
Oct 09,2018 15:30:31 [info]  Launching browser chrome 69.0.3497.100
Oct 09,2018 15:30:42 [info]  open application url: https://chrisryan-dev.dev.cycletrader.com/
Oct 09,2018 15:30:42 [info]  Click on find button
Oct 09,2018 15:30:54 [info]  Click on Make Option at Advanced Search page
Oct 09,2018 15:30:59 [info]  Select Make Option at Advanced Search page
Oct 09,2018 15:31:02 [info]  Click on Update button
Oct 09,2018 15:31:03 [info]  Wait for Updating Spinner
Oct 09,2018 15:31:06 [info]  Select model Option at Advanced Search page
Oct 09,2018 15:31:06 [info]  Click on Model Option at Advanced Search page
Oct 09,2018 15:31:14 [info]  Click on Update button
Oct 09,2018 15:31:15 [info]  Wait for Updating Spinner
Oct 09,2018 15:31:19 [info]  Select Trim Option at Advanced Search page
Oct 09,2018 15:31:19 [info]  Click on Trim Option at Advanced Search page
Oct 09,2018 15:31:30 [info]  Click on Update button
Oct 09,2018 15:31:58 [info]  Oct 09,2018 15:31:58 [info]  <<<<<<<<<<<<<<<<<<<<<<<<<<<<<<<<<< Error message >>>>>>>>>>>>>>>>>>>>>>>>>>>>>>
java.lang.NullPointerException
	at com.trader.pagehelper.SearchHelper.clickOnUpdateButtonOnPopUp(SearchHelper.java:615)
	at com.trader.pagehelper.SearchHelper.selectTrimOptionAndAssertSearchResultPage(SearchHelper.java:872)
	at com.trader.scripts.SmokeTest.refineSearchWithAllRefinedOption(SmokeTest.java:425)
	at sun.reflect.NativeMethodAccessorImpl.invoke0(Native Method)
	at sun.reflect.NativeMethodAccessorImpl.invoke(Unknown Source)
	at sun.reflect.DelegatingMethodAccessorImpl.invoke(Unknown Source)
	at java.lang.reflect.Method.invoke(Unknown Source)
	at org.testng.internal.MethodInvocationHelper.invokeMethod(MethodInvocationHelper.java:124)
	at org.testng.internal.Invoker.invokeMethod(Invoker.java:583)
	at org.testng.internal.Invoker.invokeTestMethod(Invoker.java:719)
	at org.testng.internal.Invoker.invokeTestMethods(Invoker.java:989)
	at org.testng.internal.TestMethodWorker.invokeTestMethods(TestMethodWorker.java:125)
	at org.testng.internal.TestMethodWorker.run(TestMethodWorker.java:109)
	at org.testng.TestRunner.privateRun(TestRunner.java:648)
	at org.testng.TestRunner.run(TestRunner.java:505)
	at org.testng.SuiteRunner.runTest(SuiteRunner.java:455)
	at org.testng.SuiteRunner.runSequentially(SuiteRunner.java:450)
	at org.testng.SuiteRunner.privateRun(SuiteRunner.java:415)
	at org.testng.SuiteRunner.run(SuiteRunner.java:364)
	at org.testng.SuiteRunnerWorker.runSuite(SuiteRunnerWorker.java:52)
	at org.testng.SuiteRunnerWorker.run(SuiteRunnerWorker.java:84)
	at org.testng.TestNG.runSuitesSequentially(TestNG.java:1208)
	at org.testng.TestNG.runSuitesLocally(TestNG.java:1137)
	at org.testng.TestNG.runSuites(TestNG.java:1049)
	at org.testng.TestNG.run(TestNG.java:1017)
	at org.testng.remote.AbstractRemoteTestNG.run(AbstractRemoteTestNG.java:114)
	at org.testng.remote.RemoteTestNG.initAndRun(RemoteTestNG.java:251)
	at org.testng.remote.RemoteTestNG.main(RemoteTestNG.java:77)
Oct 09,2018 15:32:09 [info]  Launching browser chrome 69.0.3497.100
Oct 09,2018 15:32:25 [info]  open application url: https://chrisryan-dev.dev.cycletrader.com/
Oct 09,2018 15:32:25 [info]  Click on find button
Oct 09,2018 15:32:31 [info]  Click on Make Option at Advanced Search page
Oct 09,2018 15:32:37 [info]  Recent search link
Oct 09,2018 15:32:39 [info]  Click on Update button
Oct 09,2018 15:32:40 [info]  Wait for Updating Spinner
Oct 09,2018 15:37:45 [info]  Oct 09,2018 15:37:45 [info]  <<<<<<<<<<<<<<<<<<<<<<<<<<<<<<<<<< Error message >>>>>>>>>>>>>>>>>>>>>>>>>>>>>>
org.openqa.selenium.TimeoutException: timeout
  (Session info: chrome=69.0.3497.100)
  (Driver info: chromedriver=2.38.552522 (437e6fbedfa8762dec75e2c5b3ddb86763dc9dcb),platform=Windows NT 6.1.7601 SP1 x86_64) (WARNING: The server did not provide any stacktrace information)
Command duration or timeout: 0 milliseconds
Build info: version: '3.10.0', revision: '176b4a9', time: '2018-03-02T19:03:16.397Z'
System info: host: '360NDCLP093', ip: '10.46.18.75', os.name: 'Windows 7', os.arch: 'amd64', os.version: '6.1', java.version: '1.8.0_181'
Driver info: org.openqa.selenium.chrome.ChromeDriver
Capabilities {acceptInsecureCerts: false, acceptSslCerts: false, applicationCacheEnabled: false, browserConnectionEnabled: false, browserName: chrome, chrome: {chromedriverVersion: 2.38.552522 (437e6fbedfa876..., userDataDir: C:\Users\viveks\AppData\Loc...}, cssSelectorsEnabled: true, databaseEnabled: false, handlesAlerts: true, hasTouchScreen: false, javascriptEnabled: true, locationContextEnabled: true, mobileEmulationEnabled: false, nativeEvents: true, networkConnectionEnabled: false, pageLoadStrategy: normal, platform: XP, platformName: XP, rotatable: false, setWindowRect: true, takesHeapSnapshot: true, takesScreenshot: true, unexpectedAlertBehaviour: , unhandledPromptBehavior: , version: 69.0.3497.100, webStorageEnabled: true}
Session ID: daf9d6a422c9e658f23841f2270349cb
	at sun.reflect.NativeConstructorAccessorImpl.newInstance0(Native Method)
	at sun.reflect.NativeConstructorAccessorImpl.newInstance(Unknown Source)
	at sun.reflect.DelegatingConstructorAccessorImpl.newInstance(Unknown Source)
	at java.lang.reflect.Constructor.newInstance(Unknown Source)
	at org.openqa.selenium.remote.ErrorHandler.createThrowable(ErrorHandler.java:214)
	at org.openqa.selenium.remote.ErrorHandler.throwIfResponseFailed(ErrorHandler.java:166)
	at org.openqa.selenium.remote.http.JsonHttpResponseCodec.reconstructValue(JsonHttpResponseCodec.java:40)
	at org.openqa.selenium.remote.http.AbstractHttpResponseCodec.decode(AbstractHttpResponseCodec.java:80)
	at org.openqa.selenium.remote.http.AbstractHttpResponseCodec.decode(AbstractHttpResponseCodec.java:44)
	at org.openqa.selenium.remote.HttpCommandExecutor.execute(HttpCommandExecutor.java:160)
	at org.openqa.selenium.remote.service.DriverCommandExecutor.execute(DriverCommandExecutor.java:83)
	at org.openqa.selenium.remote.RemoteWebDriver.execute(RemoteWebDriver.java:601)
	at org.openqa.selenium.remote.RemoteWebElement.execute(RemoteWebElement.java:279)
	at org.openqa.selenium.remote.RemoteWebElement.click(RemoteWebElement.java:83)
	at com.trader.utils.DriverHelper.clickOn(DriverHelper.java:668)
	at com.trader.pagehelper.SearchHelper.clickAndAssertRecentSearchLinkResult(SearchHelper.java:908)
	at com.trader.scripts.SmokeTest.searchWithRecentSearchLink(SmokeTest.java:439)
	at sun.reflect.NativeMethodAccessorImpl.invoke0(Native Method)
	at sun.reflect.NativeMethodAccessorImpl.invoke(Unknown Source)
	at sun.reflect.DelegatingMethodAccessorImpl.invoke(Unknown Source)
	at java.lang.reflect.Method.invoke(Unknown Source)
	at org.testng.internal.MethodInvocationHelper.invokeMethod(MethodInvocationHelper.java:124)
	at org.testng.internal.Invoker.invokeMethod(Invoker.java:583)
	at org.testng.internal.Invoker.invokeTestMethod(Invoker.java:719)
	at org.testng.internal.Invoker.invokeTestMethods(Invoker.java:989)
	at org.testng.internal.TestMethodWorker.invokeTestMethods(TestMethodWorker.java:125)
	at org.testng.internal.TestMethodWorker.run(TestMethodWorker.java:109)
	at org.testng.TestRunner.privateRun(TestRunner.java:648)
	at org.testng.TestRunner.run(TestRunner.java:505)
	at org.testng.SuiteRunner.runTest(SuiteRunner.java:455)
	at org.testng.SuiteRunner.runSequentially(SuiteRunner.java:450)
	at org.testng.SuiteRunner.privateRun(SuiteRunner.java:415)
	at org.testng.SuiteRunner.run(SuiteRunner.java:364)
	at org.testng.SuiteRunnerWorker.runSuite(SuiteRunnerWorker.java:52)
	at org.testng.SuiteRunnerWorker.run(SuiteRunnerWorker.java:84)
	at org.testng.TestNG.runSuitesSequentially(TestNG.java:1208)
	at org.testng.TestNG.runSuitesLocally(TestNG.java:1137)
	at org.testng.TestNG.runSuites(TestNG.java:1049)
	at org.testng.TestNG.run(TestNG.java:1017)
	at org.testng.remote.AbstractRemoteTestNG.run(AbstractRemoteTestNG.java:114)
	at org.testng.remote.RemoteTestNG.initAndRun(RemoteTestNG.java:251)
	at org.testng.remote.RemoteTestNG.main(RemoteTestNG.java:77)
Oct 09,2018 15:37:54 [info]  Launching browser chrome 69.0.3497.100
Oct 09,2018 15:38:14 [info]  open application url: https://chrisryan-dev.dev.cycletrader.com/
Oct 09,2018 15:38:14 [info]  Click on find button
Oct 09,2018 15:38:25 [info]  Click on Make Option at Advanced Search page
Oct 09,2018 15:38:31 [info]  Select Make Option at Advanced Search page
Oct 09,2018 15:38:33 [info]  Click on Update button
Oct 09,2018 15:38:34 [info]  Wait for Updating Spinner
Oct 09,2018 15:38:43 [info]  Click on application logo in header
Oct 09,2018 15:38:47 [info]  Search tab enabled
Oct 09,2018 15:39:01 [info]  Launching browser chrome 69.0.3497.100
Oct 09,2018 15:39:14 [info]  open application url: https://chrisryan-dev.dev.cycletrader.com/
Oct 09,2018 15:39:14 [info]  Search tab enabled
Oct 09,2018 15:39:20 [info]  Click on Buy Menu and assert Result page
Oct 09,2018 15:39:33 [info]  Launching browser chrome 69.0.3497.100
Oct 09,2018 15:39:51 [info]  open application url: https://chrisryan-dev.dev.cycletrader.com/
Oct 09,2018 15:39:51 [info]  Search tab enabled
Oct 09,2018 15:39:56 [info]  Click on Buy Menu and assert Result page
Oct 09,2018 15:39:59 [info]  Click On Find By Make Button And Assert Result Page
Oct 09,2018 15:40:10 [info]  Click On Find By Type Button And Assert Result Page
Oct 09,2018 15:40:19 [info]  Click On Find By State Button And Assert Result Page
Oct 09,2018 15:40:30 [info]  Launching browser chrome 69.0.3497.100
Oct 09,2018 15:40:49 [info]  open application url: https://chrisryan-dev.dev.cycletrader.com/
Oct 09,2018 15:40:49 [info]  Search tab enabled
Oct 09,2018 15:40:54 [info]  Click on Buy Menu and assert Result page
Oct 09,2018 15:40:58 [info]  Click on See Matches Button
Oct 09,2018 15:41:08 [info]  Ad's Search Result page.
Oct 09,2018 15:41:17 [info]  Launching browser chrome 69.0.3497.100
Oct 09,2018 15:41:33 [info]  open application url: https://chrisryan-dev.dev.cycletrader.com/
Oct 09,2018 15:41:33 [info]  Click On Sell For Free Menu And Assert Result Page
Oct 09,2018 15:41:33 [info]  Click on Sell Motorcycle button
Oct 09,2018 15:41:50 [info]  Launching browser chrome 69.0.3497.100
Oct 09,2018 15:42:08 [info]  open application url: https://chrisryan-dev.dev.cycletrader.com/
Oct 09,2018 15:42:09 [info]  Click On Research Menu
Oct 09,2018 15:42:18 [info]  Assert Research page
Oct 09,2018 15:42:27 [info]  Launching browser chrome 69.0.3497.100
Oct 09,2018 15:42:42 [info]  open application url: https://chrisryan-dev.dev.cycletrader.com/
Oct 09,2018 15:42:42 [info]  Click On Race Team Menu
Oct 09,2018 15:42:49 [info]  Assert Race Team page
Oct 09,2018 15:43:00 [info]  Launching browser chrome 69.0.3497.100
Oct 09,2018 15:43:16 [info]  open application url: https://chrisryan-dev.dev.cycletrader.com/
Oct 09,2018 15:43:16 [info]  Click On News Menu
Oct 09,2018 15:43:23 [info]  Assert News page
Oct 09,2018 15:43:32 [info]  Launching browser chrome 69.0.3497.100
Oct 09,2018 15:43:47 [info]  open application url: https://chrisryan-dev.dev.cycletrader.com/
Oct 09,2018 15:43:47 [info]  Click on More Hamburger Button
Oct 09,2018 15:43:47 [info]  Assert Hamburger listing and close icon
Oct 09,2018 15:43:47 [info]  Welcome to My Trader text on My Trader page
Oct 09,2018 15:43:54 [info]  Click On Join My Trader Button
Oct 09,2018 15:43:59 [info]  Get Password
Oct 09,2018 15:43:59 [info]  Get Re-password
Oct 09,2018 15:43:59 [info]  Enter Email ID
Oct 09,2018 15:43:59 [info]  Enter Password
Oct 09,2018 15:44:00 [info]  Enter Re-Password
Oct 09,2018 15:44:00 [info]  Click On Join My Tader Button at Join Trader page
Oct 09,2018 15:44:05 [info]  Welcome to My Trader text on My Trader page
Oct 09,2018 15:44:05 [info]  Click on application logo in header
Oct 09,2018 15:44:07 [info]  Click On Sell For Free Menu And Assert Result Page
Oct 09,2018 15:44:09 [info]  Click on Sell Motorcycle button
Oct 09,2018 15:44:16 [info]  Click on Select Free button
Oct 09,2018 15:44:26 [info]  Assert Enter Vehicle Info Tab
Oct 09,2018 15:44:26 [info]  Select Motocycle Class in Class drop down
Oct 09,2018 15:44:27 [info]  Select Listing Year from Year drop down
Oct 09,2018 15:44:27 [info]  Select listing Make from Make drop down
Oct 09,2018 15:44:28 [info]  Select listing Model from Model drop down
Oct 09,2018 15:44:32 [info]  Select listing Trim from Trim drop down
Oct 09,2018 15:44:36 [info]  Enter listing Price in Price field
Oct 09,2018 15:44:41 [info]  Select listing Price Tagline from Price Tagline drop down
Oct 09,2018 15:44:41 [info]  Select listing Category from Category drop down
Oct 09,2018 15:44:42 [info]  Enter listing message in Message field
Oct 09,2018 15:44:42 [info]  Click On Enter Your Contact Info Tab
Oct 09,2018 15:44:42 [info]  Enter First Name and Last Name
Oct 09,2018 15:44:43 [info]  Enter Contact Address
Oct 09,2018 15:44:44 [info]  Enter Contact City
Oct 09,2018 15:44:44 [info]  Select Contact State
Oct 09,2018 15:44:44 [info]  Enter Contact Zip Code
Oct 09,2018 15:44:45 [info]  Enter Contact Phone Number
Oct 09,2018 15:44:45 [info]  Click on Checkout button
Oct 09,2018 15:44:45 [info]  Wait for Updating Spinner
Oct 09,2018 15:44:48 [info]  Assert Listing Confirmation Page
Oct 09,2018 15:44:56 [info]  Click on More Hamburger Button
Oct 09,2018 15:44:56 [info]  Assert Hamburger listing and close icon
Oct 09,2018 15:44:56 [info]  Click on Sign out of My Trader link
Oct 09,2018 15:45:00 [info]  Assert successfully signout
Oct 09,2018 15:45:09 [info]  Launching browser chrome 69.0.3497.100
Oct 09,2018 15:45:27 [info]  open application url: https://chrisryan-dev.dev.cycletrader.com/
Oct 09,2018 15:45:27 [info]  Click On Dealers Menu
Oct 09,2018 15:45:27 [info]  Click On Search Dealer Button
Oct 09,2018 15:45:34 [info]  Assert Find Motorcycle Dealers page.
Oct 09,2018 15:45:41 [info]  Launching browser chrome 69.0.3497.100
Oct 09,2018 15:45:55 [info]  open application url: https://chrisryan-dev.dev.cycletrader.com/
Oct 09,2018 15:45:55 [info]  Click on Find Motorcycle Dealers link at Home page
Oct 09,2018 15:46:00 [info]  Assert Find Motorcycle Dealers page.
Oct 09,2018 15:46:09 [info]  Launching browser chrome 69.0.3497.100
Oct 09,2018 15:46:24 [info]  open application url: https://chrisryan-dev.dev.cycletrader.com/
Oct 09,2018 15:46:24 [info]  Click on Find Motorcycle Dealers link at Home page
Oct 09,2018 15:46:26 [info]  Assert Find By State Section
Oct 09,2018 15:46:37 [info]  Launching browser chrome 69.0.3497.100
Oct 09,2018 15:46:52 [info]  open application url: https://chrisryan-dev.dev.cycletrader.com/
Oct 09,2018 15:46:52 [info]  Click on Find Motorcycle Dealers link at Home page
Oct 09,2018 15:46:57 [info]  Assert Find Motorcycle Dealers page.
Oct 09,2018 15:46:57 [info]  Click on Search button at Find Motorcycle Dealers page and assert result page.
Oct 09,2018 15:47:09 [info]  Launching browser chrome 69.0.3497.100
Oct 09,2018 15:47:27 [info]  open application url: https://chrisryan-dev.dev.cycletrader.com/
Oct 09,2018 15:47:27 [info]  Click on Find Motorcycle Dealers link at Home page
Oct 09,2018 15:47:32 [info]  Assert Find Motorcycle Dealers page.
Oct 09,2018 15:47:32 [info]  Click on Search button at Find Motorcycle Dealers page and assert result page.
Oct 09,2018 15:47:38 [info]  Click On Dealers Links And Assert SearchResult Page
Oct 09,2018 15:48:34 [info]  Oct 09,2018 15:48:34 [info]  <<<<<<<<<<<<<<<<<<<<<<<<<<<<<<<<<< Error message >>>>>>>>>>>>>>>>>>>>>>>>>>>>>>
java.lang.AssertionError: Element Locator ://ul[@class='list-unstyled margin-top10']/li[1]//div/h1 Not found expected [true] but found [false]
	at org.testng.Assert.fail(Assert.java:96)
	at org.testng.Assert.failNotEquals(Assert.java:776)
	at org.testng.Assert.assertTrue(Assert.java:44)
	at com.trader.utils.DriverHelper.clickOn(DriverHelper.java:665)
	at com.trader.pagehelper.DealerHelper.clickOnDealersLinksAndAssertSearchResultPage(DealerHelper.java:86)
	at com.trader.scripts.SmokeTest.dealersLinkredirectionFromDealersResultPage(SmokeTest.java:624)
	at sun.reflect.NativeMethodAccessorImpl.invoke0(Native Method)
	at sun.reflect.NativeMethodAccessorImpl.invoke(Unknown Source)
	at sun.reflect.DelegatingMethodAccessorImpl.invoke(Unknown Source)
	at java.lang.reflect.Method.invoke(Unknown Source)
	at org.testng.internal.MethodInvocationHelper.invokeMethod(MethodInvocationHelper.java:124)
	at org.testng.internal.Invoker.invokeMethod(Invoker.java:583)
	at org.testng.internal.Invoker.invokeTestMethod(Invoker.java:719)
	at org.testng.internal.Invoker.invokeTestMethods(Invoker.java:989)
	at org.testng.internal.TestMethodWorker.invokeTestMethods(TestMethodWorker.java:125)
	at org.testng.internal.TestMethodWorker.run(TestMethodWorker.java:109)
	at org.testng.TestRunner.privateRun(TestRunner.java:648)
	at org.testng.TestRunner.run(TestRunner.java:505)
	at org.testng.SuiteRunner.runTest(SuiteRunner.java:455)
	at org.testng.SuiteRunner.runSequentially(SuiteRunner.java:450)
	at org.testng.SuiteRunner.privateRun(SuiteRunner.java:415)
	at org.testng.SuiteRunner.run(SuiteRunner.java:364)
	at org.testng.SuiteRunnerWorker.runSuite(SuiteRunnerWorker.java:52)
	at org.testng.SuiteRunnerWorker.run(SuiteRunnerWorker.java:84)
	at org.testng.TestNG.runSuitesSequentially(TestNG.java:1208)
	at org.testng.TestNG.runSuitesLocally(TestNG.java:1137)
	at org.testng.TestNG.runSuites(TestNG.java:1049)
	at org.testng.TestNG.run(TestNG.java:1017)
	at org.testng.remote.AbstractRemoteTestNG.run(AbstractRemoteTestNG.java:114)
	at org.testng.remote.RemoteTestNG.initAndRun(RemoteTestNG.java:251)
	at org.testng.remote.RemoteTestNG.main(RemoteTestNG.java:77)
Oct 09,2018 15:48:42 [info]  Launching browser chrome 69.0.3497.100
Oct 09,2018 15:48:58 [info]  open application url: https://chrisryan-dev.dev.cycletrader.com/
Oct 09,2018 15:48:58 [info]  Click on More Hamburger Button
Oct 09,2018 15:48:58 [info]  Assert Hamburger listing and close icon
Oct 09,2018 15:48:58 [info]  Welcome to My Trader text on My Trader page
Oct 09,2018 15:49:05 [info]  Click On Join My Trader Button
Oct 09,2018 15:49:09 [info]  Get Password
Oct 09,2018 15:49:09 [info]  Get Re-password
Oct 09,2018 15:49:09 [info]  Enter Email ID
Oct 09,2018 15:49:10 [info]  Enter Password
Oct 09,2018 15:49:10 [info]  Enter Re-Password
Oct 09,2018 15:49:10 [info]  Click On Join My Tader Button at Join Trader page
Oct 09,2018 15:49:15 [info]  Welcome to My Trader text on My Trader page
Oct 09,2018 15:49:15 [info]  Click on application logo in header
Oct 09,2018 15:49:18 [info]  Get Keyword
Oct 09,2018 15:49:18 [info]  Get Zip Code
Oct 09,2018 15:49:18 [info]  Get Radius
Oct 09,2018 15:49:18 [info]  Enter KeyWord
Oct 09,2018 15:49:18 [info]  Select Options from suggestion
Oct 09,2018 15:49:22 [info]  Enter Zip Code
Oct 09,2018 15:49:23 [info]  Select Radius
Oct 09,2018 15:49:23 [info]  Click on find button
Oct 09,2018 15:49:32 [info]  Ad's Search Result page.
Oct 09,2018 15:49:37 [info]  Click On Save This Search And Assert Saved Search
Oct 09,2018 15:49:40 [info]  Click On Saved Icon in header section
Oct 09,2018 15:49:56 [info]  Click on More Hamburger Button
Oct 09,2018 15:49:56 [info]  Assert Hamburger listing and close icon
Oct 09,2018 15:49:57 [info]  Click on Sign out of My Trader link
Oct 09,2018 15:50:01 [info]  Assert successfully signout
Oct 09,2018 15:50:10 [info]  Launching browser chrome 69.0.3497.100
Oct 09,2018 15:50:27 [info]  open application url: https://chrisryan-dev.dev.cycletrader.com/
Oct 09,2018 15:50:27 [info]  Click on More Hamburger Button
Oct 09,2018 15:50:28 [info]  Assert Hamburger listing and close icon
Oct 09,2018 15:50:28 [info]  Welcome to My Trader text on My Trader page
Oct 09,2018 15:50:37 [info]  Click On Join My Trader Button
Oct 09,2018 15:50:42 [info]  Get Password
Oct 09,2018 15:50:42 [info]  Get Re-password
Oct 09,2018 15:50:42 [info]  Enter Email ID
Oct 09,2018 15:50:43 [info]  Enter Password
Oct 09,2018 15:50:43 [info]  Enter Re-Password
Oct 09,2018 15:50:43 [info]  Click On Join My Tader Button at Join Trader page
Oct 09,2018 15:50:47 [info]  Welcome to My Trader text on My Trader page
Oct 09,2018 15:50:47 [info]  Click on application logo in header
Oct 09,2018 15:50:54 [info]  Get Keyword
Oct 09,2018 15:50:54 [info]  Get Zip Code
Oct 09,2018 15:50:54 [info]  Get Radius
Oct 09,2018 15:50:54 [info]  Enter KeyWord
Oct 09,2018 15:50:54 [info]  Select Options from suggestion
Oct 09,2018 15:50:57 [info]  Enter Zip Code
Oct 09,2018 15:50:58 [info]  Select Radius
Oct 09,2018 15:50:58 [info]  Click on find button
Oct 09,2018 15:51:05 [info]  Ad's Search Result page.
Oct 09,2018 15:51:05 [info]  Click On Ad And Assert Ad Details Page
Oct 09,2018 15:52:04 [info]  Oct 09,2018 15:52:04 [info]  <<<<<<<<<<<<<<<<<<<<<<<<<<<<<<<<<< Error message >>>>>>>>>>>>>>>>>>>>>>>>>>>>>>
java.lang.AssertionError: Element Locator ://div[@id='listView']/div[1]/div/div[1]/div[2]/a Not found expected [true] but found [false]
	at org.testng.Assert.fail(Assert.java:96)
	at org.testng.Assert.failNotEquals(Assert.java:776)
	at org.testng.Assert.assertTrue(Assert.java:44)
	at com.trader.utils.DriverHelper.clickOn(DriverHelper.java:665)
	at com.trader.pagehelper.SearchHelper.clickOnSaveIconAndAssertsavedListing(SearchHelper.java:970)
	at com.trader.scripts.SmokeTest.ableToSaveListing(SmokeTest.java:679)
	at sun.reflect.NativeMethodAccessorImpl.invoke0(Native Method)
	at sun.reflect.NativeMethodAccessorImpl.invoke(Unknown Source)
	at sun.reflect.DelegatingMethodAccessorImpl.invoke(Unknown Source)
	at java.lang.reflect.Method.invoke(Unknown Source)
	at org.testng.internal.MethodInvocationHelper.invokeMethod(MethodInvocationHelper.java:124)
	at org.testng.internal.Invoker.invokeMethod(Invoker.java:583)
	at org.testng.internal.Invoker.invokeTestMethod(Invoker.java:719)
	at org.testng.internal.Invoker.invokeTestMethods(Invoker.java:989)
	at org.testng.internal.TestMethodWorker.invokeTestMethods(TestMethodWorker.java:125)
	at org.testng.internal.TestMethodWorker.run(TestMethodWorker.java:109)
	at org.testng.TestRunner.privateRun(TestRunner.java:648)
	at org.testng.TestRunner.run(TestRunner.java:505)
	at org.testng.SuiteRunner.runTest(SuiteRunner.java:455)
	at org.testng.SuiteRunner.runSequentially(SuiteRunner.java:450)
	at org.testng.SuiteRunner.privateRun(SuiteRunner.java:415)
	at org.testng.SuiteRunner.run(SuiteRunner.java:364)
	at org.testng.SuiteRunnerWorker.runSuite(SuiteRunnerWorker.java:52)
	at org.testng.SuiteRunnerWorker.run(SuiteRunnerWorker.java:84)
	at org.testng.TestNG.runSuitesSequentially(TestNG.java:1208)
	at org.testng.TestNG.runSuitesLocally(TestNG.java:1137)
	at org.testng.TestNG.runSuites(TestNG.java:1049)
	at org.testng.TestNG.run(TestNG.java:1017)
	at org.testng.remote.AbstractRemoteTestNG.run(AbstractRemoteTestNG.java:114)
	at org.testng.remote.RemoteTestNG.initAndRun(RemoteTestNG.java:251)
	at org.testng.remote.RemoteTestNG.main(RemoteTestNG.java:77)
Oct 09,2018 15:52:14 [info]  Launching browser chrome 69.0.3497.100
Oct 09,2018 15:52:32 [info]  open application url: https://chrisryan-dev.dev.cycletrader.com/
Oct 09,2018 15:52:32 [info]  Click on More Hamburger Button
Oct 09,2018 15:52:32 [info]  Assert Hamburger listing and close icon
Oct 09,2018 15:52:32 [info]  Welcome to My Trader text on My Trader page
Oct 09,2018 15:52:40 [info]  Click On Join My Trader Button
Oct 09,2018 15:52:44 [info]  Get Password
Oct 09,2018 15:52:44 [info]  Get Re-password
Oct 09,2018 15:52:44 [info]  Enter Email ID
Oct 09,2018 15:52:44 [info]  Enter Password
Oct 09,2018 15:52:44 [info]  Enter Re-Password
Oct 09,2018 15:52:45 [info]  Click On Join My Tader Button at Join Trader page
Oct 09,2018 15:52:50 [info]  Welcome to My Trader text on My Trader page
Oct 09,2018 15:52:50 [info]  Click on application logo in header
Oct 09,2018 15:52:57 [info]  Search tab enabled
Oct 09,2018 15:53:02 [info]  Get Keyword
Oct 09,2018 15:53:02 [info]  Get Zip Code
Oct 09,2018 15:53:02 [info]  Get Radius
Oct 09,2018 15:53:02 [info]  Enter KeyWord
Oct 09,2018 15:53:02 [info]  Select Options from suggestion
Oct 09,2018 15:53:05 [info]  Enter Zip Code
Oct 09,2018 15:53:06 [info]  Select Radius
Oct 09,2018 15:53:06 [info]  Click on find button
Oct 09,2018 15:53:18 [info]  Ad's Search Result page.
Oct 09,2018 15:53:18 [info]  Click On Save listings link And Assert saved Listings
Oct 09,2018 15:53:21 [info]  Oct 09,2018 15:53:21 [info]  <<<<<<<<<<<<<<<<<<<<<<<<<<<<<<<<<< Error message >>>>>>>>>>>>>>>>>>>>>>>>>>>>>>
org.openqa.selenium.NoSuchElementException: no such element: Unable to locate element: {"method":"xpath","selector":"//div[@id='listView']/div[1]/div/div[1]/div[2]/a"}
  (Session info: chrome=69.0.3497.100)
  (Driver info: chromedriver=2.38.552522 (437e6fbedfa8762dec75e2c5b3ddb86763dc9dcb),platform=Windows NT 6.1.7601 SP1 x86_64) (WARNING: The server did not provide any stacktrace information)
Command duration or timeout: 0 milliseconds
For documentation on this error, please visit: http://seleniumhq.org/exceptions/no_such_element.html
Build info: version: '3.10.0', revision: '176b4a9', time: '2018-03-02T19:03:16.397Z'
System info: host: '360NDCLP093', ip: '10.46.18.75', os.name: 'Windows 7', os.arch: 'amd64', os.version: '6.1', java.version: '1.8.0_181'
Driver info: org.openqa.selenium.chrome.ChromeDriver
Capabilities {acceptInsecureCerts: false, acceptSslCerts: false, applicationCacheEnabled: false, browserConnectionEnabled: false, browserName: chrome, chrome: {chromedriverVersion: 2.38.552522 (437e6fbedfa876..., userDataDir: C:\Users\viveks\AppData\Loc...}, cssSelectorsEnabled: true, databaseEnabled: false, handlesAlerts: true, hasTouchScreen: false, javascriptEnabled: true, locationContextEnabled: true, mobileEmulationEnabled: false, nativeEvents: true, networkConnectionEnabled: false, pageLoadStrategy: normal, platform: XP, platformName: XP, rotatable: false, setWindowRect: true, takesHeapSnapshot: true, takesScreenshot: true, unexpectedAlertBehaviour: , unhandledPromptBehavior: , version: 69.0.3497.100, webStorageEnabled: true}
Session ID: a6977b2a0bf2e62f9376067361672526
*** Element info: {Using=xpath, value=//div[@id='listView']/div[1]/div/div[1]/div[2]/a}
	at sun.reflect.NativeConstructorAccessorImpl.newInstance0(Native Method)
	at sun.reflect.NativeConstructorAccessorImpl.newInstance(Unknown Source)
	at sun.reflect.DelegatingConstructorAccessorImpl.newInstance(Unknown Source)
	at java.lang.reflect.Constructor.newInstance(Unknown Source)
	at org.openqa.selenium.remote.ErrorHandler.createThrowable(ErrorHandler.java:214)
	at org.openqa.selenium.remote.ErrorHandler.throwIfResponseFailed(ErrorHandler.java:166)
	at org.openqa.selenium.remote.http.JsonHttpResponseCodec.reconstructValue(JsonHttpResponseCodec.java:40)
	at org.openqa.selenium.remote.http.AbstractHttpResponseCodec.decode(AbstractHttpResponseCodec.java:80)
	at org.openqa.selenium.remote.http.AbstractHttpResponseCodec.decode(AbstractHttpResponseCodec.java:44)
	at org.openqa.selenium.remote.HttpCommandExecutor.execute(HttpCommandExecutor.java:160)
	at org.openqa.selenium.remote.service.DriverCommandExecutor.execute(DriverCommandExecutor.java:83)
	at org.openqa.selenium.remote.RemoteWebDriver.execute(RemoteWebDriver.java:601)
	at org.openqa.selenium.remote.RemoteWebDriver.findElement(RemoteWebDriver.java:371)
	at org.openqa.selenium.remote.RemoteWebDriver.findElementByXPath(RemoteWebDriver.java:473)
	at org.openqa.selenium.By$ByXPath.findElement(By.java:361)
	at org.openqa.selenium.remote.RemoteWebDriver.findElement(RemoteWebDriver.java:363)
	at com.trader.pagehelper.SearchHelper.clickOnSaveListingLinkAndAssertSavedListing(SearchHelper.java:996)
	at com.trader.scripts.SmokeTest.ableToSaveListingFromSearchResultPage(SmokeTest.java:708)
	at sun.reflect.NativeMethodAccessorImpl.invoke0(Native Method)
	at sun.reflect.NativeMethodAccessorImpl.invoke(Unknown Source)
	at sun.reflect.DelegatingMethodAccessorImpl.invoke(Unknown Source)
	at java.lang.reflect.Method.invoke(Unknown Source)
	at org.testng.internal.MethodInvocationHelper.invokeMethod(MethodInvocationHelper.java:124)
	at org.testng.internal.Invoker.invokeMethod(Invoker.java:583)
	at org.testng.internal.Invoker.invokeTestMethod(Invoker.java:719)
	at org.testng.internal.Invoker.invokeTestMethods(Invoker.java:989)
	at org.testng.internal.TestMethodWorker.invokeTestMethods(TestMethodWorker.java:125)
	at org.testng.internal.TestMethodWorker.run(TestMethodWorker.java:109)
	at org.testng.TestRunner.privateRun(TestRunner.java:648)
	at org.testng.TestRunner.run(TestRunner.java:505)
	at org.testng.SuiteRunner.runTest(SuiteRunner.java:455)
	at org.testng.SuiteRunner.runSequentially(SuiteRunner.java:450)
	at org.testng.SuiteRunner.privateRun(SuiteRunner.java:415)
	at org.testng.SuiteRunner.run(SuiteRunner.java:364)
	at org.testng.SuiteRunnerWorker.runSuite(SuiteRunnerWorker.java:52)
	at org.testng.SuiteRunnerWorker.run(SuiteRunnerWorker.java:84)
	at org.testng.TestNG.runSuitesSequentially(TestNG.java:1208)
	at org.testng.TestNG.runSuitesLocally(TestNG.java:1137)
	at org.testng.TestNG.runSuites(TestNG.java:1049)
	at org.testng.TestNG.run(TestNG.java:1017)
	at org.testng.remote.AbstractRemoteTestNG.run(AbstractRemoteTestNG.java:114)
	at org.testng.remote.RemoteTestNG.initAndRun(RemoteTestNG.java:251)
	at org.testng.remote.RemoteTestNG.main(RemoteTestNG.java:77)
Oct 09,2018 15:53:29 [info]  Launching browser chrome 69.0.3497.100
Oct 09,2018 15:53:45 [info]  open application url: https://chrisryan-dev.dev.cycletrader.com/
Oct 09,2018 15:53:45 [info]  Click Login link
Oct 09,2018 15:53:51 [info]  Get user name
Oct 09,2018 15:53:51 [info]  Get password
Oct 09,2018 15:53:51 [info]  Enter Email ID
Oct 09,2018 15:53:51 [info]  Enter Password
Oct 09,2018 15:53:51 [info]  Click on Sign in button
Oct 09,2018 15:53:55 [info]  Welcome to My Trader text on My Trader page
Oct 09,2018 15:53:55 [info]  Click on application logo in header
Oct 09,2018 15:54:02 [info]  Search tab enabled
Oct 09,2018 15:54:07 [info]  Get Keyword
Oct 09,2018 15:54:07 [info]  Get Zip Code
Oct 09,2018 15:54:07 [info]  Get Radius
Oct 09,2018 15:54:07 [info]  Enter KeyWord
Oct 09,2018 15:54:07 [info]  Select Options from suggestion
Oct 09,2018 15:54:11 [info]  Enter Zip Code
Oct 09,2018 15:54:11 [info]  Select Radius
Oct 09,2018 15:54:11 [info]  Click on find button
Oct 09,2018 15:54:22 [info]  Ad's Search Result page.
Oct 09,2018 15:54:23 [info]  Click On Ad And Assert Ad Details Page
Oct 09,2018 15:54:46 [info]  Oct 09,2018 15:54:46 [info]  <<<<<<<<<<<<<<<<<<<<<<<<<<<<<<<<<< Error message >>>>>>>>>>>>>>>>>>>>>>>>>>>>>>
java.lang.AssertionError: Element Locator ://div[@id='listView']/div[1]/div/div[1]/div[2]/a Not found expected [true] but found [false]
	at org.testng.Assert.fail(Assert.java:96)
	at org.testng.Assert.failNotEquals(Assert.java:776)
	at org.testng.Assert.assertTrue(Assert.java:44)
	at com.trader.utils.DriverHelper.getText(DriverHelper.java:851)
	at com.trader.utils.DriverHelper.getText(DriverHelper.java:845)
	at com.trader.pagehelper.SearchHelper.clickOnAdAndAssertAdDetailsPage(SearchHelper.java:1019)
	at com.trader.scripts.SmokeTest.ADImageRedirectOnDetailsPage(SmokeTest.java:731)
	at sun.reflect.NativeMethodAccessorImpl.invoke0(Native Method)
	at sun.reflect.NativeMethodAccessorImpl.invoke(Unknown Source)
	at sun.reflect.DelegatingMethodAccessorImpl.invoke(Unknown Source)
	at java.lang.reflect.Method.invoke(Unknown Source)
	at org.testng.internal.MethodInvocationHelper.invokeMethod(MethodInvocationHelper.java:124)
	at org.testng.internal.Invoker.invokeMethod(Invoker.java:583)
	at org.testng.internal.Invoker.invokeTestMethod(Invoker.java:719)
	at org.testng.internal.Invoker.invokeTestMethods(Invoker.java:989)
	at org.testng.internal.TestMethodWorker.invokeTestMethods(TestMethodWorker.java:125)
	at org.testng.internal.TestMethodWorker.run(TestMethodWorker.java:109)
	at org.testng.TestRunner.privateRun(TestRunner.java:648)
	at org.testng.TestRunner.run(TestRunner.java:505)
	at org.testng.SuiteRunner.runTest(SuiteRunner.java:455)
	at org.testng.SuiteRunner.runSequentially(SuiteRunner.java:450)
	at org.testng.SuiteRunner.privateRun(SuiteRunner.java:415)
	at org.testng.SuiteRunner.run(SuiteRunner.java:364)
	at org.testng.SuiteRunnerWorker.runSuite(SuiteRunnerWorker.java:52)
	at org.testng.SuiteRunnerWorker.run(SuiteRunnerWorker.java:84)
	at org.testng.TestNG.runSuitesSequentially(TestNG.java:1208)
	at org.testng.TestNG.runSuitesLocally(TestNG.java:1137)
	at org.testng.TestNG.runSuites(TestNG.java:1049)
	at org.testng.TestNG.run(TestNG.java:1017)
	at org.testng.remote.AbstractRemoteTestNG.run(AbstractRemoteTestNG.java:114)
	at org.testng.remote.RemoteTestNG.initAndRun(RemoteTestNG.java:251)
	at org.testng.remote.RemoteTestNG.main(RemoteTestNG.java:77)
Oct 09,2018 15:54:55 [info]  Launching browser chrome 69.0.3497.100
Oct 09,2018 15:55:11 [info]  open application url: https://chrisryan-dev.dev.cycletrader.com/
Oct 09,2018 15:55:11 [info]  Click Login link
Oct 09,2018 15:55:17 [info]  Get user name
Oct 09,2018 15:55:17 [info]  Get password
Oct 09,2018 15:55:17 [info]  Enter Email ID
Oct 09,2018 15:55:17 [info]  Enter Password
Oct 09,2018 15:55:17 [info]  Click on Sign in button
Oct 09,2018 15:55:24 [info]  Welcome to My Trader text on My Trader page
Oct 09,2018 15:55:24 [info]  Click on application logo in header
Oct 09,2018 15:55:26 [info]  Search tab enabled
Oct 09,2018 15:55:34 [info]  Get Keyword
Oct 09,2018 15:55:34 [info]  Get Zip Code
Oct 09,2018 15:55:34 [info]  Get Radius
Oct 09,2018 15:55:34 [info]  Enter KeyWord
Oct 09,2018 15:55:34 [info]  Select Options from suggestion
Oct 09,2018 15:55:38 [info]  Enter Zip Code
Oct 09,2018 15:55:38 [info]  Select Radius
Oct 09,2018 15:55:38 [info]  Click on find button
Oct 09,2018 15:55:45 [info]  Ad's Search Result page.
Oct 09,2018 15:55:49 [info]  Click On Ad And Assert Ad Details Page
Oct 09,2018 15:56:13 [info]  Oct 09,2018 15:56:13 [info]  <<<<<<<<<<<<<<<<<<<<<<<<<<<<<<<<<< Error message >>>>>>>>>>>>>>>>>>>>>>>>>>>>>>
java.lang.AssertionError: Element Locator ://div[@id='listView']/div[1]/div/div[1]/div[2]/a Not found expected [true] but found [false]
	at org.testng.Assert.fail(Assert.java:96)
	at org.testng.Assert.failNotEquals(Assert.java:776)
	at org.testng.Assert.assertTrue(Assert.java:44)
	at com.trader.utils.DriverHelper.getText(DriverHelper.java:851)
	at com.trader.utils.DriverHelper.getText(DriverHelper.java:845)
	at com.trader.pagehelper.SearchHelper.clickOnAdAndAssertAdDetailsPage(SearchHelper.java:1019)
	at com.trader.scripts.SmokeTest.EmailOnlyRedirectOnContactSellerSection(SmokeTest.java:755)
	at sun.reflect.NativeMethodAccessorImpl.invoke0(Native Method)
	at sun.reflect.NativeMethodAccessorImpl.invoke(Unknown Source)
	at sun.reflect.DelegatingMethodAccessorImpl.invoke(Unknown Source)
	at java.lang.reflect.Method.invoke(Unknown Source)
	at org.testng.internal.MethodInvocationHelper.invokeMethod(MethodInvocationHelper.java:124)
	at org.testng.internal.Invoker.invokeMethod(Invoker.java:583)
	at org.testng.internal.Invoker.invokeTestMethod(Invoker.java:719)
	at org.testng.internal.Invoker.invokeTestMethods(Invoker.java:989)
	at org.testng.internal.TestMethodWorker.invokeTestMethods(TestMethodWorker.java:125)
	at org.testng.internal.TestMethodWorker.run(TestMethodWorker.java:109)
	at org.testng.TestRunner.privateRun(TestRunner.java:648)
	at org.testng.TestRunner.run(TestRunner.java:505)
	at org.testng.SuiteRunner.runTest(SuiteRunner.java:455)
	at org.testng.SuiteRunner.runSequentially(SuiteRunner.java:450)
	at org.testng.SuiteRunner.privateRun(SuiteRunner.java:415)
	at org.testng.SuiteRunner.run(SuiteRunner.java:364)
	at org.testng.SuiteRunnerWorker.runSuite(SuiteRunnerWorker.java:52)
	at org.testng.SuiteRunnerWorker.run(SuiteRunnerWorker.java:84)
	at org.testng.TestNG.runSuitesSequentially(TestNG.java:1208)
	at org.testng.TestNG.runSuitesLocally(TestNG.java:1137)
	at org.testng.TestNG.runSuites(TestNG.java:1049)
	at org.testng.TestNG.run(TestNG.java:1017)
	at org.testng.remote.AbstractRemoteTestNG.run(AbstractRemoteTestNG.java:114)
	at org.testng.remote.RemoteTestNG.initAndRun(RemoteTestNG.java:251)
	at org.testng.remote.RemoteTestNG.main(RemoteTestNG.java:77)
Oct 09,2018 15:56:22 [info]  Launching browser chrome 69.0.3497.100
Oct 09,2018 15:56:40 [info]  open application url: https://chrisryan-dev.dev.cycletrader.com/
Oct 09,2018 15:56:40 [info]  Click on More Hamburger Button
Oct 09,2018 15:56:40 [info]  Assert Hamburger listing and close icon
Oct 09,2018 15:56:40 [info]  Welcome to My Trader text on My Trader page
Oct 09,2018 15:56:47 [info]  Click On Join My Trader Button
Oct 09,2018 15:56:51 [info]  Get Password
Oct 09,2018 15:56:51 [info]  Get Re-password
Oct 09,2018 15:56:51 [info]  Enter Email ID
Oct 09,2018 15:56:51 [info]  Enter Password
Oct 09,2018 15:56:51 [info]  Enter Re-Password
Oct 09,2018 15:56:52 [info]  Click On Join My Tader Button at Join Trader page
Oct 09,2018 15:56:55 [info]  Welcome to My Trader text on My Trader page
Oct 09,2018 15:56:55 [info]  Click on application logo in header
Oct 09,2018 15:56:57 [info]  Click On Sell For Free Menu And Assert Result Page
Oct 09,2018 15:56:58 [info]  Click on Sell Motorcycle button
Oct 09,2018 15:57:05 [info]  Click on Select Enhanced button
Oct 09,2018 15:57:14 [info]  Assert Enter Vehicle Info Tab
Oct 09,2018 15:57:14 [info]  Select Motocycle Class in Class drop down
Oct 09,2018 15:57:15 [info]  Select Listing Year from Year drop down
Oct 09,2018 15:57:15 [info]  Select listing Make from Make drop down
Oct 09,2018 15:57:15 [info]  Select listing Model from Model drop down
Oct 09,2018 15:57:20 [info]  Select listing Trim from Trim drop down
Oct 09,2018 15:57:24 [info]  Enter listing Price in Price field
Oct 09,2018 15:57:29 [info]  Select listing Price Tagline from Price Tagline drop down
Oct 09,2018 15:57:29 [info]  Select listing Category from Category drop down
Oct 09,2018 15:57:30 [info]  Enter listing message in Message field
Oct 09,2018 15:57:30 [info]  Click On Enter Your Contact Info Tab
Oct 09,2018 15:57:30 [info]  Enter First Name and Last Name
Oct 09,2018 15:57:31 [info]  Enter Contact Address
Oct 09,2018 15:57:32 [info]  Enter Contact City
Oct 09,2018 15:57:32 [info]  Select Contact State
Oct 09,2018 15:57:32 [info]  Enter Contact Zip Code
Oct 09,2018 15:57:33 [info]  Enter Contact Phone Number
Oct 09,2018 15:57:33 [info]  Enter Coupon code
Oct 09,2018 15:57:34 [info]  Click on Apply coupon code button
Oct 09,2018 15:57:34 [info]  Click on Checkout button
Oct 09,2018 15:57:34 [info]  Wait for Updating Spinner
Oct 09,2018 15:57:37 [info]  Assert Listing Confirmation Page
Oct 09,2018 15:57:45 [info]  Click on More Hamburger Button
Oct 09,2018 15:57:46 [info]  Assert Hamburger listing and close icon
Oct 09,2018 15:57:46 [info]  Click on Sign out of My Trader link
Oct 09,2018 15:57:50 [info]  Assert successfully signout
Oct 09,2018 15:57:59 [info]  Launching browser chrome 69.0.3497.100
Oct 09,2018 15:58:14 [info]  open application url: https://chrisryan-dev.dev.cycletrader.com/
Oct 09,2018 15:58:14 [info]  Click on More Hamburger Button
Oct 09,2018 15:58:15 [info]  Assert Hamburger listing and close icon
Oct 09,2018 15:58:15 [info]  Welcome to My Trader text on My Trader page
Oct 09,2018 15:58:22 [info]  Click On Join My Trader Button
Oct 09,2018 15:58:26 [info]  Get Password
Oct 09,2018 15:58:26 [info]  Get Re-password
Oct 09,2018 15:58:26 [info]  Enter Email ID
Oct 09,2018 15:58:27 [info]  Enter Password
Oct 09,2018 15:58:27 [info]  Enter Re-Password
Oct 09,2018 15:58:27 [info]  Click On Join My Tader Button at Join Trader page
Oct 09,2018 15:58:31 [info]  Welcome to My Trader text on My Trader page
Oct 09,2018 15:58:31 [info]  Click on application logo in header
Oct 09,2018 15:58:33 [info]  Click On Sell For Free Menu And Assert Result Page
Oct 09,2018 15:58:33 [info]  Click on Sell Motorcycle button
Oct 09,2018 15:58:45 [info]  Click on Select Best button
Oct 09,2018 15:58:51 [info]  Assert Enter Vehicle Info Tab
Oct 09,2018 15:58:51 [info]  Select Motocycle Class in Class drop down
Oct 09,2018 15:58:51 [info]  Select Listing Year from Year drop down
Oct 09,2018 15:58:51 [info]  Select listing Make from Make drop down
Oct 09,2018 15:58:52 [info]  Select listing Model from Model drop down
Oct 09,2018 15:58:56 [info]  Select listing Trim from Trim drop down
Oct 09,2018 15:59:01 [info]  Enter listing Price in Price field
Oct 09,2018 15:59:05 [info]  Select listing Price Tagline from Price Tagline drop down
Oct 09,2018 15:59:06 [info]  Select listing Category from Category drop down
Oct 09,2018 15:59:06 [info]  Enter listing message in Message field
Oct 09,2018 15:59:07 [info]  Click On Enter Your Contact Info Tab
Oct 09,2018 15:59:07 [info]  Enter First Name and Last Name
Oct 09,2018 15:59:08 [info]  Enter Contact Address
Oct 09,2018 15:59:09 [info]  Enter Contact City
Oct 09,2018 15:59:09 [info]  Select Contact State
Oct 09,2018 15:59:09 [info]  Enter Contact Zip Code
Oct 09,2018 15:59:10 [info]  Enter Contact Phone Number
Oct 09,2018 15:59:10 [info]  Enter Coupon code
Oct 09,2018 15:59:10 [info]  Click on Apply coupon code button
Oct 09,2018 15:59:11 [info]  Click on Checkout button
Oct 09,2018 15:59:11 [info]  Wait for Updating Spinner
Oct 09,2018 15:59:14 [info]  Assert Listing Confirmation Page
Oct 09,2018 15:59:21 [info]  Oct 09,2018 15:59:21 [info]  <<<<<<<<<<<<<<<<<<<<<<<<<<<<<<<<<< Error message >>>>>>>>>>>>>>>>>>>>>>>>>>>>>>
java.lang.AssertionError: expected [true] but found [false]
	at org.testng.Assert.fail(Assert.java:96)
	at org.testng.Assert.failNotEquals(Assert.java:776)
	at org.testng.Assert.assertTrue(Assert.java:44)
	at org.testng.Assert.assertTrue(Assert.java:54)
	at com.trader.pagehelper.SellYourMotorcycleHelper.assertListingConfirmationPage(SellYourMotorcycleHelper.java:283)
	at com.trader.scripts.SmokeTest.postAnListingADWithBestPackageSelected(SmokeTest.java:809)
	at sun.reflect.NativeMethodAccessorImpl.invoke0(Native Method)
	at sun.reflect.NativeMethodAccessorImpl.invoke(Unknown Source)
	at sun.reflect.DelegatingMethodAccessorImpl.invoke(Unknown Source)
	at java.lang.reflect.Method.invoke(Unknown Source)
	at org.testng.internal.MethodInvocationHelper.invokeMethod(MethodInvocationHelper.java:124)
	at org.testng.internal.Invoker.invokeMethod(Invoker.java:583)
	at org.testng.internal.Invoker.invokeTestMethod(Invoker.java:719)
	at org.testng.internal.Invoker.invokeTestMethods(Invoker.java:989)
	at org.testng.internal.TestMethodWorker.invokeTestMethods(TestMethodWorker.java:125)
	at org.testng.internal.TestMethodWorker.run(TestMethodWorker.java:109)
	at org.testng.TestRunner.privateRun(TestRunner.java:648)
	at org.testng.TestRunner.run(TestRunner.java:505)
	at org.testng.SuiteRunner.runTest(SuiteRunner.java:455)
	at org.testng.SuiteRunner.runSequentially(SuiteRunner.java:450)
	at org.testng.SuiteRunner.privateRun(SuiteRunner.java:415)
	at org.testng.SuiteRunner.run(SuiteRunner.java:364)
	at org.testng.SuiteRunnerWorker.runSuite(SuiteRunnerWorker.java:52)
	at org.testng.SuiteRunnerWorker.run(SuiteRunnerWorker.java:84)
	at org.testng.TestNG.runSuitesSequentially(TestNG.java:1208)
	at org.testng.TestNG.runSuitesLocally(TestNG.java:1137)
	at org.testng.TestNG.runSuites(TestNG.java:1049)
	at org.testng.TestNG.run(TestNG.java:1017)
	at org.testng.remote.AbstractRemoteTestNG.run(AbstractRemoteTestNG.java:114)
	at org.testng.remote.RemoteTestNG.initAndRun(RemoteTestNG.java:251)
	at org.testng.remote.RemoteTestNG.main(RemoteTestNG.java:77)
Oct 09,2018 15:59:30 [info]  Launching browser chrome 69.0.3497.100
Oct 09,2018 15:59:47 [info]  open application url: https://chrisryan-dev.dev.cycletrader.com/
Oct 09,2018 15:59:47 [info]  Click on More Hamburger Button
Oct 09,2018 15:59:47 [info]  Assert Hamburger listing and close icon
Oct 09,2018 15:59:47 [info]  Welcome to My Trader text on My Trader page
Oct 09,2018 15:59:55 [info]  Click On Join My Trader Button
Oct 09,2018 15:59:59 [info]  Get Password
Oct 09,2018 15:59:59 [info]  Get Re-password
Oct 09,2018 15:59:59 [info]  Enter Email ID
Oct 09,2018 15:59:59 [info]  Enter Password
Oct 09,2018 16:00:00 [info]  Enter Re-Password
Oct 09,2018 16:00:00 [info]  Click On Join My Tader Button at Join Trader page
Oct 09,2018 16:00:04 [info]  Welcome to My Trader text on My Trader page
Oct 09,2018 16:00:04 [info]  Click on application logo in header
Oct 09,2018 16:00:19 [info]  Search tab enabled
Oct 09,2018 16:00:24 [info]  Get Keyword
Oct 09,2018 16:00:24 [info]  Get Zip Code
Oct 09,2018 16:00:24 [info]  Get Radius
Oct 09,2018 16:00:24 [info]  Enter KeyWord
Oct 09,2018 16:00:25 [info]  Select Options from suggestion
Oct 09,2018 16:00:28 [info]  Enter Zip Code
Oct 09,2018 16:00:28 [info]  Select Radius
Oct 09,2018 16:00:29 [info]  Click on find button
Oct 09,2018 16:00:34 [info]  Ad's Search Result page.
Oct 09,2018 16:00:35 [info]  Click On Save listings link And Assert saved Listings
Oct 09,2018 16:00:43 [info]  Oct 09,2018 16:00:43 [info]  <<<<<<<<<<<<<<<<<<<<<<<<<<<<<<<<<< Error message >>>>>>>>>>>>>>>>>>>>>>>>>>>>>>
org.openqa.selenium.NoSuchElementException: no such element: Unable to locate element: {"method":"xpath","selector":"//div[@id='listView']/div[1]/div/div[1]/div[2]/a"}
  (Session info: chrome=69.0.3497.100)
  (Driver info: chromedriver=2.38.552522 (437e6fbedfa8762dec75e2c5b3ddb86763dc9dcb),platform=Windows NT 6.1.7601 SP1 x86_64) (WARNING: The server did not provide any stacktrace information)
Command duration or timeout: 0 milliseconds
For documentation on this error, please visit: http://seleniumhq.org/exceptions/no_such_element.html
Build info: version: '3.10.0', revision: '176b4a9', time: '2018-03-02T19:03:16.397Z'
System info: host: '360NDCLP093', ip: '10.46.18.75', os.name: 'Windows 7', os.arch: 'amd64', os.version: '6.1', java.version: '1.8.0_181'
Driver info: org.openqa.selenium.chrome.ChromeDriver
Capabilities {acceptInsecureCerts: false, acceptSslCerts: false, applicationCacheEnabled: false, browserConnectionEnabled: false, browserName: chrome, chrome: {chromedriverVersion: 2.38.552522 (437e6fbedfa876..., userDataDir: C:\Users\viveks\AppData\Loc...}, cssSelectorsEnabled: true, databaseEnabled: false, handlesAlerts: true, hasTouchScreen: false, javascriptEnabled: true, locationContextEnabled: true, mobileEmulationEnabled: false, nativeEvents: true, networkConnectionEnabled: false, pageLoadStrategy: normal, platform: XP, platformName: XP, rotatable: false, setWindowRect: true, takesHeapSnapshot: true, takesScreenshot: true, unexpectedAlertBehaviour: , unhandledPromptBehavior: , version: 69.0.3497.100, webStorageEnabled: true}
Session ID: 0f289e9ada8035a4b537668540440eae
*** Element info: {Using=xpath, value=//div[@id='listView']/div[1]/div/div[1]/div[2]/a}
	at sun.reflect.NativeConstructorAccessorImpl.newInstance0(Native Method)
	at sun.reflect.NativeConstructorAccessorImpl.newInstance(Unknown Source)
	at sun.reflect.DelegatingConstructorAccessorImpl.newInstance(Unknown Source)
	at java.lang.reflect.Constructor.newInstance(Unknown Source)
	at org.openqa.selenium.remote.ErrorHandler.createThrowable(ErrorHandler.java:214)
	at org.openqa.selenium.remote.ErrorHandler.throwIfResponseFailed(ErrorHandler.java:166)
	at org.openqa.selenium.remote.http.JsonHttpResponseCodec.reconstructValue(JsonHttpResponseCodec.java:40)
	at org.openqa.selenium.remote.http.AbstractHttpResponseCodec.decode(AbstractHttpResponseCodec.java:80)
	at org.openqa.selenium.remote.http.AbstractHttpResponseCodec.decode(AbstractHttpResponseCodec.java:44)
	at org.openqa.selenium.remote.HttpCommandExecutor.execute(HttpCommandExecutor.java:160)
	at org.openqa.selenium.remote.service.DriverCommandExecutor.execute(DriverCommandExecutor.java:83)
	at org.openqa.selenium.remote.RemoteWebDriver.execute(RemoteWebDriver.java:601)
	at org.openqa.selenium.remote.RemoteWebDriver.findElement(RemoteWebDriver.java:371)
	at org.openqa.selenium.remote.RemoteWebDriver.findElementByXPath(RemoteWebDriver.java:473)
	at org.openqa.selenium.By$ByXPath.findElement(By.java:361)
	at org.openqa.selenium.remote.RemoteWebDriver.findElement(RemoteWebDriver.java:363)
	at com.trader.pagehelper.SearchHelper.clickOnSaveListingLinkAndAssertSavedListing(SearchHelper.java:996)
	at com.trader.scripts.SmokeTest.savedListingShownUnderSavedListingPage(SmokeTest.java:838)
	at sun.reflect.NativeMethodAccessorImpl.invoke0(Native Method)
	at sun.reflect.NativeMethodAccessorImpl.invoke(Unknown Source)
	at sun.reflect.DelegatingMethodAccessorImpl.invoke(Unknown Source)
	at java.lang.reflect.Method.invoke(Unknown Source)
	at org.testng.internal.MethodInvocationHelper.invokeMethod(MethodInvocationHelper.java:124)
	at org.testng.internal.Invoker.invokeMethod(Invoker.java:583)
	at org.testng.internal.Invoker.invokeTestMethod(Invoker.java:719)
	at org.testng.internal.Invoker.invokeTestMethods(Invoker.java:989)
	at org.testng.internal.TestMethodWorker.invokeTestMethods(TestMethodWorker.java:125)
	at org.testng.internal.TestMethodWorker.run(TestMethodWorker.java:109)
	at org.testng.TestRunner.privateRun(TestRunner.java:648)
	at org.testng.TestRunner.run(TestRunner.java:505)
	at org.testng.SuiteRunner.runTest(SuiteRunner.java:455)
	at org.testng.SuiteRunner.runSequentially(SuiteRunner.java:450)
	at org.testng.SuiteRunner.privateRun(SuiteRunner.java:415)
	at org.testng.SuiteRunner.run(SuiteRunner.java:364)
	at org.testng.SuiteRunnerWorker.runSuite(SuiteRunnerWorker.java:52)
	at org.testng.SuiteRunnerWorker.run(SuiteRunnerWorker.java:84)
	at org.testng.TestNG.runSuitesSequentially(TestNG.java:1208)
	at org.testng.TestNG.runSuitesLocally(TestNG.java:1137)
	at org.testng.TestNG.runSuites(TestNG.java:1049)
	at org.testng.TestNG.run(TestNG.java:1017)
	at org.testng.remote.AbstractRemoteTestNG.run(AbstractRemoteTestNG.java:114)
	at org.testng.remote.RemoteTestNG.initAndRun(RemoteTestNG.java:251)
	at org.testng.remote.RemoteTestNG.main(RemoteTestNG.java:77)
Oct 09,2018 16:00:52 [info]  Launching browser chrome 69.0.3497.100
Oct 09,2018 16:01:06 [info]  open application url: https://chrisryan-dev.dev.cycletrader.com/
Oct 09,2018 16:01:06 [info]  Click on More Hamburger Button
Oct 09,2018 16:01:07 [info]  Assert Hamburger listing and close icon
Oct 09,2018 16:01:07 [info]  Welcome to My Trader text on My Trader page
Oct 09,2018 16:01:14 [info]  Click On Join My Trader Button
Oct 09,2018 16:01:18 [info]  Get Password
Oct 09,2018 16:01:18 [info]  Get Re-password
Oct 09,2018 16:01:18 [info]  Enter Email ID
Oct 09,2018 16:01:19 [info]  Enter Password
Oct 09,2018 16:01:19 [info]  Enter Re-Password
Oct 09,2018 16:01:19 [info]  Click On Join My Tader Button at Join Trader page
Oct 09,2018 16:01:25 [info]  Welcome to My Trader text on My Trader page
Oct 09,2018 16:01:25 [info]  Click on application logo in header
Oct 09,2018 16:01:31 [info]  Get Keyword
Oct 09,2018 16:01:31 [info]  Get Zip Code
Oct 09,2018 16:01:31 [info]  Get Radius
Oct 09,2018 16:01:31 [info]  Enter KeyWord
Oct 09,2018 16:01:32 [info]  Select Options from suggestion
Oct 09,2018 16:01:35 [info]  Enter Zip Code
Oct 09,2018 16:01:35 [info]  Select Radius
Oct 09,2018 16:01:35 [info]  Click on find button
Oct 09,2018 16:01:41 [info]  Ad's Search Result page.
Oct 09,2018 16:01:41 [info]  Click On Save This Search And Assert Saved Search
Oct 09,2018 16:01:49 [info]  Click On Saved Icon in header section
Oct 09,2018 16:02:07 [info]  Click on More Hamburger Button
Oct 09,2018 16:02:07 [info]  Assert Hamburger listing and close icon
Oct 09,2018 16:02:07 [info]  Click on Sign out of My Trader link
Oct 09,2018 16:02:12 [info]  Assert successfully signout
Oct 09,2018 16:02:21 [info]  Launching browser chrome 69.0.3497.100
Oct 09,2018 16:02:38 [info]  open application url: https://chrisryan-dev.dev.cycletrader.com/
Oct 09,2018 16:02:38 [info]  Click on More Hamburger Button
Oct 09,2018 16:02:38 [info]  Assert Hamburger listing and close icon
Oct 09,2018 16:02:38 [info]  Welcome to My Trader text on My Trader page
Oct 09,2018 16:03:04 [info]  Click On Join My Trader Button
Oct 09,2018 16:03:28 [info]  Get Password
Oct 09,2018 16:03:28 [info]  Get Re-password
Oct 09,2018 16:03:28 [info]  Enter Email ID
Oct 09,2018 16:03:28 [info]  Enter Password
Oct 09,2018 16:03:28 [info]  Enter Re-Password
Oct 09,2018 16:03:29 [info]  Click On Join My Tader Button at Join Trader page
Oct 09,2018 16:03:32 [info]  Welcome to My Trader text on My Trader page
Oct 09,2018 16:03:32 [info]  Click on application logo in header
Oct 09,2018 16:03:35 [info]  Search tab enabled
Oct 09,2018 16:03:41 [info]  Get Keyword
Oct 09,2018 16:03:41 [info]  Get Zip Code
Oct 09,2018 16:03:41 [info]  Get Radius
Oct 09,2018 16:03:41 [info]  Enter KeyWord
Oct 09,2018 16:03:42 [info]  Select Options from suggestion
Oct 09,2018 16:03:45 [info]  Enter Zip Code
Oct 09,2018 16:03:45 [info]  Select Radius
Oct 09,2018 16:03:45 [info]  Click on find button
Oct 09,2018 16:03:51 [info]  Ad's Search Result page.
Oct 09,2018 16:03:51 [info]  Click On Save listings link And Assert saved Listings
Oct 09,2018 16:04:04 [info]  Oct 09,2018 16:04:04 [info]  <<<<<<<<<<<<<<<<<<<<<<<<<<<<<<<<<< Error message >>>>>>>>>>>>>>>>>>>>>>>>>>>>>>
org.openqa.selenium.NoSuchElementException: no such element: Unable to locate element: {"method":"xpath","selector":"//div[@id='listView']/div[1]/div/div[1]/div[2]/a"}
  (Session info: chrome=69.0.3497.100)
  (Driver info: chromedriver=2.38.552522 (437e6fbedfa8762dec75e2c5b3ddb86763dc9dcb),platform=Windows NT 6.1.7601 SP1 x86_64) (WARNING: The server did not provide any stacktrace information)
Command duration or timeout: 0 milliseconds
For documentation on this error, please visit: http://seleniumhq.org/exceptions/no_such_element.html
Build info: version: '3.10.0', revision: '176b4a9', time: '2018-03-02T19:03:16.397Z'
System info: host: '360NDCLP093', ip: '10.46.18.75', os.name: 'Windows 7', os.arch: 'amd64', os.version: '6.1', java.version: '1.8.0_181'
Driver info: org.openqa.selenium.chrome.ChromeDriver
Capabilities {acceptInsecureCerts: false, acceptSslCerts: false, applicationCacheEnabled: false, browserConnectionEnabled: false, browserName: chrome, chrome: {chromedriverVersion: 2.38.552522 (437e6fbedfa876..., userDataDir: C:\Users\viveks\AppData\Loc...}, cssSelectorsEnabled: true, databaseEnabled: false, handlesAlerts: true, hasTouchScreen: false, javascriptEnabled: true, locationContextEnabled: true, mobileEmulationEnabled: false, nativeEvents: true, networkConnectionEnabled: false, pageLoadStrategy: normal, platform: XP, platformName: XP, rotatable: false, setWindowRect: true, takesHeapSnapshot: true, takesScreenshot: true, unexpectedAlertBehaviour: , unhandledPromptBehavior: , version: 69.0.3497.100, webStorageEnabled: true}
Session ID: 4a8c410ca332655f61807ab58d51a3ad
*** Element info: {Using=xpath, value=//div[@id='listView']/div[1]/div/div[1]/div[2]/a}
	at sun.reflect.NativeConstructorAccessorImpl.newInstance0(Native Method)
	at sun.reflect.NativeConstructorAccessorImpl.newInstance(Unknown Source)
	at sun.reflect.DelegatingConstructorAccessorImpl.newInstance(Unknown Source)
	at java.lang.reflect.Constructor.newInstance(Unknown Source)
	at org.openqa.selenium.remote.ErrorHandler.createThrowable(ErrorHandler.java:214)
	at org.openqa.selenium.remote.ErrorHandler.throwIfResponseFailed(ErrorHandler.java:166)
	at org.openqa.selenium.remote.http.JsonHttpResponseCodec.reconstructValue(JsonHttpResponseCodec.java:40)
	at org.openqa.selenium.remote.http.AbstractHttpResponseCodec.decode(AbstractHttpResponseCodec.java:80)
	at org.openqa.selenium.remote.http.AbstractHttpResponseCodec.decode(AbstractHttpResponseCodec.java:44)
	at org.openqa.selenium.remote.HttpCommandExecutor.execute(HttpCommandExecutor.java:160)
	at org.openqa.selenium.remote.service.DriverCommandExecutor.execute(DriverCommandExecutor.java:83)
	at org.openqa.selenium.remote.RemoteWebDriver.execute(RemoteWebDriver.java:601)
	at org.openqa.selenium.remote.RemoteWebDriver.findElement(RemoteWebDriver.java:371)
	at org.openqa.selenium.remote.RemoteWebDriver.findElementByXPath(RemoteWebDriver.java:473)
	at org.openqa.selenium.By$ByXPath.findElement(By.java:361)
	at org.openqa.selenium.remote.RemoteWebDriver.findElement(RemoteWebDriver.java:363)
	at com.trader.pagehelper.SearchHelper.clickOnSaveListingLinkAndAssertSavedListing(SearchHelper.java:996)
	at com.trader.pagehelper.SearchHelper.saveListing(SearchHelper.java:1075)
	at com.trader.scripts.SmokeTest.allSavedListingAndSearchesOnMyTraderPage(SmokeTest.java:876)
	at sun.reflect.NativeMethodAccessorImpl.invoke0(Native Method)
	at sun.reflect.NativeMethodAccessorImpl.invoke(Unknown Source)
	at sun.reflect.DelegatingMethodAccessorImpl.invoke(Unknown Source)
	at java.lang.reflect.Method.invoke(Unknown Source)
	at org.testng.internal.MethodInvocationHelper.invokeMethod(MethodInvocationHelper.java:124)
	at org.testng.internal.Invoker.invokeMethod(Invoker.java:583)
	at org.testng.internal.Invoker.invokeTestMethod(Invoker.java:719)
	at org.testng.internal.Invoker.invokeTestMethods(Invoker.java:989)
	at org.testng.internal.TestMethodWorker.invokeTestMethods(TestMethodWorker.java:125)
	at org.testng.internal.TestMethodWorker.run(TestMethodWorker.java:109)
	at org.testng.TestRunner.privateRun(TestRunner.java:648)
	at org.testng.TestRunner.run(TestRunner.java:505)
	at org.testng.SuiteRunner.runTest(SuiteRunner.java:455)
	at org.testng.SuiteRunner.runSequentially(SuiteRunner.java:450)
	at org.testng.SuiteRunner.privateRun(SuiteRunner.java:415)
	at org.testng.SuiteRunner.run(SuiteRunner.java:364)
	at org.testng.SuiteRunnerWorker.runSuite(SuiteRunnerWorker.java:52)
	at org.testng.SuiteRunnerWorker.run(SuiteRunnerWorker.java:84)
	at org.testng.TestNG.runSuitesSequentially(TestNG.java:1208)
	at org.testng.TestNG.runSuitesLocally(TestNG.java:1137)
	at org.testng.TestNG.runSuites(TestNG.java:1049)
	at org.testng.TestNG.run(TestNG.java:1017)
	at org.testng.remote.AbstractRemoteTestNG.run(AbstractRemoteTestNG.java:114)
	at org.testng.remote.RemoteTestNG.initAndRun(RemoteTestNG.java:251)
	at org.testng.remote.RemoteTestNG.main(RemoteTestNG.java:77)
Oct 09,2018 16:04:15 [info]  Launching browser chrome 69.0.3497.100
Oct 09,2018 16:04:50 [info]  open application url: https://chrisryan-dev.dev.cycletrader.com/
Oct 09,2018 16:04:50 [info]  Click on find button
Oct 09,2018 16:05:01 [info]  Click on any Listing with Price
Oct 09,2018 16:05:12 [info]  Oct 09,2018 16:05:12 [info]  <<<<<<<<<<<<<<<<<<<<<<<<<<<<<<<<<< Error message >>>>>>>>>>>>>>>>>>>>>>>>>>>>>>
java.lang.NullPointerException
	at com.trader.pagehelper.SearchHelper.clickOnListingWithPriceAndEstimatePaymentIcon(SearchHelper.java:1095)
	at com.trader.scripts.SmokeTest.calculateEstimatePayment(SmokeTest.java:895)
	at sun.reflect.NativeMethodAccessorImpl.invoke0(Native Method)
	at sun.reflect.NativeMethodAccessorImpl.invoke(Unknown Source)
	at sun.reflect.DelegatingMethodAccessorImpl.invoke(Unknown Source)
	at java.lang.reflect.Method.invoke(Unknown Source)
	at org.testng.internal.MethodInvocationHelper.invokeMethod(MethodInvocationHelper.java:124)
	at org.testng.internal.Invoker.invokeMethod(Invoker.java:583)
	at org.testng.internal.Invoker.invokeTestMethod(Invoker.java:719)
	at org.testng.internal.Invoker.invokeTestMethods(Invoker.java:989)
	at org.testng.internal.TestMethodWorker.invokeTestMethods(TestMethodWorker.java:125)
	at org.testng.internal.TestMethodWorker.run(TestMethodWorker.java:109)
	at org.testng.TestRunner.privateRun(TestRunner.java:648)
	at org.testng.TestRunner.run(TestRunner.java:505)
	at org.testng.SuiteRunner.runTest(SuiteRunner.java:455)
	at org.testng.SuiteRunner.runSequentially(SuiteRunner.java:450)
	at org.testng.SuiteRunner.privateRun(SuiteRunner.java:415)
	at org.testng.SuiteRunner.run(SuiteRunner.java:364)
	at org.testng.SuiteRunnerWorker.runSuite(SuiteRunnerWorker.java:52)
	at org.testng.SuiteRunnerWorker.run(SuiteRunnerWorker.java:84)
	at org.testng.TestNG.runSuitesSequentially(TestNG.java:1208)
	at org.testng.TestNG.runSuitesLocally(TestNG.java:1137)
	at org.testng.TestNG.runSuites(TestNG.java:1049)
	at org.testng.TestNG.run(TestNG.java:1017)
	at org.testng.remote.AbstractRemoteTestNG.run(AbstractRemoteTestNG.java:114)
	at org.testng.remote.RemoteTestNG.initAndRun(RemoteTestNG.java:251)
	at org.testng.remote.RemoteTestNG.main(RemoteTestNG.java:77)
Oct 09,2018 16:05:20 [info]  Launching browser chrome 69.0.3497.100
Oct 09,2018 16:05:49 [info]  open application url: https://chrisryan-dev.dev.cycletrader.com/
Oct 09,2018 16:05:49 [info]  Click Login link
Oct 09,2018 16:05:55 [info]  Get user name
Oct 09,2018 16:05:55 [info]  Get password
Oct 09,2018 16:05:55 [info]  Enter Email ID
Oct 09,2018 16:05:55 [info]  Enter Password
Oct 09,2018 16:05:55 [info]  Click on Sign in button
Oct 09,2018 16:06:02 [info]  Welcome to My Trader text on My Trader page
Oct 09,2018 16:06:02 [info]  Click on Sell A Motorcycle Link
Oct 09,2018 16:06:05 [info]  Assert Sell A Motorcycle Page
Oct 09,2018 16:06:06 [info]  Click on More Hamburger Button
Oct 09,2018 16:06:06 [info]  Assert Hamburger listing and close icon
Oct 09,2018 16:06:06 [info]  Click on Sign out of My Trader link
Oct 09,2018 16:06:12 [info]  Assert successfully signout
Oct 09,2018 16:06:20 [info]  Launching browser chrome 69.0.3497.100
Oct 09,2018 16:06:51 [info]  open application url: https://chrisryan-dev.dev.cycletrader.com/
Oct 09,2018 16:06:51 [info]  Click Login link
Oct 09,2018 16:06:56 [info]  Get user name
Oct 09,2018 16:06:56 [info]  Get password
Oct 09,2018 16:06:56 [info]  Enter Email ID
Oct 09,2018 16:06:57 [info]  Enter Password
Oct 09,2018 16:06:57 [info]  Click on Sign in button
Oct 09,2018 16:07:05 [info]  Welcome to My Trader text on My Trader page
Oct 09,2018 16:07:05 [info]  Click on Account Setting Link
Oct 09,2018 16:07:08 [info]  Update First name and last name
Oct 09,2018 16:07:09 [info]  Click on Save Changes Button
Oct 09,2018 16:07:13 [info]  Assert Updates Changes Confirmation Message
Oct 09,2018 16:07:13 [info]  Click on More Hamburger Button
Oct 09,2018 16:07:14 [info]  Assert Hamburger listing and close icon
Oct 09,2018 16:07:14 [info]  Click on Sign out of My Trader link
Oct 09,2018 16:07:17 [info]  Assert successfully signout
Oct 09,2018 16:07:28 [info]  Launching browser chrome 69.0.3497.100
Oct 09,2018 16:07:29 [info]  open application url: https://chrisryan-dev.dev.cycletrader.com/
Oct 09,2018 16:07:29 [info]  Click On Research Menu
Oct 09,2018 16:27:45 [info]  Assert Research page
Oct 09,2018 16:27:45 [info]  Click on Learn More button and assert page.
Oct 09,2018 16:27:50 [info]  Oct 09,2018 16:27:50 [info]  <<<<<<<<<<<<<<<<<<<<<<<<<<<<<<<<<< Error message >>>>>>>>>>>>>>>>>>>>>>>>>>>>>>
java.lang.AssertionError: expected [true] but found [false]
	at org.testng.Assert.fail(Assert.java:96)
	at org.testng.Assert.failNotEquals(Assert.java:776)
	at org.testng.Assert.assertTrue(Assert.java:44)
	at org.testng.Assert.assertTrue(Assert.java:54)
	at com.trader.pagehelper.TraderMenus.clickOnLearnMoreButtonAtResearchPage(TraderMenus.java:96)
	at com.trader.scripts.SmokeTest.assertLearnMoreButtonPages(SmokeTest.java:951)
	at sun.reflect.NativeMethodAccessorImpl.invoke0(Native Method)
	at sun.reflect.NativeMethodAccessorImpl.invoke(Unknown Source)
	at sun.reflect.DelegatingMethodAccessorImpl.invoke(Unknown Source)
	at java.lang.reflect.Method.invoke(Unknown Source)
	at org.testng.internal.MethodInvocationHelper.invokeMethod(MethodInvocationHelper.java:124)
	at org.testng.internal.Invoker.invokeMethod(Invoker.java:583)
	at org.testng.internal.Invoker.invokeTestMethod(Invoker.java:719)
	at org.testng.internal.Invoker.invokeTestMethods(Invoker.java:989)
	at org.testng.internal.TestMethodWorker.invokeTestMethods(TestMethodWorker.java:125)
	at org.testng.internal.TestMethodWorker.run(TestMethodWorker.java:109)
	at org.testng.TestRunner.privateRun(TestRunner.java:648)
	at org.testng.TestRunner.run(TestRunner.java:505)
	at org.testng.SuiteRunner.runTest(SuiteRunner.java:455)
	at org.testng.SuiteRunner.runSequentially(SuiteRunner.java:450)
	at org.testng.SuiteRunner.privateRun(SuiteRunner.java:415)
	at org.testng.SuiteRunner.run(SuiteRunner.java:364)
	at org.testng.SuiteRunnerWorker.runSuite(SuiteRunnerWorker.java:52)
	at org.testng.SuiteRunnerWorker.run(SuiteRunnerWorker.java:84)
	at org.testng.TestNG.runSuitesSequentially(TestNG.java:1208)
	at org.testng.TestNG.runSuitesLocally(TestNG.java:1137)
	at org.testng.TestNG.runSuites(TestNG.java:1049)
	at org.testng.TestNG.run(TestNG.java:1017)
	at org.testng.remote.AbstractRemoteTestNG.run(AbstractRemoteTestNG.java:114)
	at org.testng.remote.RemoteTestNG.initAndRun(RemoteTestNG.java:251)
	at org.testng.remote.RemoteTestNG.main(RemoteTestNG.java:77)
